[0.658s] Invoking command in '/home/flash/ros2_workspace/build/pcl_warping': CMAKE_PREFIX_PATH=${CMAKE_PREFIX_PATH}:/home/flash/ros2_humble/install/rqt_bag_plugins:/home/flash/ros2_humble/install/rqt_bag:/home/flash/ros2_humble/install/ros2bag:/home/flash/ros2_humble/install/tracetools_test:/home/flash/ros2_humble/install/tracetools_launch:/home/flash/ros2_humble/install/topic_monitor:/home/flash/ros2_humble/install/tf2_tools:/home/flash/ros2_humble/install/examples_tf2_py:/home/flash/ros2_humble/install/tf2_ros_py:/home/flash/ros2_humble/install/sros2:/home/flash/ros2_humble/install/rqt_topic:/home/flash/ros2_humble/install/rqt_srv:/home/flash/ros2_humble/install/rqt_shell:/home/flash/ros2_humble/install/rqt_service_caller:/home/flash/ros2_humble/install/rqt_reconfigure:/home/flash/ros2_humble/install/rqt_py_console:/home/flash/ros2_humble/install/rqt_publisher:/home/flash/ros2_humble/install/rqt_plot:/home/flash/ros2_humble/install/rqt_action:/home/flash/ros2_humble/install/rqt_msg:/home/flash/ros2_humble/install/rqt_console:/home/flash/ros2_humble/install/rqt:/home/flash/ros2_humble/install/rqt_graph:/home/flash/ros2_humble/install/rqt_gui_py:/home/flash/ros2_humble/install/rqt_gui:/home/flash/ros2_humble/install/ros2trace:/home/flash/ros2_humble/install/ros2topic:/home/flash/ros2_humble/install/ros2test:/home/flash/ros2_humble/install/ros2component:/home/flash/ros2_humble/install/ros2param:/home/flash/ros2_humble/install/ros2lifecycle:/home/flash/ros2_humble/install/ros2service:/home/flash/ros2_humble/install/ros2run:/home/flash/ros2_humble/install/ros2launch:/home/flash/ros2_humble/install/ros2pkg:/home/flash/ros2_humble/install/ros2node:/home/flash/ros2_humble/install/ros2multicast:/home/flash/ros2_humble/install/ros2interface:/home/flash/ros2_humble/install/ros2doctor:/home/flash/ros2_humble/install/ros2action:/home/flash/ros2_humble/install/ros2cli:/home/flash/ros2_humble/install/quality_of_service_demo_py:/home/flash/ros2_humble/install/lifecycle_py:/home/flash/ros2_humble/install/launch_testing_ros:/home/flash/ros2_humble/install/launch_ros:/home/flash/ros2_humble/install/examples_rclpy_pointcloud_publisher:/home/flash/ros2_humble/install/examples_rclpy_minimal_subscriber:/home/flash/ros2_humble/install/examples_rclpy_minimal_service:/home/flash/ros2_humble/install/examples_rclpy_minimal_publisher:/home/flash/ros2_humble/install/examples_rclpy_minimal_client:/home/flash/ros2_humble/install/examples_rclpy_minimal_action_server:/home/flash/ros2_humble/install/examples_rclpy_minimal_action_client:/home/flash/ros2_humble/install/examples_rclpy_guard_conditions:/home/flash/ros2_humble/install/examples_rclpy_executors:/home/flash/ros2_humble/install/demo_nodes_py:/home/flash/ros2_humble/install/action_tutorials_py:/home/flash/ros2_humble/install/ament_uncrustify:/home/flash/ros2_humble/install/tracetools_trace:/home/flash/ros2_humble/install/tracetools_read:/home/flash/ros2_humble/install/test_tracetools_launch:/home/flash/ros2_humble/install/test_launch_ros:/home/flash/ros2_humble/install/sensor_msgs_py:/home/flash/ros2_humble/install/rpyutils:/home/flash/ros2_humble/install/rosidl_runtime_py:/home/flash/ros2_humble/install/rosidl_cli:/home/flash/ros2_humble/install/launch_pytest:/home/flash/ros2_humble/install/launch_testing:/home/flash/ros2_humble/install/launch_yaml:/home/flash/ros2_humble/install/launch_xml:/home/flash/ros2_humble/install/launch:/home/flash/ros2_humble/install/osrf_pycommon:/home/flash/ros2_humble/install/launch_testing_examples:/home/flash/ros2_humble/install/domain_coordinator:/home/flash/ros2_humble/install/ament_xmllint:/home/flash/ros2_humble/install/ament_pyflakes:/home/flash/ros2_humble/install/ament_pycodestyle:/home/flash/ros2_humble/install/ament_pep257:/home/flash/ros2_humble/install/ament_pclint:/home/flash/ros2_humble/install/ament_package:/home/flash/ros2_humble/install/ament_mypy:/home/flash/ros2_humble/install/ament_lint_cmake:/home/flash/ros2_humble/install/ament_flake8:/home/flash/ros2_humble/install/ament_copyright:/home/flash/ros2_humble/install/ament_lint:/home/flash/ros2_humble/install/ament_index_python:/home/flash/ros2_humble/install/ament_cpplint:/home/flash/ros2_humble/install/ament_cppcheck:/home/flash/ros2_humble/install/ament_clang_tidy:/home/flash/ros2_humble/install/ament_clang_format:/opt/ros/humble /usr/bin/cmake /home/flash/ros2_workspace/src/pcl_warping -DCMAKE_INSTALL_PREFIX=/home/flash/ros2_workspace/install/pcl_warping
[0.900s] -- The C compiler identification is GNU 11.4.0
[1.029s] -- The CXX compiler identification is GNU 11.4.0
[1.051s] -- Detecting C compiler ABI info
[1.243s] -- Detecting C compiler ABI info - done
[1.254s] -- Check for working C compiler: /usr/bin/cc - skipped
[1.254s] -- Detecting C compile features
[1.254s] -- Detecting C compile features - done
[1.259s] -- Detecting CXX compiler ABI info
[1.456s] -- Detecting CXX compiler ABI info - done
[1.463s] -- Check for working CXX compiler: /usr/bin/c++ - skipped
[1.464s] -- Detecting CXX compile features
[1.464s] -- Detecting CXX compile features - done
[1.496s] -- Found ament_cmake: 1.3.8 (/home/flash/ros2_humble/install/ament_cmake/share/ament_cmake/cmake)
[2.241s] -- Found Python3: /usr/bin/python3 (found version "3.10.12") found components: Interpreter 
[2.948s] -- Found rclcpp: 16.0.8 (/home/flash/ros2_humble/install/rclcpp/share/rclcpp/cmake)
[3.239s] -- Found rosidl_generator_c: 3.1.5 (/home/flash/ros2_humble/install/rosidl_generator_c/share/rosidl_generator_c/cmake)
[3.286s] -- Found rosidl_adapter: 3.1.5 (/home/flash/ros2_humble/install/rosidl_adapter/share/rosidl_adapter/cmake)
[3.336s] -- Found rosidl_generator_cpp: 3.1.5 (/home/flash/ros2_humble/install/rosidl_generator_cpp/share/rosidl_generator_cpp/cmake)
[3.416s] -- Using all available rosidl_typesupport_c: rosidl_typesupport_introspection_c;rosidl_typesupport_fastrtps_c
[3.520s] -- Using all available rosidl_typesupport_cpp: rosidl_typesupport_introspection_cpp;rosidl_typesupport_fastrtps_cpp
[3.826s] -- Found rmw_implementation_cmake: 6.1.1 (/home/flash/ros2_humble/install/rmw_implementation_cmake/share/rmw_implementation_cmake/cmake)
[3.866s] -- Found rmw_fastrtps_cpp: 6.2.6 (/home/flash/ros2_humble/install/rmw_fastrtps_cpp/share/rmw_fastrtps_cpp/cmake)
[4.312s] -- Found OpenSSL: /usr/lib/x86_64-linux-gnu/libcrypto.so (found version "3.0.2")  
[4.423s] -- Found FastRTPS: /home/flash/ros2_humble/install/fastrtps/include  
[4.616s] -- Using RMW implementation 'rmw_fastrtps_cpp' as default
[4.705s] -- Looking for pthread.h
[4.914s] -- Looking for pthread.h - found
[4.915s] -- Performing Test CMAKE_HAVE_LIBC_PTHREAD
[5.109s] -- Performing Test CMAKE_HAVE_LIBC_PTHREAD - Success
[5.110s] -- Found Threads: TRUE  
[5.385s] -- Found sensor_msgs: 4.2.3 (/home/flash/ros2_humble/install/sensor_msgs/share/sensor_msgs/cmake)
[5.598s] -- Checking for module 'eigen3'
[5.694s] --   Found eigen3, version 3.4.0
[5.857s] -- Found Eigen: /usr/include/eigen3 (Required is at least version "3.1") 
[5.857s] -- Eigen found (include: /usr/include/eigen3, version: 3.4.0)
[6.197s] -- Found Boost: /usr/lib/x86_64-linux-gnu/cmake/Boost-1.74.0/BoostConfig.cmake (found suitable version "1.74.0", minimum required is "1.65.0") found components: system filesystem date_time iostreams serialization 
[6.273s] -- Checking for module 'flann'
[6.366s] --   Found flann, version 1.9.1
[6.531s] -- Found FLANN: /usr/lib/x86_64-linux-gnu/libflann_cpp.so  
[6.531s] -- FLANN found (include: /usr/include, lib: /usr/lib/x86_64-linux-gnu/libflann_cpp.so)
[6.568s] -- Found GLEW: /usr/lib/x86_64-linux-gnu/libGLEW.so  
[6.594s] -- Found OpenGL: /usr/lib/x86_64-linux-gnu/libOpenGL.so  found components: OpenGL GLX 
[7.103s] -- Found MPI_C: /usr/lib/x86_64-linux-gnu/libmpi.so (found version "3.1") 
[7.103s] -- Found MPI: TRUE (found version "3.1") found components: C 
[7.108s] -- Found JsonCpp: /usr/lib/x86_64-linux-gnu/libjsoncpp.so (found suitable version "1.9.5", minimum required is "0.7.0") 
[7.142s] -- Found ZLIB: /usr/lib/x86_64-linux-gnu/libz.so (found version "1.2.11") 
[7.193s] -- Found PNG: /usr/lib/x86_64-linux-gnu/libpng.so (found version "1.6.37") 
[7.208s] -- Found Eigen3: /usr/include/eigen3 (found version "3.4.0") 
[7.772s] -- Found X11: /usr/include   
[7.772s] -- Looking for XOpenDisplay in /usr/lib/x86_64-linux-gnu/libX11.so;/usr/lib/x86_64-linux-gnu/libXext.so
[8.113s] -- Looking for XOpenDisplay in /usr/lib/x86_64-linux-gnu/libX11.so;/usr/lib/x86_64-linux-gnu/libXext.so - found
[8.113s] -- Looking for gethostbyname
[8.439s] -- Looking for gethostbyname - found
[8.440s] -- Looking for connect
[8.694s] -- Looking for connect - found
[8.694s] -- Looking for remove
[8.884s] -- Looking for remove - found
[8.885s] -- Looking for shmat
[9.094s] -- Looking for shmat - found
[9.095s] -- Looking for IceConnectionNumber in ICE
[9.328s] -- Looking for IceConnectionNumber in ICE - found
[9.682s] -- Found EXPAT: /usr/lib/x86_64-linux-gnu/libexpat.so (found version "2.4.7") 
[9.687s] -- Found double-conversion: /usr/lib/x86_64-linux-gnu/libdouble-conversion.so  
[9.691s] -- Found LZ4: /usr/lib/x86_64-linux-gnu/liblz4.so (found version "1.9.3") 
[9.696s] -- Found LZMA: /usr/lib/x86_64-linux-gnu/liblzma.so (found version "5.2.5") 
[9.720s] -- Found JPEG: /usr/lib/x86_64-linux-gnu/libjpeg.so (found version "80") 
[9.739s] -- Found TIFF: /usr/lib/x86_64-linux-gnu/libtiff.so (found version "4.3.0")  
[9.743s] -- Found Freetype: /usr/lib/x86_64-linux-gnu/libfreetype.so (found version "2.11.1") 
[9.750s] -- Found utf8cpp: /usr/include/utf8cpp  
[10.124s] -- Checking for module 'libusb-1.0'
[10.274s] --   Found libusb-1.0, version 1.0.25
[10.504s] -- Found libusb: /usr/lib/x86_64-linux-gnu/libusb-1.0.so  
[10.506s] -- Found OpenNI: /usr/lib/libOpenNI.so;libusb::libusb (found version "1.5.4.0") 
[10.507s] -- OpenNI found (version: 1.5.4.0, include: /usr/include/ni, lib: /usr/lib/libOpenNI.so;libusb::libusb)
[10.914s] -- Found OpenNI2: /usr/lib/x86_64-linux-gnu/libOpenNI2.so;libusb::libusb (found version "2.2.0.33") 
[10.914s] -- OpenNI2 found (version: 2.2.0.33, include: /usr/include/openni2, lib: /usr/lib/x86_64-linux-gnu/libOpenNI2.so;libusb::libusb)
[10.914s] [0m** WARNING ** io features related to pcap will be disabled[0m
[11.311s] -- Eigen found (include: /usr/include/eigen3, version: 3.4.0)
[11.339s] -- OpenNI found (version: 1.5.4.0, include: /usr/include/ni, lib: /usr/lib/libOpenNI.so;libusb::libusb)
[11.355s] -- OpenNI2 found (version: 2.2.0.33, include: /usr/include/openni2, lib: /usr/lib/x86_64-linux-gnu/libOpenNI2.so;libusb::libusb)
[11.761s] -- Found Qhull version 8.0.2
[12.097s] -- OpenNI found (version: 1.5.4.0, include: /usr/include/ni, lib: /usr/lib/libOpenNI.so;libusb::libusb)
[12.423s] -- looking for PCL_COMMON
[12.424s] -- Found PCL_COMMON: /usr/lib/x86_64-linux-gnu/libpcl_common.so  
[12.424s] -- looking for PCL_KDTREE
[12.425s] -- Found PCL_KDTREE: /usr/lib/x86_64-linux-gnu/libpcl_kdtree.so  
[12.425s] -- looking for PCL_OCTREE
[12.426s] -- Found PCL_OCTREE: /usr/lib/x86_64-linux-gnu/libpcl_octree.so  
[12.426s] -- looking for PCL_SEARCH
[12.427s] -- Found PCL_SEARCH: /usr/lib/x86_64-linux-gnu/libpcl_search.so  
[12.427s] -- looking for PCL_SAMPLE_CONSENSUS
[12.428s] -- Found PCL_SAMPLE_CONSENSUS: /usr/lib/x86_64-linux-gnu/libpcl_sample_consensus.so  
[12.428s] -- looking for PCL_FILTERS
[12.429s] -- Found PCL_FILTERS: /usr/lib/x86_64-linux-gnu/libpcl_filters.so  
[12.429s] -- looking for PCL_2D
[12.429s] -- Found PCL_2D: /usr/include/pcl-1.12  
[12.430s] -- looking for PCL_GEOMETRY
[12.430s] -- Found PCL_GEOMETRY: /usr/include/pcl-1.12  
[12.430s] -- looking for PCL_IO
[12.431s] -- Found PCL_IO: /usr/lib/x86_64-linux-gnu/libpcl_io.so  
[12.431s] -- looking for PCL_FEATURES
[12.431s] -- Found PCL_FEATURES: /usr/lib/x86_64-linux-gnu/libpcl_features.so  
[12.432s] -- looking for PCL_ML
[12.433s] -- Found PCL_ML: /usr/lib/x86_64-linux-gnu/libpcl_ml.so  
[12.433s] -- looking for PCL_SEGMENTATION
[12.433s] -- Found PCL_SEGMENTATION: /usr/lib/x86_64-linux-gnu/libpcl_segmentation.so  
[12.434s] -- looking for PCL_VISUALIZATION
[12.435s] -- Found PCL_VISUALIZATION: /usr/lib/x86_64-linux-gnu/libpcl_visualization.so  
[12.435s] -- looking for PCL_SURFACE
[12.436s] -- Found PCL_SURFACE: /usr/lib/x86_64-linux-gnu/libpcl_surface.so  
[12.436s] -- looking for PCL_REGISTRATION
[12.437s] -- Found PCL_REGISTRATION: /usr/lib/x86_64-linux-gnu/libpcl_registration.so  
[12.437s] -- looking for PCL_KEYPOINTS
[12.437s] -- Found PCL_KEYPOINTS: /usr/lib/x86_64-linux-gnu/libpcl_keypoints.so  
[12.438s] -- looking for PCL_TRACKING
[12.438s] -- Found PCL_TRACKING: /usr/lib/x86_64-linux-gnu/libpcl_tracking.so  
[12.439s] -- looking for PCL_RECOGNITION
[12.439s] -- Found PCL_RECOGNITION: /usr/lib/x86_64-linux-gnu/libpcl_recognition.so  
[12.440s] -- looking for PCL_STEREO
[12.441s] -- Found PCL_STEREO: /usr/lib/x86_64-linux-gnu/libpcl_stereo.so  
[12.441s] -- looking for PCL_APPS
[12.442s] -- Found PCL_APPS: /usr/lib/x86_64-linux-gnu/libpcl_apps.so  
[12.442s] -- looking for PCL_IN_HAND_SCANNER
[12.442s] -- Found PCL_IN_HAND_SCANNER: /usr/include/pcl-1.12  
[12.443s] -- looking for PCL_MODELER
[12.443s] -- Found PCL_MODELER: /usr/include/pcl-1.12  
[12.443s] -- looking for PCL_POINT_CLOUD_EDITOR
[12.443s] -- Found PCL_POINT_CLOUD_EDITOR: /usr/include/pcl-1.12  
[12.443s] -- looking for PCL_OUTOFCORE
[12.444s] -- Found PCL_OUTOFCORE: /usr/lib/x86_64-linux-gnu/libpcl_outofcore.so  
[12.444s] -- looking for PCL_PEOPLE
[12.445s] -- Found PCL_PEOPLE: /usr/lib/x86_64-linux-gnu/libpcl_people.so  
[12.446s] -- Found PCL: pcl_common;pcl_kdtree;pcl_octree;pcl_search;pcl_sample_consensus;pcl_filters;pcl_io;pcl_features;pcl_ml;pcl_segmentation;pcl_visualization;pcl_surface;pcl_registration;pcl_keypoints;pcl_tracking;pcl_recognition;pcl_stereo;pcl_apps;pcl_outofcore;pcl_people;Boost::system;Boost::filesystem;Boost::date_time;Boost::iostreams;Boost::serialization;/usr/lib/libOpenNI.so;libusb::libusb;/usr/lib/x86_64-linux-gnu/libOpenNI2.so;libusb::libusb;VTK::ChartsCore;VTK::CommonColor;VTK::CommonComputationalGeometry;VTK::CommonCore;VTK::CommonDataModel;VTK::CommonExecutionModel;VTK::CommonMath;VTK::CommonMisc;VTK::CommonTransforms;VTK::FiltersCore;VTK::FiltersExtraction;VTK::FiltersGeneral;VTK::FiltersGeometry;VTK::FiltersModeling;VTK::FiltersSources;VTK::ImagingCore;VTK::ImagingSources;VTK::InteractionImage;VTK::InteractionStyle;VTK::InteractionWidgets;VTK::IOCore;VTK::IOGeometry;VTK::IOImage;VTK::IOLegacy;VTK::IOPLY;VTK::RenderingAnnotation;VTK::RenderingCore;VTK::RenderingContext2D;VTK::RenderingLOD;VTK::RenderingFreeType;VTK::ViewsCore;VTK::ViewsContext2D;VTK::RenderingOpenGL2;VTK::GUISupportQt;FLANN::FLANN;QHULL::QHULL  
[12.549s] -- Found pcl_conversions: 2.4.0 (/opt/ros/humble/share/pcl_conversions/cmake)
[13.222s] -- Configuring done
[13.251s] -- Generating done
[13.253s] -- Build files have been written to: /home/flash/ros2_workspace/build/pcl_warping
[13.272s] Invoked command in '/home/flash/ros2_workspace/build/pcl_warping' returned '0': CMAKE_PREFIX_PATH=${CMAKE_PREFIX_PATH}:/home/flash/ros2_humble/install/rqt_bag_plugins:/home/flash/ros2_humble/install/rqt_bag:/home/flash/ros2_humble/install/ros2bag:/home/flash/ros2_humble/install/tracetools_test:/home/flash/ros2_humble/install/tracetools_launch:/home/flash/ros2_humble/install/topic_monitor:/home/flash/ros2_humble/install/tf2_tools:/home/flash/ros2_humble/install/examples_tf2_py:/home/flash/ros2_humble/install/tf2_ros_py:/home/flash/ros2_humble/install/sros2:/home/flash/ros2_humble/install/rqt_topic:/home/flash/ros2_humble/install/rqt_srv:/home/flash/ros2_humble/install/rqt_shell:/home/flash/ros2_humble/install/rqt_service_caller:/home/flash/ros2_humble/install/rqt_reconfigure:/home/flash/ros2_humble/install/rqt_py_console:/home/flash/ros2_humble/install/rqt_publisher:/home/flash/ros2_humble/install/rqt_plot:/home/flash/ros2_humble/install/rqt_action:/home/flash/ros2_humble/install/rqt_msg:/home/flash/ros2_humble/install/rqt_console:/home/flash/ros2_humble/install/rqt:/home/flash/ros2_humble/install/rqt_graph:/home/flash/ros2_humble/install/rqt_gui_py:/home/flash/ros2_humble/install/rqt_gui:/home/flash/ros2_humble/install/ros2trace:/home/flash/ros2_humble/install/ros2topic:/home/flash/ros2_humble/install/ros2test:/home/flash/ros2_humble/install/ros2component:/home/flash/ros2_humble/install/ros2param:/home/flash/ros2_humble/install/ros2lifecycle:/home/flash/ros2_humble/install/ros2service:/home/flash/ros2_humble/install/ros2run:/home/flash/ros2_humble/install/ros2launch:/home/flash/ros2_humble/install/ros2pkg:/home/flash/ros2_humble/install/ros2node:/home/flash/ros2_humble/install/ros2multicast:/home/flash/ros2_humble/install/ros2interface:/home/flash/ros2_humble/install/ros2doctor:/home/flash/ros2_humble/install/ros2action:/home/flash/ros2_humble/install/ros2cli:/home/flash/ros2_humble/install/quality_of_service_demo_py:/home/flash/ros2_humble/install/lifecycle_py:/home/flash/ros2_humble/install/launch_testing_ros:/home/flash/ros2_humble/install/launch_ros:/home/flash/ros2_humble/install/examples_rclpy_pointcloud_publisher:/home/flash/ros2_humble/install/examples_rclpy_minimal_subscriber:/home/flash/ros2_humble/install/examples_rclpy_minimal_service:/home/flash/ros2_humble/install/examples_rclpy_minimal_publisher:/home/flash/ros2_humble/install/examples_rclpy_minimal_client:/home/flash/ros2_humble/install/examples_rclpy_minimal_action_server:/home/flash/ros2_humble/install/examples_rclpy_minimal_action_client:/home/flash/ros2_humble/install/examples_rclpy_guard_conditions:/home/flash/ros2_humble/install/examples_rclpy_executors:/home/flash/ros2_humble/install/demo_nodes_py:/home/flash/ros2_humble/install/action_tutorials_py:/home/flash/ros2_humble/install/ament_uncrustify:/home/flash/ros2_humble/install/tracetools_trace:/home/flash/ros2_humble/install/tracetools_read:/home/flash/ros2_humble/install/test_tracetools_launch:/home/flash/ros2_humble/install/test_launch_ros:/home/flash/ros2_humble/install/sensor_msgs_py:/home/flash/ros2_humble/install/rpyutils:/home/flash/ros2_humble/install/rosidl_runtime_py:/home/flash/ros2_humble/install/rosidl_cli:/home/flash/ros2_humble/install/launch_pytest:/home/flash/ros2_humble/install/launch_testing:/home/flash/ros2_humble/install/launch_yaml:/home/flash/ros2_humble/install/launch_xml:/home/flash/ros2_humble/install/launch:/home/flash/ros2_humble/install/osrf_pycommon:/home/flash/ros2_humble/install/launch_testing_examples:/home/flash/ros2_humble/install/domain_coordinator:/home/flash/ros2_humble/install/ament_xmllint:/home/flash/ros2_humble/install/ament_pyflakes:/home/flash/ros2_humble/install/ament_pycodestyle:/home/flash/ros2_humble/install/ament_pep257:/home/flash/ros2_humble/install/ament_pclint:/home/flash/ros2_humble/install/ament_package:/home/flash/ros2_humble/install/ament_mypy:/home/flash/ros2_humble/install/ament_lint_cmake:/home/flash/ros2_humble/install/ament_flake8:/home/flash/ros2_humble/install/ament_copyright:/home/flash/ros2_humble/install/ament_lint:/home/flash/ros2_humble/install/ament_index_python:/home/flash/ros2_humble/install/ament_cpplint:/home/flash/ros2_humble/install/ament_cppcheck:/home/flash/ros2_humble/install/ament_clang_tidy:/home/flash/ros2_humble/install/ament_clang_format:/opt/ros/humble /usr/bin/cmake /home/flash/ros2_workspace/src/pcl_warping -DCMAKE_INSTALL_PREFIX=/home/flash/ros2_workspace/install/pcl_warping
[13.275s] Invoking command in '/home/flash/ros2_workspace/build/pcl_warping': CMAKE_PREFIX_PATH=${CMAKE_PREFIX_PATH}:/home/flash/ros2_humble/install/rqt_bag_plugins:/home/flash/ros2_humble/install/rqt_bag:/home/flash/ros2_humble/install/ros2bag:/home/flash/ros2_humble/install/tracetools_test:/home/flash/ros2_humble/install/tracetools_launch:/home/flash/ros2_humble/install/topic_monitor:/home/flash/ros2_humble/install/tf2_tools:/home/flash/ros2_humble/install/examples_tf2_py:/home/flash/ros2_humble/install/tf2_ros_py:/home/flash/ros2_humble/install/sros2:/home/flash/ros2_humble/install/rqt_topic:/home/flash/ros2_humble/install/rqt_srv:/home/flash/ros2_humble/install/rqt_shell:/home/flash/ros2_humble/install/rqt_service_caller:/home/flash/ros2_humble/install/rqt_reconfigure:/home/flash/ros2_humble/install/rqt_py_console:/home/flash/ros2_humble/install/rqt_publisher:/home/flash/ros2_humble/install/rqt_plot:/home/flash/ros2_humble/install/rqt_action:/home/flash/ros2_humble/install/rqt_msg:/home/flash/ros2_humble/install/rqt_console:/home/flash/ros2_humble/install/rqt:/home/flash/ros2_humble/install/rqt_graph:/home/flash/ros2_humble/install/rqt_gui_py:/home/flash/ros2_humble/install/rqt_gui:/home/flash/ros2_humble/install/ros2trace:/home/flash/ros2_humble/install/ros2topic:/home/flash/ros2_humble/install/ros2test:/home/flash/ros2_humble/install/ros2component:/home/flash/ros2_humble/install/ros2param:/home/flash/ros2_humble/install/ros2lifecycle:/home/flash/ros2_humble/install/ros2service:/home/flash/ros2_humble/install/ros2run:/home/flash/ros2_humble/install/ros2launch:/home/flash/ros2_humble/install/ros2pkg:/home/flash/ros2_humble/install/ros2node:/home/flash/ros2_humble/install/ros2multicast:/home/flash/ros2_humble/install/ros2interface:/home/flash/ros2_humble/install/ros2doctor:/home/flash/ros2_humble/install/ros2action:/home/flash/ros2_humble/install/ros2cli:/home/flash/ros2_humble/install/quality_of_service_demo_py:/home/flash/ros2_humble/install/lifecycle_py:/home/flash/ros2_humble/install/launch_testing_ros:/home/flash/ros2_humble/install/launch_ros:/home/flash/ros2_humble/install/examples_rclpy_pointcloud_publisher:/home/flash/ros2_humble/install/examples_rclpy_minimal_subscriber:/home/flash/ros2_humble/install/examples_rclpy_minimal_service:/home/flash/ros2_humble/install/examples_rclpy_minimal_publisher:/home/flash/ros2_humble/install/examples_rclpy_minimal_client:/home/flash/ros2_humble/install/examples_rclpy_minimal_action_server:/home/flash/ros2_humble/install/examples_rclpy_minimal_action_client:/home/flash/ros2_humble/install/examples_rclpy_guard_conditions:/home/flash/ros2_humble/install/examples_rclpy_executors:/home/flash/ros2_humble/install/demo_nodes_py:/home/flash/ros2_humble/install/action_tutorials_py:/home/flash/ros2_humble/install/ament_uncrustify:/home/flash/ros2_humble/install/tracetools_trace:/home/flash/ros2_humble/install/tracetools_read:/home/flash/ros2_humble/install/test_tracetools_launch:/home/flash/ros2_humble/install/test_launch_ros:/home/flash/ros2_humble/install/sensor_msgs_py:/home/flash/ros2_humble/install/rpyutils:/home/flash/ros2_humble/install/rosidl_runtime_py:/home/flash/ros2_humble/install/rosidl_cli:/home/flash/ros2_humble/install/launch_pytest:/home/flash/ros2_humble/install/launch_testing:/home/flash/ros2_humble/install/launch_yaml:/home/flash/ros2_humble/install/launch_xml:/home/flash/ros2_humble/install/launch:/home/flash/ros2_humble/install/osrf_pycommon:/home/flash/ros2_humble/install/launch_testing_examples:/home/flash/ros2_humble/install/domain_coordinator:/home/flash/ros2_humble/install/ament_xmllint:/home/flash/ros2_humble/install/ament_pyflakes:/home/flash/ros2_humble/install/ament_pycodestyle:/home/flash/ros2_humble/install/ament_pep257:/home/flash/ros2_humble/install/ament_pclint:/home/flash/ros2_humble/install/ament_package:/home/flash/ros2_humble/install/ament_mypy:/home/flash/ros2_humble/install/ament_lint_cmake:/home/flash/ros2_humble/install/ament_flake8:/home/flash/ros2_humble/install/ament_copyright:/home/flash/ros2_humble/install/ament_lint:/home/flash/ros2_humble/install/ament_index_python:/home/flash/ros2_humble/install/ament_cpplint:/home/flash/ros2_humble/install/ament_cppcheck:/home/flash/ros2_humble/install/ament_clang_tidy:/home/flash/ros2_humble/install/ament_clang_format:/opt/ros/humble /usr/bin/cmake --build /home/flash/ros2_workspace/build/pcl_warping -- -j12 -l12
[13.468s] [ 50%] [32mBuilding CXX object CMakeFiles/lidar_warping_node.dir/src/lidar_warping_node.cpp.o[0m
[31.196s] [100%] [32m[1mLinking CXX executable lidar_warping_node[0m
[33.123s] [100%] Built target lidar_warping_node
[33.153s] Invoked command in '/home/flash/ros2_workspace/build/pcl_warping' returned '0': CMAKE_PREFIX_PATH=${CMAKE_PREFIX_PATH}:/home/flash/ros2_humble/install/rqt_bag_plugins:/home/flash/ros2_humble/install/rqt_bag:/home/flash/ros2_humble/install/ros2bag:/home/flash/ros2_humble/install/tracetools_test:/home/flash/ros2_humble/install/tracetools_launch:/home/flash/ros2_humble/install/topic_monitor:/home/flash/ros2_humble/install/tf2_tools:/home/flash/ros2_humble/install/examples_tf2_py:/home/flash/ros2_humble/install/tf2_ros_py:/home/flash/ros2_humble/install/sros2:/home/flash/ros2_humble/install/rqt_topic:/home/flash/ros2_humble/install/rqt_srv:/home/flash/ros2_humble/install/rqt_shell:/home/flash/ros2_humble/install/rqt_service_caller:/home/flash/ros2_humble/install/rqt_reconfigure:/home/flash/ros2_humble/install/rqt_py_console:/home/flash/ros2_humble/install/rqt_publisher:/home/flash/ros2_humble/install/rqt_plot:/home/flash/ros2_humble/install/rqt_action:/home/flash/ros2_humble/install/rqt_msg:/home/flash/ros2_humble/install/rqt_console:/home/flash/ros2_humble/install/rqt:/home/flash/ros2_humble/install/rqt_graph:/home/flash/ros2_humble/install/rqt_gui_py:/home/flash/ros2_humble/install/rqt_gui:/home/flash/ros2_humble/install/ros2trace:/home/flash/ros2_humble/install/ros2topic:/home/flash/ros2_humble/install/ros2test:/home/flash/ros2_humble/install/ros2component:/home/flash/ros2_humble/install/ros2param:/home/flash/ros2_humble/install/ros2lifecycle:/home/flash/ros2_humble/install/ros2service:/home/flash/ros2_humble/install/ros2run:/home/flash/ros2_humble/install/ros2launch:/home/flash/ros2_humble/install/ros2pkg:/home/flash/ros2_humble/install/ros2node:/home/flash/ros2_humble/install/ros2multicast:/home/flash/ros2_humble/install/ros2interface:/home/flash/ros2_humble/install/ros2doctor:/home/flash/ros2_humble/install/ros2action:/home/flash/ros2_humble/install/ros2cli:/home/flash/ros2_humble/install/quality_of_service_demo_py:/home/flash/ros2_humble/install/lifecycle_py:/home/flash/ros2_humble/install/launch_testing_ros:/home/flash/ros2_humble/install/launch_ros:/home/flash/ros2_humble/install/examples_rclpy_pointcloud_publisher:/home/flash/ros2_humble/install/examples_rclpy_minimal_subscriber:/home/flash/ros2_humble/install/examples_rclpy_minimal_service:/home/flash/ros2_humble/install/examples_rclpy_minimal_publisher:/home/flash/ros2_humble/install/examples_rclpy_minimal_client:/home/flash/ros2_humble/install/examples_rclpy_minimal_action_server:/home/flash/ros2_humble/install/examples_rclpy_minimal_action_client:/home/flash/ros2_humble/install/examples_rclpy_guard_conditions:/home/flash/ros2_humble/install/examples_rclpy_executors:/home/flash/ros2_humble/install/demo_nodes_py:/home/flash/ros2_humble/install/action_tutorials_py:/home/flash/ros2_humble/install/ament_uncrustify:/home/flash/ros2_humble/install/tracetools_trace:/home/flash/ros2_humble/install/tracetools_read:/home/flash/ros2_humble/install/test_tracetools_launch:/home/flash/ros2_humble/install/test_launch_ros:/home/flash/ros2_humble/install/sensor_msgs_py:/home/flash/ros2_humble/install/rpyutils:/home/flash/ros2_humble/install/rosidl_runtime_py:/home/flash/ros2_humble/install/rosidl_cli:/home/flash/ros2_humble/install/launch_pytest:/home/flash/ros2_humble/install/launch_testing:/home/flash/ros2_humble/install/launch_yaml:/home/flash/ros2_humble/install/launch_xml:/home/flash/ros2_humble/install/launch:/home/flash/ros2_humble/install/osrf_pycommon:/home/flash/ros2_humble/install/launch_testing_examples:/home/flash/ros2_humble/install/domain_coordinator:/home/flash/ros2_humble/install/ament_xmllint:/home/flash/ros2_humble/install/ament_pyflakes:/home/flash/ros2_humble/install/ament_pycodestyle:/home/flash/ros2_humble/install/ament_pep257:/home/flash/ros2_humble/install/ament_pclint:/home/flash/ros2_humble/install/ament_package:/home/flash/ros2_humble/install/ament_mypy:/home/flash/ros2_humble/install/ament_lint_cmake:/home/flash/ros2_humble/install/ament_flake8:/home/flash/ros2_humble/install/ament_copyright:/home/flash/ros2_humble/install/ament_lint:/home/flash/ros2_humble/install/ament_index_python:/home/flash/ros2_humble/install/ament_cpplint:/home/flash/ros2_humble/install/ament_cppcheck:/home/flash/ros2_humble/install/ament_clang_tidy:/home/flash/ros2_humble/install/ament_clang_format:/opt/ros/humble /usr/bin/cmake --build /home/flash/ros2_workspace/build/pcl_warping -- -j12 -l12
[33.319s] Invoking command in '/home/flash/ros2_workspace/build/pcl_warping': CMAKE_PREFIX_PATH=${CMAKE_PREFIX_PATH}:/home/flash/ros2_humble/install/rqt_bag_plugins:/home/flash/ros2_humble/install/rqt_bag:/home/flash/ros2_humble/install/ros2bag:/home/flash/ros2_humble/install/tracetools_test:/home/flash/ros2_humble/install/tracetools_launch:/home/flash/ros2_humble/install/topic_monitor:/home/flash/ros2_humble/install/tf2_tools:/home/flash/ros2_humble/install/examples_tf2_py:/home/flash/ros2_humble/install/tf2_ros_py:/home/flash/ros2_humble/install/sros2:/home/flash/ros2_humble/install/rqt_topic:/home/flash/ros2_humble/install/rqt_srv:/home/flash/ros2_humble/install/rqt_shell:/home/flash/ros2_humble/install/rqt_service_caller:/home/flash/ros2_humble/install/rqt_reconfigure:/home/flash/ros2_humble/install/rqt_py_console:/home/flash/ros2_humble/install/rqt_publisher:/home/flash/ros2_humble/install/rqt_plot:/home/flash/ros2_humble/install/rqt_action:/home/flash/ros2_humble/install/rqt_msg:/home/flash/ros2_humble/install/rqt_console:/home/flash/ros2_humble/install/rqt:/home/flash/ros2_humble/install/rqt_graph:/home/flash/ros2_humble/install/rqt_gui_py:/home/flash/ros2_humble/install/rqt_gui:/home/flash/ros2_humble/install/ros2trace:/home/flash/ros2_humble/install/ros2topic:/home/flash/ros2_humble/install/ros2test:/home/flash/ros2_humble/install/ros2component:/home/flash/ros2_humble/install/ros2param:/home/flash/ros2_humble/install/ros2lifecycle:/home/flash/ros2_humble/install/ros2service:/home/flash/ros2_humble/install/ros2run:/home/flash/ros2_humble/install/ros2launch:/home/flash/ros2_humble/install/ros2pkg:/home/flash/ros2_humble/install/ros2node:/home/flash/ros2_humble/install/ros2multicast:/home/flash/ros2_humble/install/ros2interface:/home/flash/ros2_humble/install/ros2doctor:/home/flash/ros2_humble/install/ros2action:/home/flash/ros2_humble/install/ros2cli:/home/flash/ros2_humble/install/quality_of_service_demo_py:/home/flash/ros2_humble/install/lifecycle_py:/home/flash/ros2_humble/install/launch_testing_ros:/home/flash/ros2_humble/install/launch_ros:/home/flash/ros2_humble/install/examples_rclpy_pointcloud_publisher:/home/flash/ros2_humble/install/examples_rclpy_minimal_subscriber:/home/flash/ros2_humble/install/examples_rclpy_minimal_service:/home/flash/ros2_humble/install/examples_rclpy_minimal_publisher:/home/flash/ros2_humble/install/examples_rclpy_minimal_client:/home/flash/ros2_humble/install/examples_rclpy_minimal_action_server:/home/flash/ros2_humble/install/examples_rclpy_minimal_action_client:/home/flash/ros2_humble/install/examples_rclpy_guard_conditions:/home/flash/ros2_humble/install/examples_rclpy_executors:/home/flash/ros2_humble/install/demo_nodes_py:/home/flash/ros2_humble/install/action_tutorials_py:/home/flash/ros2_humble/install/ament_uncrustify:/home/flash/ros2_humble/install/tracetools_trace:/home/flash/ros2_humble/install/tracetools_read:/home/flash/ros2_humble/install/test_tracetools_launch:/home/flash/ros2_humble/install/test_launch_ros:/home/flash/ros2_humble/install/sensor_msgs_py:/home/flash/ros2_humble/install/rpyutils:/home/flash/ros2_humble/install/rosidl_runtime_py:/home/flash/ros2_humble/install/rosidl_cli:/home/flash/ros2_humble/install/launch_pytest:/home/flash/ros2_humble/install/launch_testing:/home/flash/ros2_humble/install/launch_yaml:/home/flash/ros2_humble/install/launch_xml:/home/flash/ros2_humble/install/launch:/home/flash/ros2_humble/install/osrf_pycommon:/home/flash/ros2_humble/install/launch_testing_examples:/home/flash/ros2_humble/install/domain_coordinator:/home/flash/ros2_humble/install/ament_xmllint:/home/flash/ros2_humble/install/ament_pyflakes:/home/flash/ros2_humble/install/ament_pycodestyle:/home/flash/ros2_humble/install/ament_pep257:/home/flash/ros2_humble/install/ament_pclint:/home/flash/ros2_humble/install/ament_package:/home/flash/ros2_humble/install/ament_mypy:/home/flash/ros2_humble/install/ament_lint_cmake:/home/flash/ros2_humble/install/ament_flake8:/home/flash/ros2_humble/install/ament_copyright:/home/flash/ros2_humble/install/ament_lint:/home/flash/ros2_humble/install/ament_index_python:/home/flash/ros2_humble/install/ament_cpplint:/home/flash/ros2_humble/install/ament_cppcheck:/home/flash/ros2_humble/install/ament_clang_tidy:/home/flash/ros2_humble/install/ament_clang_format:/opt/ros/humble /usr/bin/cmake --install /home/flash/ros2_workspace/build/pcl_warping
[33.343s] -- Install configuration: ""
[33.343s] -- Installing: /home/flash/ros2_workspace/install/pcl_warping/lib/pcl_warping/lidar_warping_node
[33.353s] -- Set runtime path of "/home/flash/ros2_workspace/install/pcl_warping/lib/pcl_warping/lidar_warping_node" to ""
[33.354s] -- Installing: /home/flash/ros2_workspace/install/pcl_warping/share/ament_index/resource_index/package_run_dependencies/pcl_warping
[33.354s] -- Installing: /home/flash/ros2_workspace/install/pcl_warping/share/ament_index/resource_index/parent_prefix_path/pcl_warping
[33.354s] -- Installing: /home/flash/ros2_workspace/install/pcl_warping/share/pcl_warping/environment/ament_prefix_path.sh
[33.354s] -- Installing: /home/flash/ros2_workspace/install/pcl_warping/share/pcl_warping/environment/ament_prefix_path.dsv
[33.355s] -- Installing: /home/flash/ros2_workspace/install/pcl_warping/share/pcl_warping/environment/path.sh
[33.355s] -- Installing: /home/flash/ros2_workspace/install/pcl_warping/share/pcl_warping/environment/path.dsv
[33.355s] -- Installing: /home/flash/ros2_workspace/install/pcl_warping/share/pcl_warping/local_setup.bash
[33.355s] -- Installing: /home/flash/ros2_workspace/install/pcl_warping/share/pcl_warping/local_setup.sh
[33.356s] -- Installing: /home/flash/ros2_workspace/install/pcl_warping/share/pcl_warping/local_setup.zsh
[33.356s] -- Installing: /home/flash/ros2_workspace/install/pcl_warping/share/pcl_warping/local_setup.dsv
[33.356s] -- Installing: /home/flash/ros2_workspace/install/pcl_warping/share/pcl_warping/package.dsv
[33.356s] -- Installing: /home/flash/ros2_workspace/install/pcl_warping/share/ament_index/resource_index/packages/pcl_warping
[33.356s] -- Installing: /home/flash/ros2_workspace/install/pcl_warping/share/pcl_warping/cmake/pcl_warpingConfig.cmake
[33.357s] -- Installing: /home/flash/ros2_workspace/install/pcl_warping/share/pcl_warping/cmake/pcl_warpingConfig-version.cmake
[33.357s] -- Installing: /home/flash/ros2_workspace/install/pcl_warping/share/pcl_warping/package.xml
[33.359s] Invoked command in '/home/flash/ros2_workspace/build/pcl_warping' returned '0': CMAKE_PREFIX_PATH=${CMAKE_PREFIX_PATH}:/home/flash/ros2_humble/install/rqt_bag_plugins:/home/flash/ros2_humble/install/rqt_bag:/home/flash/ros2_humble/install/ros2bag:/home/flash/ros2_humble/install/tracetools_test:/home/flash/ros2_humble/install/tracetools_launch:/home/flash/ros2_humble/install/topic_monitor:/home/flash/ros2_humble/install/tf2_tools:/home/flash/ros2_humble/install/examples_tf2_py:/home/flash/ros2_humble/install/tf2_ros_py:/home/flash/ros2_humble/install/sros2:/home/flash/ros2_humble/install/rqt_topic:/home/flash/ros2_humble/install/rqt_srv:/home/flash/ros2_humble/install/rqt_shell:/home/flash/ros2_humble/install/rqt_service_caller:/home/flash/ros2_humble/install/rqt_reconfigure:/home/flash/ros2_humble/install/rqt_py_console:/home/flash/ros2_humble/install/rqt_publisher:/home/flash/ros2_humble/install/rqt_plot:/home/flash/ros2_humble/install/rqt_action:/home/flash/ros2_humble/install/rqt_msg:/home/flash/ros2_humble/install/rqt_console:/home/flash/ros2_humble/install/rqt:/home/flash/ros2_humble/install/rqt_graph:/home/flash/ros2_humble/install/rqt_gui_py:/home/flash/ros2_humble/install/rqt_gui:/home/flash/ros2_humble/install/ros2trace:/home/flash/ros2_humble/install/ros2topic:/home/flash/ros2_humble/install/ros2test:/home/flash/ros2_humble/install/ros2component:/home/flash/ros2_humble/install/ros2param:/home/flash/ros2_humble/install/ros2lifecycle:/home/flash/ros2_humble/install/ros2service:/home/flash/ros2_humble/install/ros2run:/home/flash/ros2_humble/install/ros2launch:/home/flash/ros2_humble/install/ros2pkg:/home/flash/ros2_humble/install/ros2node:/home/flash/ros2_humble/install/ros2multicast:/home/flash/ros2_humble/install/ros2interface:/home/flash/ros2_humble/install/ros2doctor:/home/flash/ros2_humble/install/ros2action:/home/flash/ros2_humble/install/ros2cli:/home/flash/ros2_humble/install/quality_of_service_demo_py:/home/flash/ros2_humble/install/lifecycle_py:/home/flash/ros2_humble/install/launch_testing_ros:/home/flash/ros2_humble/install/launch_ros:/home/flash/ros2_humble/install/examples_rclpy_pointcloud_publisher:/home/flash/ros2_humble/install/examples_rclpy_minimal_subscriber:/home/flash/ros2_humble/install/examples_rclpy_minimal_service:/home/flash/ros2_humble/install/examples_rclpy_minimal_publisher:/home/flash/ros2_humble/install/examples_rclpy_minimal_client:/home/flash/ros2_humble/install/examples_rclpy_minimal_action_server:/home/flash/ros2_humble/install/examples_rclpy_minimal_action_client:/home/flash/ros2_humble/install/examples_rclpy_guard_conditions:/home/flash/ros2_humble/install/examples_rclpy_executors:/home/flash/ros2_humble/install/demo_nodes_py:/home/flash/ros2_humble/install/action_tutorials_py:/home/flash/ros2_humble/install/ament_uncrustify:/home/flash/ros2_humble/install/tracetools_trace:/home/flash/ros2_humble/install/tracetools_read:/home/flash/ros2_humble/install/test_tracetools_launch:/home/flash/ros2_humble/install/test_launch_ros:/home/flash/ros2_humble/install/sensor_msgs_py:/home/flash/ros2_humble/install/rpyutils:/home/flash/ros2_humble/install/rosidl_runtime_py:/home/flash/ros2_humble/install/rosidl_cli:/home/flash/ros2_humble/install/launch_pytest:/home/flash/ros2_humble/install/launch_testing:/home/flash/ros2_humble/install/launch_yaml:/home/flash/ros2_humble/install/launch_xml:/home/flash/ros2_humble/install/launch:/home/flash/ros2_humble/install/osrf_pycommon:/home/flash/ros2_humble/install/launch_testing_examples:/home/flash/ros2_humble/install/domain_coordinator:/home/flash/ros2_humble/install/ament_xmllint:/home/flash/ros2_humble/install/ament_pyflakes:/home/flash/ros2_humble/install/ament_pycodestyle:/home/flash/ros2_humble/install/ament_pep257:/home/flash/ros2_humble/install/ament_pclint:/home/flash/ros2_humble/install/ament_package:/home/flash/ros2_humble/install/ament_mypy:/home/flash/ros2_humble/install/ament_lint_cmake:/home/flash/ros2_humble/install/ament_flake8:/home/flash/ros2_humble/install/ament_copyright:/home/flash/ros2_humble/install/ament_lint:/home/flash/ros2_humble/install/ament_index_python:/home/flash/ros2_humble/install/ament_cpplint:/home/flash/ros2_humble/install/ament_cppcheck:/home/flash/ros2_humble/install/ament_clang_tidy:/home/flash/ros2_humble/install/ament_clang_format:/opt/ros/humble /usr/bin/cmake --install /home/flash/ros2_workspace/build/pcl_warping
