[0.324s] Invoking command in '/home/flash/ros2_workspace/build/pcl_clustering': CMAKE_PREFIX_PATH=/opt/ros/humble /usr/bin/cmake --build /home/flash/ros2_workspace/build/pcl_clustering -- -j12 -l12
[0.516s] [100%] Built target clustering_node
[0.534s] Invoked command in '/home/flash/ros2_workspace/build/pcl_clustering' returned '0': CMAKE_PREFIX_PATH=/opt/ros/humble /usr/bin/cmake --build /home/flash/ros2_workspace/build/pcl_clustering -- -j12 -l12
[0.576s] Invoking command in '/home/flash/ros2_workspace/build/pcl_clustering': CMAKE_PREFIX_PATH=/opt/ros/humble /usr/bin/cmake --install /home/flash/ros2_workspace/build/pcl_clustering
[0.584s] -- Install configuration: ""
[0.586s] -- Up-to-date: /home/flash/ros2_workspace/install/pcl_clustering/lib/pcl_clustering/clustering_node
[0.586s] -- Up-to-date: /home/flash/ros2_workspace/install/pcl_clustering/share/ament_index/resource_index/package_run_dependencies/pcl_clustering
[0.586s] -- Up-to-date: /home/flash/ros2_workspace/install/pcl_clustering/share/ament_index/resource_index/parent_prefix_path/pcl_clustering
[0.587s] -- Up-to-date: /home/flash/ros2_workspace/install/pcl_clustering/share/pcl_clustering/environment/ament_prefix_path.dsv
[0.587s] -- Up-to-date: /home/flash/ros2_workspace/install/pcl_clustering/share/pcl_clustering/environment/path.dsv
[0.587s] -- Up-to-date: /home/flash/ros2_workspace/install/pcl_clustering/share/pcl_clustering/local_setup.bash
[0.587s] -- Up-to-date: /home/flash/ros2_workspace/install/pcl_clustering/share/pcl_clustering/local_setup.sh
[0.587s] -- Up-to-date: /home/flash/ros2_workspace/install/pcl_clustering/share/pcl_clustering/local_setup.zsh
[0.587s] -- Up-to-date: /home/flash/ros2_workspace/install/pcl_clustering/share/pcl_clustering/local_setup.dsv
[0.587s] -- Installing: /home/flash/ros2_workspace/install/pcl_clustering/share/pcl_clustering/package.dsv
[0.587s] -- Up-to-date: /home/flash/ros2_workspace/install/pcl_clustering/share/ament_index/resource_index/packages/pcl_clustering
[0.587s] -- Up-to-date: /home/flash/ros2_workspace/install/pcl_clustering/share/pcl_clustering/cmake/pcl_clusteringConfig.cmake
[0.587s] -- Up-to-date: /home/flash/ros2_workspace/install/pcl_clustering/share/pcl_clustering/cmake/pcl_clusteringConfig-version.cmake
[0.588s] -- Up-to-date: /home/flash/ros2_workspace/install/pcl_clustering/share/pcl_clustering/package.xml
[0.607s] Invoked command in '/home/flash/ros2_workspace/build/pcl_clustering' returned '0': CMAKE_PREFIX_PATH=/opt/ros/humble /usr/bin/cmake --install /home/flash/ros2_workspace/build/pcl_clustering
