[0.227s] DEBUG:colcon:Command line arguments: ['/usr/bin/colcon', 'build']
[0.227s] DEBUG:colcon:Parsed command line arguments: Namespace(log_base=None, log_level=None, verb_name='build', build_base='build', install_base='install', merge_install=False, symlink_install=False, test_result_base=None, continue_on_error=False, executor='parallel', parallel_workers=12, event_handlers=None, ignore_user_meta=False, metas=['./colcon.meta'], base_paths=['.'], packages_ignore=None, packages_ignore_regex=None, paths=None, packages_up_to=None, packages_up_to_regex=None, packages_above=None, packages_above_and_dependencies=None, packages_above_depth=None, packages_select_by_dep=None, packages_skip_by_dep=None, packages_skip_up_to=None, packages_select_build_failed=False, packages_skip_build_finished=False, packages_select_test_failures=False, packages_skip_test_passed=False, packages_select=None, packages_skip=None, packages_select_regex=None, packages_skip_regex=None, packages_start=None, packages_end=None, allow_overriding=[], cmake_args=None, cmake_target=None, cmake_target_skip_unavailable=False, cmake_clean_cache=False, cmake_clean_first=False, cmake_force_configure=False, ament_cmake_args=None, catkin_cmake_args=None, catkin_skip_building_tests=False, mixin_files=None, mixin=None, verb_parser=<colcon_mixin.mixin.mixin_argument.MixinArgumentDecorator object at 0x76d89f8bded0>, verb_extension=<colcon_core.verb.build.BuildVerb object at 0x76d89f8bd9f0>, main=<bound method BuildVerb.main of <colcon_core.verb.build.BuildVerb object at 0x76d89f8bd9f0>>, mixin_verb=('build',))
[0.558s] Level 1:colcon.colcon_core.package_discovery:discover_packages(colcon_meta) check parameters
[0.558s] Level 1:colcon.colcon_core.package_discovery:discover_packages(recursive) check parameters
[0.558s] Level 1:colcon.colcon_core.package_discovery:discover_packages(ignore) check parameters
[0.558s] Level 1:colcon.colcon_core.package_discovery:discover_packages(path) check parameters
[0.558s] Level 1:colcon.colcon_core.package_discovery:discover_packages(colcon_meta) discover
[0.558s] Level 1:colcon.colcon_core.package_discovery:discover_packages(recursive) discover
[0.558s] INFO:colcon.colcon_core.package_discovery:Crawling recursively for packages in '/home/flash/ros2_workspace'
[0.559s] Level 1:colcon.colcon_core.package_identification:_identify(.) by extensions ['ignore', 'ignore_ament_install']
[0.559s] Level 1:colcon.colcon_core.package_identification:_identify(.) by extension 'ignore'
[0.559s] Level 1:colcon.colcon_core.package_identification:_identify(.) by extension 'ignore_ament_install'
[0.559s] Level 1:colcon.colcon_core.package_identification:_identify(.) by extensions ['colcon_pkg']
[0.559s] Level 1:colcon.colcon_core.package_identification:_identify(.) by extension 'colcon_pkg'
[0.559s] Level 1:colcon.colcon_core.package_identification:_identify(.) by extensions ['colcon_meta']
[0.559s] Level 1:colcon.colcon_core.package_identification:_identify(.) by extension 'colcon_meta'
[0.559s] Level 1:colcon.colcon_core.package_identification:_identify(.) by extensions ['ros']
[0.559s] Level 1:colcon.colcon_core.package_identification:_identify(.) by extension 'ros'
[0.571s] Level 1:colcon.colcon_core.package_identification:_identify(.) by extensions ['cmake', 'python']
[0.571s] Level 1:colcon.colcon_core.package_identification:_identify(.) by extension 'cmake'
[0.571s] Level 1:colcon.colcon_core.package_identification:_identify(.) by extension 'python'
[0.572s] Level 1:colcon.colcon_core.package_identification:_identify(.) by extensions ['python_setup_py']
[0.572s] Level 1:colcon.colcon_core.package_identification:_identify(.) by extension 'python_setup_py'
[0.572s] Level 1:colcon.colcon_core.package_identification:_identify(build) by extensions ['ignore', 'ignore_ament_install']
[0.572s] Level 1:colcon.colcon_core.package_identification:_identify(build) by extension 'ignore'
[0.572s] Level 1:colcon.colcon_core.package_identification:_identify(build) ignored
[0.572s] Level 1:colcon.colcon_core.package_identification:_identify(install) by extensions ['ignore', 'ignore_ament_install']
[0.572s] Level 1:colcon.colcon_core.package_identification:_identify(install) by extension 'ignore'
[0.572s] Level 1:colcon.colcon_core.package_identification:_identify(install) ignored
[0.572s] Level 1:colcon.colcon_core.package_identification:_identify(log) by extensions ['ignore', 'ignore_ament_install']
[0.572s] Level 1:colcon.colcon_core.package_identification:_identify(log) by extension 'ignore'
[0.572s] Level 1:colcon.colcon_core.package_identification:_identify(log) ignored
[0.572s] Level 1:colcon.colcon_core.package_identification:_identify(src) by extensions ['ignore', 'ignore_ament_install']
[0.572s] Level 1:colcon.colcon_core.package_identification:_identify(src) by extension 'ignore'
[0.573s] Level 1:colcon.colcon_core.package_identification:_identify(src) by extension 'ignore_ament_install'
[0.573s] Level 1:colcon.colcon_core.package_identification:_identify(src) by extensions ['colcon_pkg']
[0.573s] Level 1:colcon.colcon_core.package_identification:_identify(src) by extension 'colcon_pkg'
[0.573s] Level 1:colcon.colcon_core.package_identification:_identify(src) by extensions ['colcon_meta']
[0.573s] Level 1:colcon.colcon_core.package_identification:_identify(src) by extension 'colcon_meta'
[0.573s] Level 1:colcon.colcon_core.package_identification:_identify(src) by extensions ['ros']
[0.573s] Level 1:colcon.colcon_core.package_identification:_identify(src) by extension 'ros'
[0.573s] Level 1:colcon.colcon_core.package_identification:_identify(src) by extensions ['cmake', 'python']
[0.573s] Level 1:colcon.colcon_core.package_identification:_identify(src) by extension 'cmake'
[0.573s] Level 1:colcon.colcon_core.package_identification:_identify(src) by extension 'python'
[0.573s] Level 1:colcon.colcon_core.package_identification:_identify(src) by extensions ['python_setup_py']
[0.573s] Level 1:colcon.colcon_core.package_identification:_identify(src) by extension 'python_setup_py'
[0.573s] Level 1:colcon.colcon_core.package_identification:_identify(src/build) by extensions ['ignore', 'ignore_ament_install']
[0.573s] Level 1:colcon.colcon_core.package_identification:_identify(src/build) by extension 'ignore'
[0.573s] Level 1:colcon.colcon_core.package_identification:_identify(src/build) ignored
[0.573s] Level 1:colcon.colcon_core.package_identification:_identify(src/install) by extensions ['ignore', 'ignore_ament_install']
[0.573s] Level 1:colcon.colcon_core.package_identification:_identify(src/install) by extension 'ignore'
[0.573s] Level 1:colcon.colcon_core.package_identification:_identify(src/install) ignored
[0.573s] Level 1:colcon.colcon_core.package_identification:_identify(src/lidar_downsampling) by extensions ['ignore', 'ignore_ament_install']
[0.573s] Level 1:colcon.colcon_core.package_identification:_identify(src/lidar_downsampling) by extension 'ignore'
[0.573s] Level 1:colcon.colcon_core.package_identification:_identify(src/lidar_downsampling) by extension 'ignore_ament_install'
[0.574s] Level 1:colcon.colcon_core.package_identification:_identify(src/lidar_downsampling) by extensions ['colcon_pkg']
[0.574s] Level 1:colcon.colcon_core.package_identification:_identify(src/lidar_downsampling) by extension 'colcon_pkg'
[0.574s] Level 1:colcon.colcon_core.package_identification:_identify(src/lidar_downsampling) by extensions ['colcon_meta']
[0.574s] Level 1:colcon.colcon_core.package_identification:_identify(src/lidar_downsampling) by extension 'colcon_meta'
[0.574s] Level 1:colcon.colcon_core.package_identification:_identify(src/lidar_downsampling) by extensions ['ros']
[0.574s] Level 1:colcon.colcon_core.package_identification:_identify(src/lidar_downsampling) by extension 'ros'
[0.576s] DEBUG:colcon.colcon_core.package_identification:Package 'src/lidar_downsampling' with type 'ros.ament_python' and name 'lidar_downsampling'
[0.576s] Level 1:colcon.colcon_core.package_identification:_identify(src/log) by extensions ['ignore', 'ignore_ament_install']
[0.576s] Level 1:colcon.colcon_core.package_identification:_identify(src/log) by extension 'ignore'
[0.576s] Level 1:colcon.colcon_core.package_identification:_identify(src/log) ignored
[0.576s] Level 1:colcon.colcon_core.package_identification:_identify(src/pcl_clustering) by extensions ['ignore', 'ignore_ament_install']
[0.576s] Level 1:colcon.colcon_core.package_identification:_identify(src/pcl_clustering) by extension 'ignore'
[0.577s] Level 1:colcon.colcon_core.package_identification:_identify(src/pcl_clustering) by extension 'ignore_ament_install'
[0.577s] Level 1:colcon.colcon_core.package_identification:_identify(src/pcl_clustering) by extensions ['colcon_pkg']
[0.577s] Level 1:colcon.colcon_core.package_identification:_identify(src/pcl_clustering) by extension 'colcon_pkg'
[0.577s] Level 1:colcon.colcon_core.package_identification:_identify(src/pcl_clustering) by extensions ['colcon_meta']
[0.577s] Level 1:colcon.colcon_core.package_identification:_identify(src/pcl_clustering) by extension 'colcon_meta'
[0.577s] Level 1:colcon.colcon_core.package_identification:_identify(src/pcl_clustering) by extensions ['ros']
[0.577s] Level 1:colcon.colcon_core.package_identification:_identify(src/pcl_clustering) by extension 'ros'
[0.577s] DEBUG:colcon.colcon_core.package_identification:Package 'src/pcl_clustering' with type 'ros.ament_cmake' and name 'pcl_clustering'
[0.577s] Level 1:colcon.colcon_core.package_identification:_identify(src/pcl_downsampling) by extensions ['ignore', 'ignore_ament_install']
[0.578s] Level 1:colcon.colcon_core.package_identification:_identify(src/pcl_downsampling) by extension 'ignore'
[0.578s] Level 1:colcon.colcon_core.package_identification:_identify(src/pcl_downsampling) by extension 'ignore_ament_install'
[0.578s] Level 1:colcon.colcon_core.package_identification:_identify(src/pcl_downsampling) by extensions ['colcon_pkg']
[0.578s] Level 1:colcon.colcon_core.package_identification:_identify(src/pcl_downsampling) by extension 'colcon_pkg'
[0.578s] Level 1:colcon.colcon_core.package_identification:_identify(src/pcl_downsampling) by extensions ['colcon_meta']
[0.578s] Level 1:colcon.colcon_core.package_identification:_identify(src/pcl_downsampling) by extension 'colcon_meta'
[0.578s] Level 1:colcon.colcon_core.package_identification:_identify(src/pcl_downsampling) by extensions ['ros']
[0.578s] Level 1:colcon.colcon_core.package_identification:_identify(src/pcl_downsampling) by extension 'ros'
[0.578s] DEBUG:colcon.colcon_core.package_identification:Package 'src/pcl_downsampling' with type 'ros.ament_cmake' and name 'pcl_downsampling'
[0.579s] Level 1:colcon.colcon_core.package_identification:_identify(src/pcl_warping) by extensions ['ignore', 'ignore_ament_install']
[0.579s] Level 1:colcon.colcon_core.package_identification:_identify(src/pcl_warping) by extension 'ignore'
[0.579s] Level 1:colcon.colcon_core.package_identification:_identify(src/pcl_warping) by extension 'ignore_ament_install'
[0.579s] Level 1:colcon.colcon_core.package_identification:_identify(src/pcl_warping) by extensions ['colcon_pkg']
[0.579s] Level 1:colcon.colcon_core.package_identification:_identify(src/pcl_warping) by extension 'colcon_pkg'
[0.579s] Level 1:colcon.colcon_core.package_identification:_identify(src/pcl_warping) by extensions ['colcon_meta']
[0.579s] Level 1:colcon.colcon_core.package_identification:_identify(src/pcl_warping) by extension 'colcon_meta'
[0.579s] Level 1:colcon.colcon_core.package_identification:_identify(src/pcl_warping) by extensions ['ros']
[0.579s] Level 1:colcon.colcon_core.package_identification:_identify(src/pcl_warping) by extension 'ros'
[0.580s] DEBUG:colcon.colcon_core.package_identification:Package 'src/pcl_warping' with type 'ros.ament_cmake' and name 'pcl_warping'
[0.580s] Level 1:colcon.colcon_core.package_discovery:discover_packages(recursive) using defaults
[0.580s] Level 1:colcon.colcon_core.package_discovery:discover_packages(ignore) discover
[0.580s] Level 1:colcon.colcon_core.package_discovery:discover_packages(ignore) using defaults
[0.580s] Level 1:colcon.colcon_core.package_discovery:discover_packages(path) discover
[0.580s] Level 1:colcon.colcon_core.package_discovery:discover_packages(path) using defaults
[0.623s] Level 1:colcon.colcon_core.package_discovery:discover_packages(prefix_path) check parameters
[0.623s] Level 1:colcon.colcon_core.package_discovery:discover_packages(prefix_path) discover
[0.637s] DEBUG:colcon.colcon_installed_package_information.package_discovery:Found 4 installed packages in /home/flash/ros2_workspace/install
[0.646s] DEBUG:colcon.colcon_installed_package_information.package_discovery:Found 345 installed packages in /home/flash/ros2_humble/install
[0.649s] DEBUG:colcon.colcon_installed_package_information.package_discovery:Found 146 installed packages in /opt/ros/humble
[0.655s] Level 1:colcon.colcon_core.package_discovery:discover_packages(prefix_path) using defaults
[0.698s] Level 5:colcon.colcon_core.verb:set package 'lidar_downsampling' build argument 'cmake_args' from command line to 'None'
[0.698s] Level 5:colcon.colcon_core.verb:set package 'lidar_downsampling' build argument 'cmake_target' from command line to 'None'
[0.698s] Level 5:colcon.colcon_core.verb:set package 'lidar_downsampling' build argument 'cmake_target_skip_unavailable' from command line to 'False'
[0.698s] Level 5:colcon.colcon_core.verb:set package 'lidar_downsampling' build argument 'cmake_clean_cache' from command line to 'False'
[0.698s] Level 5:colcon.colcon_core.verb:set package 'lidar_downsampling' build argument 'cmake_clean_first' from command line to 'False'
[0.698s] Level 5:colcon.colcon_core.verb:set package 'lidar_downsampling' build argument 'cmake_force_configure' from command line to 'False'
[0.698s] Level 5:colcon.colcon_core.verb:set package 'lidar_downsampling' build argument 'ament_cmake_args' from command line to 'None'
[0.698s] Level 5:colcon.colcon_core.verb:set package 'lidar_downsampling' build argument 'catkin_cmake_args' from command line to 'None'
[0.698s] Level 5:colcon.colcon_core.verb:set package 'lidar_downsampling' build argument 'catkin_skip_building_tests' from command line to 'False'
[0.698s] DEBUG:colcon.colcon_core.verb:Building package 'lidar_downsampling' with the following arguments: {'ament_cmake_args': None, 'build_base': '/home/flash/ros2_workspace/build/lidar_downsampling', 'catkin_cmake_args': None, 'catkin_skip_building_tests': False, 'cmake_args': None, 'cmake_clean_cache': False, 'cmake_clean_first': False, 'cmake_force_configure': False, 'cmake_target': None, 'cmake_target_skip_unavailable': False, 'install_base': '/home/flash/ros2_workspace/install/lidar_downsampling', 'merge_install': False, 'path': '/home/flash/ros2_workspace/src/lidar_downsampling', 'symlink_install': False, 'test_result_base': None}
[0.698s] Level 5:colcon.colcon_core.verb:set package 'pcl_clustering' build argument 'cmake_args' from command line to 'None'
[0.698s] Level 5:colcon.colcon_core.verb:set package 'pcl_clustering' build argument 'cmake_target' from command line to 'None'
[0.698s] Level 5:colcon.colcon_core.verb:set package 'pcl_clustering' build argument 'cmake_target_skip_unavailable' from command line to 'False'
[0.698s] Level 5:colcon.colcon_core.verb:set package 'pcl_clustering' build argument 'cmake_clean_cache' from command line to 'False'
[0.698s] Level 5:colcon.colcon_core.verb:set package 'pcl_clustering' build argument 'cmake_clean_first' from command line to 'False'
[0.698s] Level 5:colcon.colcon_core.verb:set package 'pcl_clustering' build argument 'cmake_force_configure' from command line to 'False'
[0.698s] Level 5:colcon.colcon_core.verb:set package 'pcl_clustering' build argument 'ament_cmake_args' from command line to 'None'
[0.698s] Level 5:colcon.colcon_core.verb:set package 'pcl_clustering' build argument 'catkin_cmake_args' from command line to 'None'
[0.698s] Level 5:colcon.colcon_core.verb:set package 'pcl_clustering' build argument 'catkin_skip_building_tests' from command line to 'False'
[0.698s] DEBUG:colcon.colcon_core.verb:Building package 'pcl_clustering' with the following arguments: {'ament_cmake_args': None, 'build_base': '/home/flash/ros2_workspace/build/pcl_clustering', 'catkin_cmake_args': None, 'catkin_skip_building_tests': False, 'cmake_args': None, 'cmake_clean_cache': False, 'cmake_clean_first': False, 'cmake_force_configure': False, 'cmake_target': None, 'cmake_target_skip_unavailable': False, 'install_base': '/home/flash/ros2_workspace/install/pcl_clustering', 'merge_install': False, 'path': '/home/flash/ros2_workspace/src/pcl_clustering', 'symlink_install': False, 'test_result_base': None}
[0.699s] Level 5:colcon.colcon_core.verb:set package 'pcl_downsampling' build argument 'cmake_args' from command line to 'None'
[0.699s] Level 5:colcon.colcon_core.verb:set package 'pcl_downsampling' build argument 'cmake_target' from command line to 'None'
[0.699s] Level 5:colcon.colcon_core.verb:set package 'pcl_downsampling' build argument 'cmake_target_skip_unavailable' from command line to 'False'
[0.699s] Level 5:colcon.colcon_core.verb:set package 'pcl_downsampling' build argument 'cmake_clean_cache' from command line to 'False'
[0.699s] Level 5:colcon.colcon_core.verb:set package 'pcl_downsampling' build argument 'cmake_clean_first' from command line to 'False'
[0.699s] Level 5:colcon.colcon_core.verb:set package 'pcl_downsampling' build argument 'cmake_force_configure' from command line to 'False'
[0.699s] Level 5:colcon.colcon_core.verb:set package 'pcl_downsampling' build argument 'ament_cmake_args' from command line to 'None'
[0.699s] Level 5:colcon.colcon_core.verb:set package 'pcl_downsampling' build argument 'catkin_cmake_args' from command line to 'None'
[0.699s] Level 5:colcon.colcon_core.verb:set package 'pcl_downsampling' build argument 'catkin_skip_building_tests' from command line to 'False'
[0.699s] DEBUG:colcon.colcon_core.verb:Building package 'pcl_downsampling' with the following arguments: {'ament_cmake_args': None, 'build_base': '/home/flash/ros2_workspace/build/pcl_downsampling', 'catkin_cmake_args': None, 'catkin_skip_building_tests': False, 'cmake_args': None, 'cmake_clean_cache': False, 'cmake_clean_first': False, 'cmake_force_configure': False, 'cmake_target': None, 'cmake_target_skip_unavailable': False, 'install_base': '/home/flash/ros2_workspace/install/pcl_downsampling', 'merge_install': False, 'path': '/home/flash/ros2_workspace/src/pcl_downsampling', 'symlink_install': False, 'test_result_base': None}
[0.699s] Level 5:colcon.colcon_core.verb:set package 'pcl_warping' build argument 'cmake_args' from command line to 'None'
[0.699s] Level 5:colcon.colcon_core.verb:set package 'pcl_warping' build argument 'cmake_target' from command line to 'None'
[0.699s] Level 5:colcon.colcon_core.verb:set package 'pcl_warping' build argument 'cmake_target_skip_unavailable' from command line to 'False'
[0.699s] Level 5:colcon.colcon_core.verb:set package 'pcl_warping' build argument 'cmake_clean_cache' from command line to 'False'
[0.699s] Level 5:colcon.colcon_core.verb:set package 'pcl_warping' build argument 'cmake_clean_first' from command line to 'False'
[0.699s] Level 5:colcon.colcon_core.verb:set package 'pcl_warping' build argument 'cmake_force_configure' from command line to 'False'
[0.699s] Level 5:colcon.colcon_core.verb:set package 'pcl_warping' build argument 'ament_cmake_args' from command line to 'None'
[0.699s] Level 5:colcon.colcon_core.verb:set package 'pcl_warping' build argument 'catkin_cmake_args' from command line to 'None'
[0.699s] Level 5:colcon.colcon_core.verb:set package 'pcl_warping' build argument 'catkin_skip_building_tests' from command line to 'False'
[0.699s] DEBUG:colcon.colcon_core.verb:Building package 'pcl_warping' with the following arguments: {'ament_cmake_args': None, 'build_base': '/home/flash/ros2_workspace/build/pcl_warping', 'catkin_cmake_args': None, 'catkin_skip_building_tests': False, 'cmake_args': None, 'cmake_clean_cache': False, 'cmake_clean_first': False, 'cmake_force_configure': False, 'cmake_target': None, 'cmake_target_skip_unavailable': False, 'install_base': '/home/flash/ros2_workspace/install/pcl_warping', 'merge_install': False, 'path': '/home/flash/ros2_workspace/src/pcl_warping', 'symlink_install': False, 'test_result_base': None}
[0.699s] INFO:colcon.colcon_core.executor:Executing jobs using 'parallel' executor
[0.700s] DEBUG:colcon.colcon_parallel_executor.executor.parallel:run_until_complete
[0.701s] INFO:colcon.colcon_ros.task.ament_python.build:Building ROS package in '/home/flash/ros2_workspace/src/lidar_downsampling' with build type 'ament_python'
[0.701s] Level 1:colcon.colcon_core.shell:create_environment_hook('lidar_downsampling', 'ament_prefix_path')
[0.706s] INFO:colcon.colcon_core.plugin_system:Skipping extension 'colcon_core.shell.bat': Not used on non-Windows systems
[0.707s] INFO:colcon.colcon_core.shell:Creating environment hook '/home/flash/ros2_workspace/install/lidar_downsampling/share/lidar_downsampling/hook/ament_prefix_path.ps1'
[0.707s] INFO:colcon.colcon_core.shell:Creating environment descriptor '/home/flash/ros2_workspace/install/lidar_downsampling/share/lidar_downsampling/hook/ament_prefix_path.dsv'
[0.708s] INFO:colcon.colcon_core.shell:Creating environment hook '/home/flash/ros2_workspace/install/lidar_downsampling/share/lidar_downsampling/hook/ament_prefix_path.sh'
[0.708s] INFO:colcon.colcon_core.shell:Skip shell extension 'powershell' for command environment: Not usable outside of PowerShell
[0.708s] DEBUG:colcon.colcon_core.shell:Skip shell extension 'dsv' for command environment
[0.733s] INFO:colcon.colcon_ros.task.ament_cmake.build:Building ROS package in '/home/flash/ros2_workspace/src/pcl_clustering' with build type 'ament_cmake'
[0.733s] INFO:colcon.colcon_cmake.task.cmake.build:Building CMake package in '/home/flash/ros2_workspace/src/pcl_clustering'
[0.733s] INFO:colcon.colcon_core.shell:Skip shell extension 'powershell' for command environment: Not usable outside of PowerShell
[0.733s] DEBUG:colcon.colcon_core.shell:Skip shell extension 'dsv' for command environment
[0.757s] INFO:colcon.colcon_ros.task.ament_cmake.build:Building ROS package in '/home/flash/ros2_workspace/src/pcl_downsampling' with build type 'ament_cmake'
[0.757s] INFO:colcon.colcon_cmake.task.cmake.build:Building CMake package in '/home/flash/ros2_workspace/src/pcl_downsampling'
[0.758s] INFO:colcon.colcon_core.shell:Skip shell extension 'powershell' for command environment: Not usable outside of PowerShell
[0.758s] DEBUG:colcon.colcon_core.shell:Skip shell extension 'dsv' for command environment
[0.781s] INFO:colcon.colcon_ros.task.ament_cmake.build:Building ROS package in '/home/flash/ros2_workspace/src/pcl_warping' with build type 'ament_cmake'
[0.781s] INFO:colcon.colcon_cmake.task.cmake.build:Building CMake package in '/home/flash/ros2_workspace/src/pcl_warping'
[0.781s] INFO:colcon.colcon_core.shell:Skip shell extension 'powershell' for command environment: Not usable outside of PowerShell
[0.781s] DEBUG:colcon.colcon_core.shell:Skip shell extension 'dsv' for command environment
[1.422s] INFO:colcon.colcon_core.task.python.build:Building Python package in '/home/flash/ros2_workspace/src/lidar_downsampling'
[1.423s] INFO:colcon.colcon_core.shell:Skip shell extension 'powershell' for command environment: Not usable outside of PowerShell
[1.423s] DEBUG:colcon.colcon_core.shell:Skip shell extension 'dsv' for command environment
[1.454s] DEBUG:colcon.colcon_core.event_handler.log_command:Invoking command in '/home/flash/ros2_workspace/build/pcl_clustering': CMAKE_PREFIX_PATH=${CMAKE_PREFIX_PATH}:/home/flash/ros2_workspace/install/lidar_downsampling:/home/flash/ros2_humble/install/rqt_bag_plugins:/home/flash/ros2_humble/install/rqt_bag:/home/flash/ros2_humble/install/ros2bag:/home/flash/ros2_humble/install/tracetools_test:/home/flash/ros2_humble/install/tracetools_launch:/home/flash/ros2_humble/install/topic_monitor:/home/flash/ros2_humble/install/tf2_tools:/home/flash/ros2_humble/install/examples_tf2_py:/home/flash/ros2_humble/install/tf2_ros_py:/home/flash/ros2_humble/install/sros2:/home/flash/ros2_humble/install/rqt_topic:/home/flash/ros2_humble/install/rqt_srv:/home/flash/ros2_humble/install/rqt_shell:/home/flash/ros2_humble/install/rqt_service_caller:/home/flash/ros2_humble/install/rqt_reconfigure:/home/flash/ros2_humble/install/rqt_py_console:/home/flash/ros2_humble/install/rqt_publisher:/home/flash/ros2_humble/install/rqt_plot:/home/flash/ros2_humble/install/rqt_action:/home/flash/ros2_humble/install/rqt_msg:/home/flash/ros2_humble/install/rqt_console:/home/flash/ros2_humble/install/rqt:/home/flash/ros2_humble/install/rqt_graph:/home/flash/ros2_humble/install/rqt_gui_py:/home/flash/ros2_humble/install/rqt_gui:/home/flash/ros2_humble/install/ros2trace:/home/flash/ros2_humble/install/ros2topic:/home/flash/ros2_humble/install/ros2test:/home/flash/ros2_humble/install/ros2component:/home/flash/ros2_humble/install/ros2param:/home/flash/ros2_humble/install/ros2lifecycle:/home/flash/ros2_humble/install/ros2service:/home/flash/ros2_humble/install/ros2run:/home/flash/ros2_humble/install/ros2launch:/home/flash/ros2_humble/install/ros2pkg:/home/flash/ros2_humble/install/ros2node:/home/flash/ros2_humble/install/ros2multicast:/home/flash/ros2_humble/install/ros2interface:/home/flash/ros2_humble/install/ros2doctor:/home/flash/ros2_humble/install/ros2action:/home/flash/ros2_humble/install/ros2cli:/home/flash/ros2_humble/install/quality_of_service_demo_py:/home/flash/ros2_humble/install/lifecycle_py:/home/flash/ros2_humble/install/launch_testing_ros:/home/flash/ros2_humble/install/launch_ros:/home/flash/ros2_humble/install/examples_rclpy_pointcloud_publisher:/home/flash/ros2_humble/install/examples_rclpy_minimal_subscriber:/home/flash/ros2_humble/install/examples_rclpy_minimal_service:/home/flash/ros2_humble/install/examples_rclpy_minimal_publisher:/home/flash/ros2_humble/install/examples_rclpy_minimal_client:/home/flash/ros2_humble/install/examples_rclpy_minimal_action_server:/home/flash/ros2_humble/install/examples_rclpy_minimal_action_client:/home/flash/ros2_humble/install/examples_rclpy_guard_conditions:/home/flash/ros2_humble/install/examples_rclpy_executors:/home/flash/ros2_humble/install/demo_nodes_py:/home/flash/ros2_humble/install/action_tutorials_py:/home/flash/ros2_humble/install/ament_uncrustify:/home/flash/ros2_humble/install/tracetools_trace:/home/flash/ros2_humble/install/tracetools_read:/home/flash/ros2_humble/install/test_tracetools_launch:/home/flash/ros2_humble/install/test_launch_ros:/home/flash/ros2_humble/install/sensor_msgs_py:/home/flash/ros2_humble/install/rpyutils:/home/flash/ros2_humble/install/rosidl_runtime_py:/home/flash/ros2_humble/install/rosidl_cli:/home/flash/ros2_humble/install/launch_pytest:/home/flash/ros2_humble/install/launch_testing:/home/flash/ros2_humble/install/launch_yaml:/home/flash/ros2_humble/install/launch_xml:/home/flash/ros2_humble/install/launch:/home/flash/ros2_humble/install/osrf_pycommon:/home/flash/ros2_humble/install/launch_testing_examples:/home/flash/ros2_humble/install/domain_coordinator:/home/flash/ros2_humble/install/ament_xmllint:/home/flash/ros2_humble/install/ament_pyflakes:/home/flash/ros2_humble/install/ament_pycodestyle:/home/flash/ros2_humble/install/ament_pep257:/home/flash/ros2_humble/install/ament_pclint:/home/flash/ros2_humble/install/ament_package:/home/flash/ros2_humble/install/ament_mypy:/home/flash/ros2_humble/install/ament_lint_cmake:/home/flash/ros2_humble/install/ament_flake8:/home/flash/ros2_humble/install/ament_copyright:/home/flash/ros2_humble/install/ament_lint:/home/flash/ros2_humble/install/ament_index_python:/home/flash/ros2_humble/install/ament_cpplint:/home/flash/ros2_humble/install/ament_cppcheck:/home/flash/ros2_humble/install/ament_clang_tidy:/home/flash/ros2_humble/install/ament_clang_format:/opt/ros/humble /usr/bin/cmake --build /home/flash/ros2_workspace/build/pcl_clustering -- -j12 -l12
[1.468s] DEBUG:colcon.colcon_core.event_handler.log_command:Invoking command in '/home/flash/ros2_workspace/build/pcl_downsampling': CMAKE_PREFIX_PATH=${CMAKE_PREFIX_PATH}:/home/flash/ros2_workspace/install/lidar_downsampling:/home/flash/ros2_humble/install/rqt_bag_plugins:/home/flash/ros2_humble/install/rqt_bag:/home/flash/ros2_humble/install/ros2bag:/home/flash/ros2_humble/install/tracetools_test:/home/flash/ros2_humble/install/tracetools_launch:/home/flash/ros2_humble/install/topic_monitor:/home/flash/ros2_humble/install/tf2_tools:/home/flash/ros2_humble/install/examples_tf2_py:/home/flash/ros2_humble/install/tf2_ros_py:/home/flash/ros2_humble/install/sros2:/home/flash/ros2_humble/install/rqt_topic:/home/flash/ros2_humble/install/rqt_srv:/home/flash/ros2_humble/install/rqt_shell:/home/flash/ros2_humble/install/rqt_service_caller:/home/flash/ros2_humble/install/rqt_reconfigure:/home/flash/ros2_humble/install/rqt_py_console:/home/flash/ros2_humble/install/rqt_publisher:/home/flash/ros2_humble/install/rqt_plot:/home/flash/ros2_humble/install/rqt_action:/home/flash/ros2_humble/install/rqt_msg:/home/flash/ros2_humble/install/rqt_console:/home/flash/ros2_humble/install/rqt:/home/flash/ros2_humble/install/rqt_graph:/home/flash/ros2_humble/install/rqt_gui_py:/home/flash/ros2_humble/install/rqt_gui:/home/flash/ros2_humble/install/ros2trace:/home/flash/ros2_humble/install/ros2topic:/home/flash/ros2_humble/install/ros2test:/home/flash/ros2_humble/install/ros2component:/home/flash/ros2_humble/install/ros2param:/home/flash/ros2_humble/install/ros2lifecycle:/home/flash/ros2_humble/install/ros2service:/home/flash/ros2_humble/install/ros2run:/home/flash/ros2_humble/install/ros2launch:/home/flash/ros2_humble/install/ros2pkg:/home/flash/ros2_humble/install/ros2node:/home/flash/ros2_humble/install/ros2multicast:/home/flash/ros2_humble/install/ros2interface:/home/flash/ros2_humble/install/ros2doctor:/home/flash/ros2_humble/install/ros2action:/home/flash/ros2_humble/install/ros2cli:/home/flash/ros2_humble/install/quality_of_service_demo_py:/home/flash/ros2_humble/install/lifecycle_py:/home/flash/ros2_humble/install/launch_testing_ros:/home/flash/ros2_humble/install/launch_ros:/home/flash/ros2_humble/install/examples_rclpy_pointcloud_publisher:/home/flash/ros2_humble/install/examples_rclpy_minimal_subscriber:/home/flash/ros2_humble/install/examples_rclpy_minimal_service:/home/flash/ros2_humble/install/examples_rclpy_minimal_publisher:/home/flash/ros2_humble/install/examples_rclpy_minimal_client:/home/flash/ros2_humble/install/examples_rclpy_minimal_action_server:/home/flash/ros2_humble/install/examples_rclpy_minimal_action_client:/home/flash/ros2_humble/install/examples_rclpy_guard_conditions:/home/flash/ros2_humble/install/examples_rclpy_executors:/home/flash/ros2_humble/install/demo_nodes_py:/home/flash/ros2_humble/install/action_tutorials_py:/home/flash/ros2_humble/install/ament_uncrustify:/home/flash/ros2_humble/install/tracetools_trace:/home/flash/ros2_humble/install/tracetools_read:/home/flash/ros2_humble/install/test_tracetools_launch:/home/flash/ros2_humble/install/test_launch_ros:/home/flash/ros2_humble/install/sensor_msgs_py:/home/flash/ros2_humble/install/rpyutils:/home/flash/ros2_humble/install/rosidl_runtime_py:/home/flash/ros2_humble/install/rosidl_cli:/home/flash/ros2_humble/install/launch_pytest:/home/flash/ros2_humble/install/launch_testing:/home/flash/ros2_humble/install/launch_yaml:/home/flash/ros2_humble/install/launch_xml:/home/flash/ros2_humble/install/launch:/home/flash/ros2_humble/install/osrf_pycommon:/home/flash/ros2_humble/install/launch_testing_examples:/home/flash/ros2_humble/install/domain_coordinator:/home/flash/ros2_humble/install/ament_xmllint:/home/flash/ros2_humble/install/ament_pyflakes:/home/flash/ros2_humble/install/ament_pycodestyle:/home/flash/ros2_humble/install/ament_pep257:/home/flash/ros2_humble/install/ament_pclint:/home/flash/ros2_humble/install/ament_package:/home/flash/ros2_humble/install/ament_mypy:/home/flash/ros2_humble/install/ament_lint_cmake:/home/flash/ros2_humble/install/ament_flake8:/home/flash/ros2_humble/install/ament_copyright:/home/flash/ros2_humble/install/ament_lint:/home/flash/ros2_humble/install/ament_index_python:/home/flash/ros2_humble/install/ament_cpplint:/home/flash/ros2_humble/install/ament_cppcheck:/home/flash/ros2_humble/install/ament_clang_tidy:/home/flash/ros2_humble/install/ament_clang_format:/opt/ros/humble /usr/bin/cmake --build /home/flash/ros2_workspace/build/pcl_downsampling -- -j12 -l12
[1.474s] DEBUG:colcon.colcon_core.event_handler.log_command:Invoking command in '/home/flash/ros2_workspace/build/pcl_warping': CMAKE_PREFIX_PATH=${CMAKE_PREFIX_PATH}:/home/flash/ros2_workspace/install/lidar_downsampling:/home/flash/ros2_humble/install/rqt_bag_plugins:/home/flash/ros2_humble/install/rqt_bag:/home/flash/ros2_humble/install/ros2bag:/home/flash/ros2_humble/install/tracetools_test:/home/flash/ros2_humble/install/tracetools_launch:/home/flash/ros2_humble/install/topic_monitor:/home/flash/ros2_humble/install/tf2_tools:/home/flash/ros2_humble/install/examples_tf2_py:/home/flash/ros2_humble/install/tf2_ros_py:/home/flash/ros2_humble/install/sros2:/home/flash/ros2_humble/install/rqt_topic:/home/flash/ros2_humble/install/rqt_srv:/home/flash/ros2_humble/install/rqt_shell:/home/flash/ros2_humble/install/rqt_service_caller:/home/flash/ros2_humble/install/rqt_reconfigure:/home/flash/ros2_humble/install/rqt_py_console:/home/flash/ros2_humble/install/rqt_publisher:/home/flash/ros2_humble/install/rqt_plot:/home/flash/ros2_humble/install/rqt_action:/home/flash/ros2_humble/install/rqt_msg:/home/flash/ros2_humble/install/rqt_console:/home/flash/ros2_humble/install/rqt:/home/flash/ros2_humble/install/rqt_graph:/home/flash/ros2_humble/install/rqt_gui_py:/home/flash/ros2_humble/install/rqt_gui:/home/flash/ros2_humble/install/ros2trace:/home/flash/ros2_humble/install/ros2topic:/home/flash/ros2_humble/install/ros2test:/home/flash/ros2_humble/install/ros2component:/home/flash/ros2_humble/install/ros2param:/home/flash/ros2_humble/install/ros2lifecycle:/home/flash/ros2_humble/install/ros2service:/home/flash/ros2_humble/install/ros2run:/home/flash/ros2_humble/install/ros2launch:/home/flash/ros2_humble/install/ros2pkg:/home/flash/ros2_humble/install/ros2node:/home/flash/ros2_humble/install/ros2multicast:/home/flash/ros2_humble/install/ros2interface:/home/flash/ros2_humble/install/ros2doctor:/home/flash/ros2_humble/install/ros2action:/home/flash/ros2_humble/install/ros2cli:/home/flash/ros2_humble/install/quality_of_service_demo_py:/home/flash/ros2_humble/install/lifecycle_py:/home/flash/ros2_humble/install/launch_testing_ros:/home/flash/ros2_humble/install/launch_ros:/home/flash/ros2_humble/install/examples_rclpy_pointcloud_publisher:/home/flash/ros2_humble/install/examples_rclpy_minimal_subscriber:/home/flash/ros2_humble/install/examples_rclpy_minimal_service:/home/flash/ros2_humble/install/examples_rclpy_minimal_publisher:/home/flash/ros2_humble/install/examples_rclpy_minimal_client:/home/flash/ros2_humble/install/examples_rclpy_minimal_action_server:/home/flash/ros2_humble/install/examples_rclpy_minimal_action_client:/home/flash/ros2_humble/install/examples_rclpy_guard_conditions:/home/flash/ros2_humble/install/examples_rclpy_executors:/home/flash/ros2_humble/install/demo_nodes_py:/home/flash/ros2_humble/install/action_tutorials_py:/home/flash/ros2_humble/install/ament_uncrustify:/home/flash/ros2_humble/install/tracetools_trace:/home/flash/ros2_humble/install/tracetools_read:/home/flash/ros2_humble/install/test_tracetools_launch:/home/flash/ros2_humble/install/test_launch_ros:/home/flash/ros2_humble/install/sensor_msgs_py:/home/flash/ros2_humble/install/rpyutils:/home/flash/ros2_humble/install/rosidl_runtime_py:/home/flash/ros2_humble/install/rosidl_cli:/home/flash/ros2_humble/install/launch_pytest:/home/flash/ros2_humble/install/launch_testing:/home/flash/ros2_humble/install/launch_yaml:/home/flash/ros2_humble/install/launch_xml:/home/flash/ros2_humble/install/launch:/home/flash/ros2_humble/install/osrf_pycommon:/home/flash/ros2_humble/install/launch_testing_examples:/home/flash/ros2_humble/install/domain_coordinator:/home/flash/ros2_humble/install/ament_xmllint:/home/flash/ros2_humble/install/ament_pyflakes:/home/flash/ros2_humble/install/ament_pycodestyle:/home/flash/ros2_humble/install/ament_pep257:/home/flash/ros2_humble/install/ament_pclint:/home/flash/ros2_humble/install/ament_package:/home/flash/ros2_humble/install/ament_mypy:/home/flash/ros2_humble/install/ament_lint_cmake:/home/flash/ros2_humble/install/ament_flake8:/home/flash/ros2_humble/install/ament_copyright:/home/flash/ros2_humble/install/ament_lint:/home/flash/ros2_humble/install/ament_index_python:/home/flash/ros2_humble/install/ament_cpplint:/home/flash/ros2_humble/install/ament_cppcheck:/home/flash/ros2_humble/install/ament_clang_tidy:/home/flash/ros2_humble/install/ament_clang_format:/opt/ros/humble /usr/bin/cmake --build /home/flash/ros2_workspace/build/pcl_warping -- -j12 -l12
[1.679s] DEBUG:colcon.colcon_core.event_handler.log_command:Invoked command in '/home/flash/ros2_workspace/build/pcl_downsampling' returned '0': CMAKE_PREFIX_PATH=${CMAKE_PREFIX_PATH}:/home/flash/ros2_workspace/install/lidar_downsampling:/home/flash/ros2_humble/install/rqt_bag_plugins:/home/flash/ros2_humble/install/rqt_bag:/home/flash/ros2_humble/install/ros2bag:/home/flash/ros2_humble/install/tracetools_test:/home/flash/ros2_humble/install/tracetools_launch:/home/flash/ros2_humble/install/topic_monitor:/home/flash/ros2_humble/install/tf2_tools:/home/flash/ros2_humble/install/examples_tf2_py:/home/flash/ros2_humble/install/tf2_ros_py:/home/flash/ros2_humble/install/sros2:/home/flash/ros2_humble/install/rqt_topic:/home/flash/ros2_humble/install/rqt_srv:/home/flash/ros2_humble/install/rqt_shell:/home/flash/ros2_humble/install/rqt_service_caller:/home/flash/ros2_humble/install/rqt_reconfigure:/home/flash/ros2_humble/install/rqt_py_console:/home/flash/ros2_humble/install/rqt_publisher:/home/flash/ros2_humble/install/rqt_plot:/home/flash/ros2_humble/install/rqt_action:/home/flash/ros2_humble/install/rqt_msg:/home/flash/ros2_humble/install/rqt_console:/home/flash/ros2_humble/install/rqt:/home/flash/ros2_humble/install/rqt_graph:/home/flash/ros2_humble/install/rqt_gui_py:/home/flash/ros2_humble/install/rqt_gui:/home/flash/ros2_humble/install/ros2trace:/home/flash/ros2_humble/install/ros2topic:/home/flash/ros2_humble/install/ros2test:/home/flash/ros2_humble/install/ros2component:/home/flash/ros2_humble/install/ros2param:/home/flash/ros2_humble/install/ros2lifecycle:/home/flash/ros2_humble/install/ros2service:/home/flash/ros2_humble/install/ros2run:/home/flash/ros2_humble/install/ros2launch:/home/flash/ros2_humble/install/ros2pkg:/home/flash/ros2_humble/install/ros2node:/home/flash/ros2_humble/install/ros2multicast:/home/flash/ros2_humble/install/ros2interface:/home/flash/ros2_humble/install/ros2doctor:/home/flash/ros2_humble/install/ros2action:/home/flash/ros2_humble/install/ros2cli:/home/flash/ros2_humble/install/quality_of_service_demo_py:/home/flash/ros2_humble/install/lifecycle_py:/home/flash/ros2_humble/install/launch_testing_ros:/home/flash/ros2_humble/install/launch_ros:/home/flash/ros2_humble/install/examples_rclpy_pointcloud_publisher:/home/flash/ros2_humble/install/examples_rclpy_minimal_subscriber:/home/flash/ros2_humble/install/examples_rclpy_minimal_service:/home/flash/ros2_humble/install/examples_rclpy_minimal_publisher:/home/flash/ros2_humble/install/examples_rclpy_minimal_client:/home/flash/ros2_humble/install/examples_rclpy_minimal_action_server:/home/flash/ros2_humble/install/examples_rclpy_minimal_action_client:/home/flash/ros2_humble/install/examples_rclpy_guard_conditions:/home/flash/ros2_humble/install/examples_rclpy_executors:/home/flash/ros2_humble/install/demo_nodes_py:/home/flash/ros2_humble/install/action_tutorials_py:/home/flash/ros2_humble/install/ament_uncrustify:/home/flash/ros2_humble/install/tracetools_trace:/home/flash/ros2_humble/install/tracetools_read:/home/flash/ros2_humble/install/test_tracetools_launch:/home/flash/ros2_humble/install/test_launch_ros:/home/flash/ros2_humble/install/sensor_msgs_py:/home/flash/ros2_humble/install/rpyutils:/home/flash/ros2_humble/install/rosidl_runtime_py:/home/flash/ros2_humble/install/rosidl_cli:/home/flash/ros2_humble/install/launch_pytest:/home/flash/ros2_humble/install/launch_testing:/home/flash/ros2_humble/install/launch_yaml:/home/flash/ros2_humble/install/launch_xml:/home/flash/ros2_humble/install/launch:/home/flash/ros2_humble/install/osrf_pycommon:/home/flash/ros2_humble/install/launch_testing_examples:/home/flash/ros2_humble/install/domain_coordinator:/home/flash/ros2_humble/install/ament_xmllint:/home/flash/ros2_humble/install/ament_pyflakes:/home/flash/ros2_humble/install/ament_pycodestyle:/home/flash/ros2_humble/install/ament_pep257:/home/flash/ros2_humble/install/ament_pclint:/home/flash/ros2_humble/install/ament_package:/home/flash/ros2_humble/install/ament_mypy:/home/flash/ros2_humble/install/ament_lint_cmake:/home/flash/ros2_humble/install/ament_flake8:/home/flash/ros2_humble/install/ament_copyright:/home/flash/ros2_humble/install/ament_lint:/home/flash/ros2_humble/install/ament_index_python:/home/flash/ros2_humble/install/ament_cpplint:/home/flash/ros2_humble/install/ament_cppcheck:/home/flash/ros2_humble/install/ament_clang_tidy:/home/flash/ros2_humble/install/ament_clang_format:/opt/ros/humble /usr/bin/cmake --build /home/flash/ros2_workspace/build/pcl_downsampling -- -j12 -l12
[1.682s] DEBUG:colcon.colcon_core.event_handler.log_command:Invoked command in '/home/flash/ros2_workspace/build/pcl_clustering' returned '0': CMAKE_PREFIX_PATH=${CMAKE_PREFIX_PATH}:/home/flash/ros2_workspace/install/lidar_downsampling:/home/flash/ros2_humble/install/rqt_bag_plugins:/home/flash/ros2_humble/install/rqt_bag:/home/flash/ros2_humble/install/ros2bag:/home/flash/ros2_humble/install/tracetools_test:/home/flash/ros2_humble/install/tracetools_launch:/home/flash/ros2_humble/install/topic_monitor:/home/flash/ros2_humble/install/tf2_tools:/home/flash/ros2_humble/install/examples_tf2_py:/home/flash/ros2_humble/install/tf2_ros_py:/home/flash/ros2_humble/install/sros2:/home/flash/ros2_humble/install/rqt_topic:/home/flash/ros2_humble/install/rqt_srv:/home/flash/ros2_humble/install/rqt_shell:/home/flash/ros2_humble/install/rqt_service_caller:/home/flash/ros2_humble/install/rqt_reconfigure:/home/flash/ros2_humble/install/rqt_py_console:/home/flash/ros2_humble/install/rqt_publisher:/home/flash/ros2_humble/install/rqt_plot:/home/flash/ros2_humble/install/rqt_action:/home/flash/ros2_humble/install/rqt_msg:/home/flash/ros2_humble/install/rqt_console:/home/flash/ros2_humble/install/rqt:/home/flash/ros2_humble/install/rqt_graph:/home/flash/ros2_humble/install/rqt_gui_py:/home/flash/ros2_humble/install/rqt_gui:/home/flash/ros2_humble/install/ros2trace:/home/flash/ros2_humble/install/ros2topic:/home/flash/ros2_humble/install/ros2test:/home/flash/ros2_humble/install/ros2component:/home/flash/ros2_humble/install/ros2param:/home/flash/ros2_humble/install/ros2lifecycle:/home/flash/ros2_humble/install/ros2service:/home/flash/ros2_humble/install/ros2run:/home/flash/ros2_humble/install/ros2launch:/home/flash/ros2_humble/install/ros2pkg:/home/flash/ros2_humble/install/ros2node:/home/flash/ros2_humble/install/ros2multicast:/home/flash/ros2_humble/install/ros2interface:/home/flash/ros2_humble/install/ros2doctor:/home/flash/ros2_humble/install/ros2action:/home/flash/ros2_humble/install/ros2cli:/home/flash/ros2_humble/install/quality_of_service_demo_py:/home/flash/ros2_humble/install/lifecycle_py:/home/flash/ros2_humble/install/launch_testing_ros:/home/flash/ros2_humble/install/launch_ros:/home/flash/ros2_humble/install/examples_rclpy_pointcloud_publisher:/home/flash/ros2_humble/install/examples_rclpy_minimal_subscriber:/home/flash/ros2_humble/install/examples_rclpy_minimal_service:/home/flash/ros2_humble/install/examples_rclpy_minimal_publisher:/home/flash/ros2_humble/install/examples_rclpy_minimal_client:/home/flash/ros2_humble/install/examples_rclpy_minimal_action_server:/home/flash/ros2_humble/install/examples_rclpy_minimal_action_client:/home/flash/ros2_humble/install/examples_rclpy_guard_conditions:/home/flash/ros2_humble/install/examples_rclpy_executors:/home/flash/ros2_humble/install/demo_nodes_py:/home/flash/ros2_humble/install/action_tutorials_py:/home/flash/ros2_humble/install/ament_uncrustify:/home/flash/ros2_humble/install/tracetools_trace:/home/flash/ros2_humble/install/tracetools_read:/home/flash/ros2_humble/install/test_tracetools_launch:/home/flash/ros2_humble/install/test_launch_ros:/home/flash/ros2_humble/install/sensor_msgs_py:/home/flash/ros2_humble/install/rpyutils:/home/flash/ros2_humble/install/rosidl_runtime_py:/home/flash/ros2_humble/install/rosidl_cli:/home/flash/ros2_humble/install/launch_pytest:/home/flash/ros2_humble/install/launch_testing:/home/flash/ros2_humble/install/launch_yaml:/home/flash/ros2_humble/install/launch_xml:/home/flash/ros2_humble/install/launch:/home/flash/ros2_humble/install/osrf_pycommon:/home/flash/ros2_humble/install/launch_testing_examples:/home/flash/ros2_humble/install/domain_coordinator:/home/flash/ros2_humble/install/ament_xmllint:/home/flash/ros2_humble/install/ament_pyflakes:/home/flash/ros2_humble/install/ament_pycodestyle:/home/flash/ros2_humble/install/ament_pep257:/home/flash/ros2_humble/install/ament_pclint:/home/flash/ros2_humble/install/ament_package:/home/flash/ros2_humble/install/ament_mypy:/home/flash/ros2_humble/install/ament_lint_cmake:/home/flash/ros2_humble/install/ament_flake8:/home/flash/ros2_humble/install/ament_copyright:/home/flash/ros2_humble/install/ament_lint:/home/flash/ros2_humble/install/ament_index_python:/home/flash/ros2_humble/install/ament_cpplint:/home/flash/ros2_humble/install/ament_cppcheck:/home/flash/ros2_humble/install/ament_clang_tidy:/home/flash/ros2_humble/install/ament_clang_format:/opt/ros/humble /usr/bin/cmake --build /home/flash/ros2_workspace/build/pcl_clustering -- -j12 -l12
[1.846s] DEBUG:colcon.colcon_core.event_handler.log_command:Invoking command in '/home/flash/ros2_workspace/build/pcl_downsampling': CMAKE_PREFIX_PATH=${CMAKE_PREFIX_PATH}:/home/flash/ros2_workspace/install/lidar_downsampling:/home/flash/ros2_humble/install/rqt_bag_plugins:/home/flash/ros2_humble/install/rqt_bag:/home/flash/ros2_humble/install/ros2bag:/home/flash/ros2_humble/install/tracetools_test:/home/flash/ros2_humble/install/tracetools_launch:/home/flash/ros2_humble/install/topic_monitor:/home/flash/ros2_humble/install/tf2_tools:/home/flash/ros2_humble/install/examples_tf2_py:/home/flash/ros2_humble/install/tf2_ros_py:/home/flash/ros2_humble/install/sros2:/home/flash/ros2_humble/install/rqt_topic:/home/flash/ros2_humble/install/rqt_srv:/home/flash/ros2_humble/install/rqt_shell:/home/flash/ros2_humble/install/rqt_service_caller:/home/flash/ros2_humble/install/rqt_reconfigure:/home/flash/ros2_humble/install/rqt_py_console:/home/flash/ros2_humble/install/rqt_publisher:/home/flash/ros2_humble/install/rqt_plot:/home/flash/ros2_humble/install/rqt_action:/home/flash/ros2_humble/install/rqt_msg:/home/flash/ros2_humble/install/rqt_console:/home/flash/ros2_humble/install/rqt:/home/flash/ros2_humble/install/rqt_graph:/home/flash/ros2_humble/install/rqt_gui_py:/home/flash/ros2_humble/install/rqt_gui:/home/flash/ros2_humble/install/ros2trace:/home/flash/ros2_humble/install/ros2topic:/home/flash/ros2_humble/install/ros2test:/home/flash/ros2_humble/install/ros2component:/home/flash/ros2_humble/install/ros2param:/home/flash/ros2_humble/install/ros2lifecycle:/home/flash/ros2_humble/install/ros2service:/home/flash/ros2_humble/install/ros2run:/home/flash/ros2_humble/install/ros2launch:/home/flash/ros2_humble/install/ros2pkg:/home/flash/ros2_humble/install/ros2node:/home/flash/ros2_humble/install/ros2multicast:/home/flash/ros2_humble/install/ros2interface:/home/flash/ros2_humble/install/ros2doctor:/home/flash/ros2_humble/install/ros2action:/home/flash/ros2_humble/install/ros2cli:/home/flash/ros2_humble/install/quality_of_service_demo_py:/home/flash/ros2_humble/install/lifecycle_py:/home/flash/ros2_humble/install/launch_testing_ros:/home/flash/ros2_humble/install/launch_ros:/home/flash/ros2_humble/install/examples_rclpy_pointcloud_publisher:/home/flash/ros2_humble/install/examples_rclpy_minimal_subscriber:/home/flash/ros2_humble/install/examples_rclpy_minimal_service:/home/flash/ros2_humble/install/examples_rclpy_minimal_publisher:/home/flash/ros2_humble/install/examples_rclpy_minimal_client:/home/flash/ros2_humble/install/examples_rclpy_minimal_action_server:/home/flash/ros2_humble/install/examples_rclpy_minimal_action_client:/home/flash/ros2_humble/install/examples_rclpy_guard_conditions:/home/flash/ros2_humble/install/examples_rclpy_executors:/home/flash/ros2_humble/install/demo_nodes_py:/home/flash/ros2_humble/install/action_tutorials_py:/home/flash/ros2_humble/install/ament_uncrustify:/home/flash/ros2_humble/install/tracetools_trace:/home/flash/ros2_humble/install/tracetools_read:/home/flash/ros2_humble/install/test_tracetools_launch:/home/flash/ros2_humble/install/test_launch_ros:/home/flash/ros2_humble/install/sensor_msgs_py:/home/flash/ros2_humble/install/rpyutils:/home/flash/ros2_humble/install/rosidl_runtime_py:/home/flash/ros2_humble/install/rosidl_cli:/home/flash/ros2_humble/install/launch_pytest:/home/flash/ros2_humble/install/launch_testing:/home/flash/ros2_humble/install/launch_yaml:/home/flash/ros2_humble/install/launch_xml:/home/flash/ros2_humble/install/launch:/home/flash/ros2_humble/install/osrf_pycommon:/home/flash/ros2_humble/install/launch_testing_examples:/home/flash/ros2_humble/install/domain_coordinator:/home/flash/ros2_humble/install/ament_xmllint:/home/flash/ros2_humble/install/ament_pyflakes:/home/flash/ros2_humble/install/ament_pycodestyle:/home/flash/ros2_humble/install/ament_pep257:/home/flash/ros2_humble/install/ament_pclint:/home/flash/ros2_humble/install/ament_package:/home/flash/ros2_humble/install/ament_mypy:/home/flash/ros2_humble/install/ament_lint_cmake:/home/flash/ros2_humble/install/ament_flake8:/home/flash/ros2_humble/install/ament_copyright:/home/flash/ros2_humble/install/ament_lint:/home/flash/ros2_humble/install/ament_index_python:/home/flash/ros2_humble/install/ament_cpplint:/home/flash/ros2_humble/install/ament_cppcheck:/home/flash/ros2_humble/install/ament_clang_tidy:/home/flash/ros2_humble/install/ament_clang_format:/opt/ros/humble /usr/bin/cmake --install /home/flash/ros2_workspace/build/pcl_downsampling
[1.849s] DEBUG:colcon.colcon_core.event_handler.log_command:Invoking command in '/home/flash/ros2_workspace/build/pcl_clustering': CMAKE_PREFIX_PATH=${CMAKE_PREFIX_PATH}:/home/flash/ros2_workspace/install/lidar_downsampling:/home/flash/ros2_humble/install/rqt_bag_plugins:/home/flash/ros2_humble/install/rqt_bag:/home/flash/ros2_humble/install/ros2bag:/home/flash/ros2_humble/install/tracetools_test:/home/flash/ros2_humble/install/tracetools_launch:/home/flash/ros2_humble/install/topic_monitor:/home/flash/ros2_humble/install/tf2_tools:/home/flash/ros2_humble/install/examples_tf2_py:/home/flash/ros2_humble/install/tf2_ros_py:/home/flash/ros2_humble/install/sros2:/home/flash/ros2_humble/install/rqt_topic:/home/flash/ros2_humble/install/rqt_srv:/home/flash/ros2_humble/install/rqt_shell:/home/flash/ros2_humble/install/rqt_service_caller:/home/flash/ros2_humble/install/rqt_reconfigure:/home/flash/ros2_humble/install/rqt_py_console:/home/flash/ros2_humble/install/rqt_publisher:/home/flash/ros2_humble/install/rqt_plot:/home/flash/ros2_humble/install/rqt_action:/home/flash/ros2_humble/install/rqt_msg:/home/flash/ros2_humble/install/rqt_console:/home/flash/ros2_humble/install/rqt:/home/flash/ros2_humble/install/rqt_graph:/home/flash/ros2_humble/install/rqt_gui_py:/home/flash/ros2_humble/install/rqt_gui:/home/flash/ros2_humble/install/ros2trace:/home/flash/ros2_humble/install/ros2topic:/home/flash/ros2_humble/install/ros2test:/home/flash/ros2_humble/install/ros2component:/home/flash/ros2_humble/install/ros2param:/home/flash/ros2_humble/install/ros2lifecycle:/home/flash/ros2_humble/install/ros2service:/home/flash/ros2_humble/install/ros2run:/home/flash/ros2_humble/install/ros2launch:/home/flash/ros2_humble/install/ros2pkg:/home/flash/ros2_humble/install/ros2node:/home/flash/ros2_humble/install/ros2multicast:/home/flash/ros2_humble/install/ros2interface:/home/flash/ros2_humble/install/ros2doctor:/home/flash/ros2_humble/install/ros2action:/home/flash/ros2_humble/install/ros2cli:/home/flash/ros2_humble/install/quality_of_service_demo_py:/home/flash/ros2_humble/install/lifecycle_py:/home/flash/ros2_humble/install/launch_testing_ros:/home/flash/ros2_humble/install/launch_ros:/home/flash/ros2_humble/install/examples_rclpy_pointcloud_publisher:/home/flash/ros2_humble/install/examples_rclpy_minimal_subscriber:/home/flash/ros2_humble/install/examples_rclpy_minimal_service:/home/flash/ros2_humble/install/examples_rclpy_minimal_publisher:/home/flash/ros2_humble/install/examples_rclpy_minimal_client:/home/flash/ros2_humble/install/examples_rclpy_minimal_action_server:/home/flash/ros2_humble/install/examples_rclpy_minimal_action_client:/home/flash/ros2_humble/install/examples_rclpy_guard_conditions:/home/flash/ros2_humble/install/examples_rclpy_executors:/home/flash/ros2_humble/install/demo_nodes_py:/home/flash/ros2_humble/install/action_tutorials_py:/home/flash/ros2_humble/install/ament_uncrustify:/home/flash/ros2_humble/install/tracetools_trace:/home/flash/ros2_humble/install/tracetools_read:/home/flash/ros2_humble/install/test_tracetools_launch:/home/flash/ros2_humble/install/test_launch_ros:/home/flash/ros2_humble/install/sensor_msgs_py:/home/flash/ros2_humble/install/rpyutils:/home/flash/ros2_humble/install/rosidl_runtime_py:/home/flash/ros2_humble/install/rosidl_cli:/home/flash/ros2_humble/install/launch_pytest:/home/flash/ros2_humble/install/launch_testing:/home/flash/ros2_humble/install/launch_yaml:/home/flash/ros2_humble/install/launch_xml:/home/flash/ros2_humble/install/launch:/home/flash/ros2_humble/install/osrf_pycommon:/home/flash/ros2_humble/install/launch_testing_examples:/home/flash/ros2_humble/install/domain_coordinator:/home/flash/ros2_humble/install/ament_xmllint:/home/flash/ros2_humble/install/ament_pyflakes:/home/flash/ros2_humble/install/ament_pycodestyle:/home/flash/ros2_humble/install/ament_pep257:/home/flash/ros2_humble/install/ament_pclint:/home/flash/ros2_humble/install/ament_package:/home/flash/ros2_humble/install/ament_mypy:/home/flash/ros2_humble/install/ament_lint_cmake:/home/flash/ros2_humble/install/ament_flake8:/home/flash/ros2_humble/install/ament_copyright:/home/flash/ros2_humble/install/ament_lint:/home/flash/ros2_humble/install/ament_index_python:/home/flash/ros2_humble/install/ament_cpplint:/home/flash/ros2_humble/install/ament_cppcheck:/home/flash/ros2_humble/install/ament_clang_tidy:/home/flash/ros2_humble/install/ament_clang_format:/opt/ros/humble /usr/bin/cmake --install /home/flash/ros2_workspace/build/pcl_clustering
[1.877s] Level 1:colcon.colcon_core.environment:create_environment_scripts_only(pcl_downsampling)
[1.878s] DEBUG:colcon.colcon_core.event_handler.log_command:Invoked command in '/home/flash/ros2_workspace/build/pcl_downsampling' returned '0': CMAKE_PREFIX_PATH=${CMAKE_PREFIX_PATH}:/home/flash/ros2_workspace/install/lidar_downsampling:/home/flash/ros2_humble/install/rqt_bag_plugins:/home/flash/ros2_humble/install/rqt_bag:/home/flash/ros2_humble/install/ros2bag:/home/flash/ros2_humble/install/tracetools_test:/home/flash/ros2_humble/install/tracetools_launch:/home/flash/ros2_humble/install/topic_monitor:/home/flash/ros2_humble/install/tf2_tools:/home/flash/ros2_humble/install/examples_tf2_py:/home/flash/ros2_humble/install/tf2_ros_py:/home/flash/ros2_humble/install/sros2:/home/flash/ros2_humble/install/rqt_topic:/home/flash/ros2_humble/install/rqt_srv:/home/flash/ros2_humble/install/rqt_shell:/home/flash/ros2_humble/install/rqt_service_caller:/home/flash/ros2_humble/install/rqt_reconfigure:/home/flash/ros2_humble/install/rqt_py_console:/home/flash/ros2_humble/install/rqt_publisher:/home/flash/ros2_humble/install/rqt_plot:/home/flash/ros2_humble/install/rqt_action:/home/flash/ros2_humble/install/rqt_msg:/home/flash/ros2_humble/install/rqt_console:/home/flash/ros2_humble/install/rqt:/home/flash/ros2_humble/install/rqt_graph:/home/flash/ros2_humble/install/rqt_gui_py:/home/flash/ros2_humble/install/rqt_gui:/home/flash/ros2_humble/install/ros2trace:/home/flash/ros2_humble/install/ros2topic:/home/flash/ros2_humble/install/ros2test:/home/flash/ros2_humble/install/ros2component:/home/flash/ros2_humble/install/ros2param:/home/flash/ros2_humble/install/ros2lifecycle:/home/flash/ros2_humble/install/ros2service:/home/flash/ros2_humble/install/ros2run:/home/flash/ros2_humble/install/ros2launch:/home/flash/ros2_humble/install/ros2pkg:/home/flash/ros2_humble/install/ros2node:/home/flash/ros2_humble/install/ros2multicast:/home/flash/ros2_humble/install/ros2interface:/home/flash/ros2_humble/install/ros2doctor:/home/flash/ros2_humble/install/ros2action:/home/flash/ros2_humble/install/ros2cli:/home/flash/ros2_humble/install/quality_of_service_demo_py:/home/flash/ros2_humble/install/lifecycle_py:/home/flash/ros2_humble/install/launch_testing_ros:/home/flash/ros2_humble/install/launch_ros:/home/flash/ros2_humble/install/examples_rclpy_pointcloud_publisher:/home/flash/ros2_humble/install/examples_rclpy_minimal_subscriber:/home/flash/ros2_humble/install/examples_rclpy_minimal_service:/home/flash/ros2_humble/install/examples_rclpy_minimal_publisher:/home/flash/ros2_humble/install/examples_rclpy_minimal_client:/home/flash/ros2_humble/install/examples_rclpy_minimal_action_server:/home/flash/ros2_humble/install/examples_rclpy_minimal_action_client:/home/flash/ros2_humble/install/examples_rclpy_guard_conditions:/home/flash/ros2_humble/install/examples_rclpy_executors:/home/flash/ros2_humble/install/demo_nodes_py:/home/flash/ros2_humble/install/action_tutorials_py:/home/flash/ros2_humble/install/ament_uncrustify:/home/flash/ros2_humble/install/tracetools_trace:/home/flash/ros2_humble/install/tracetools_read:/home/flash/ros2_humble/install/test_tracetools_launch:/home/flash/ros2_humble/install/test_launch_ros:/home/flash/ros2_humble/install/sensor_msgs_py:/home/flash/ros2_humble/install/rpyutils:/home/flash/ros2_humble/install/rosidl_runtime_py:/home/flash/ros2_humble/install/rosidl_cli:/home/flash/ros2_humble/install/launch_pytest:/home/flash/ros2_humble/install/launch_testing:/home/flash/ros2_humble/install/launch_yaml:/home/flash/ros2_humble/install/launch_xml:/home/flash/ros2_humble/install/launch:/home/flash/ros2_humble/install/osrf_pycommon:/home/flash/ros2_humble/install/launch_testing_examples:/home/flash/ros2_humble/install/domain_coordinator:/home/flash/ros2_humble/install/ament_xmllint:/home/flash/ros2_humble/install/ament_pyflakes:/home/flash/ros2_humble/install/ament_pycodestyle:/home/flash/ros2_humble/install/ament_pep257:/home/flash/ros2_humble/install/ament_pclint:/home/flash/ros2_humble/install/ament_package:/home/flash/ros2_humble/install/ament_mypy:/home/flash/ros2_humble/install/ament_lint_cmake:/home/flash/ros2_humble/install/ament_flake8:/home/flash/ros2_humble/install/ament_copyright:/home/flash/ros2_humble/install/ament_lint:/home/flash/ros2_humble/install/ament_index_python:/home/flash/ros2_humble/install/ament_cpplint:/home/flash/ros2_humble/install/ament_cppcheck:/home/flash/ros2_humble/install/ament_clang_tidy:/home/flash/ros2_humble/install/ament_clang_format:/opt/ros/humble /usr/bin/cmake --install /home/flash/ros2_workspace/build/pcl_downsampling
[1.886s] Level 1:colcon.colcon_core.environment:checking '/home/flash/ros2_workspace/install/pcl_downsampling' for CMake module files
[1.887s] Level 1:colcon.colcon_core.environment:checking '/home/flash/ros2_workspace/install/pcl_downsampling' for CMake config files
[1.887s] Level 1:colcon.colcon_core.shell:create_environment_hook('pcl_downsampling', 'cmake_prefix_path')
[1.887s] INFO:colcon.colcon_core.shell:Creating environment hook '/home/flash/ros2_workspace/install/pcl_downsampling/share/pcl_downsampling/hook/cmake_prefix_path.ps1'
[1.888s] INFO:colcon.colcon_core.shell:Creating environment descriptor '/home/flash/ros2_workspace/install/pcl_downsampling/share/pcl_downsampling/hook/cmake_prefix_path.dsv'
[1.888s] INFO:colcon.colcon_core.shell:Creating environment hook '/home/flash/ros2_workspace/install/pcl_downsampling/share/pcl_downsampling/hook/cmake_prefix_path.sh'
[1.889s] Level 1:colcon.colcon_core.environment:checking '/home/flash/ros2_workspace/install/pcl_downsampling/lib'
[1.890s] Level 1:colcon.colcon_core.environment:checking '/home/flash/ros2_workspace/install/pcl_downsampling/bin'
[1.890s] Level 1:colcon.colcon_core.environment:checking '/home/flash/ros2_workspace/install/pcl_downsampling/lib/pkgconfig/pcl_downsampling.pc'
[1.890s] Level 1:colcon.colcon_core.environment:checking '/home/flash/ros2_workspace/install/pcl_downsampling/lib/python3.10/site-packages'
[1.890s] Level 1:colcon.colcon_core.environment:checking '/home/flash/ros2_workspace/install/pcl_downsampling/bin'
[1.891s] INFO:colcon.colcon_core.shell:Creating package script '/home/flash/ros2_workspace/install/pcl_downsampling/share/pcl_downsampling/package.ps1'
[1.892s] INFO:colcon.colcon_core.shell:Creating package descriptor '/home/flash/ros2_workspace/install/pcl_downsampling/share/pcl_downsampling/package.dsv'
[1.893s] INFO:colcon.colcon_core.shell:Creating package script '/home/flash/ros2_workspace/install/pcl_downsampling/share/pcl_downsampling/package.sh'
[1.894s] INFO:colcon.colcon_core.shell:Creating package script '/home/flash/ros2_workspace/install/pcl_downsampling/share/pcl_downsampling/package.bash'
[1.895s] INFO:colcon.colcon_core.shell:Creating package script '/home/flash/ros2_workspace/install/pcl_downsampling/share/pcl_downsampling/package.zsh'
[1.896s] Level 1:colcon.colcon_core.environment:create_file_with_runtime_dependencies(/home/flash/ros2_workspace/install/pcl_downsampling/share/colcon-core/packages/pcl_downsampling)
[1.899s] Level 1:colcon.colcon_core.environment:create_environment_scripts_only(pcl_clustering)
[1.899s] Level 1:colcon.colcon_core.environment:checking '/home/flash/ros2_workspace/install/pcl_clustering' for CMake module files
[1.900s] DEBUG:colcon.colcon_core.event_handler.log_command:Invoked command in '/home/flash/ros2_workspace/build/pcl_clustering' returned '0': CMAKE_PREFIX_PATH=${CMAKE_PREFIX_PATH}:/home/flash/ros2_workspace/install/lidar_downsampling:/home/flash/ros2_humble/install/rqt_bag_plugins:/home/flash/ros2_humble/install/rqt_bag:/home/flash/ros2_humble/install/ros2bag:/home/flash/ros2_humble/install/tracetools_test:/home/flash/ros2_humble/install/tracetools_launch:/home/flash/ros2_humble/install/topic_monitor:/home/flash/ros2_humble/install/tf2_tools:/home/flash/ros2_humble/install/examples_tf2_py:/home/flash/ros2_humble/install/tf2_ros_py:/home/flash/ros2_humble/install/sros2:/home/flash/ros2_humble/install/rqt_topic:/home/flash/ros2_humble/install/rqt_srv:/home/flash/ros2_humble/install/rqt_shell:/home/flash/ros2_humble/install/rqt_service_caller:/home/flash/ros2_humble/install/rqt_reconfigure:/home/flash/ros2_humble/install/rqt_py_console:/home/flash/ros2_humble/install/rqt_publisher:/home/flash/ros2_humble/install/rqt_plot:/home/flash/ros2_humble/install/rqt_action:/home/flash/ros2_humble/install/rqt_msg:/home/flash/ros2_humble/install/rqt_console:/home/flash/ros2_humble/install/rqt:/home/flash/ros2_humble/install/rqt_graph:/home/flash/ros2_humble/install/rqt_gui_py:/home/flash/ros2_humble/install/rqt_gui:/home/flash/ros2_humble/install/ros2trace:/home/flash/ros2_humble/install/ros2topic:/home/flash/ros2_humble/install/ros2test:/home/flash/ros2_humble/install/ros2component:/home/flash/ros2_humble/install/ros2param:/home/flash/ros2_humble/install/ros2lifecycle:/home/flash/ros2_humble/install/ros2service:/home/flash/ros2_humble/install/ros2run:/home/flash/ros2_humble/install/ros2launch:/home/flash/ros2_humble/install/ros2pkg:/home/flash/ros2_humble/install/ros2node:/home/flash/ros2_humble/install/ros2multicast:/home/flash/ros2_humble/install/ros2interface:/home/flash/ros2_humble/install/ros2doctor:/home/flash/ros2_humble/install/ros2action:/home/flash/ros2_humble/install/ros2cli:/home/flash/ros2_humble/install/quality_of_service_demo_py:/home/flash/ros2_humble/install/lifecycle_py:/home/flash/ros2_humble/install/launch_testing_ros:/home/flash/ros2_humble/install/launch_ros:/home/flash/ros2_humble/install/examples_rclpy_pointcloud_publisher:/home/flash/ros2_humble/install/examples_rclpy_minimal_subscriber:/home/flash/ros2_humble/install/examples_rclpy_minimal_service:/home/flash/ros2_humble/install/examples_rclpy_minimal_publisher:/home/flash/ros2_humble/install/examples_rclpy_minimal_client:/home/flash/ros2_humble/install/examples_rclpy_minimal_action_server:/home/flash/ros2_humble/install/examples_rclpy_minimal_action_client:/home/flash/ros2_humble/install/examples_rclpy_guard_conditions:/home/flash/ros2_humble/install/examples_rclpy_executors:/home/flash/ros2_humble/install/demo_nodes_py:/home/flash/ros2_humble/install/action_tutorials_py:/home/flash/ros2_humble/install/ament_uncrustify:/home/flash/ros2_humble/install/tracetools_trace:/home/flash/ros2_humble/install/tracetools_read:/home/flash/ros2_humble/install/test_tracetools_launch:/home/flash/ros2_humble/install/test_launch_ros:/home/flash/ros2_humble/install/sensor_msgs_py:/home/flash/ros2_humble/install/rpyutils:/home/flash/ros2_humble/install/rosidl_runtime_py:/home/flash/ros2_humble/install/rosidl_cli:/home/flash/ros2_humble/install/launch_pytest:/home/flash/ros2_humble/install/launch_testing:/home/flash/ros2_humble/install/launch_yaml:/home/flash/ros2_humble/install/launch_xml:/home/flash/ros2_humble/install/launch:/home/flash/ros2_humble/install/osrf_pycommon:/home/flash/ros2_humble/install/launch_testing_examples:/home/flash/ros2_humble/install/domain_coordinator:/home/flash/ros2_humble/install/ament_xmllint:/home/flash/ros2_humble/install/ament_pyflakes:/home/flash/ros2_humble/install/ament_pycodestyle:/home/flash/ros2_humble/install/ament_pep257:/home/flash/ros2_humble/install/ament_pclint:/home/flash/ros2_humble/install/ament_package:/home/flash/ros2_humble/install/ament_mypy:/home/flash/ros2_humble/install/ament_lint_cmake:/home/flash/ros2_humble/install/ament_flake8:/home/flash/ros2_humble/install/ament_copyright:/home/flash/ros2_humble/install/ament_lint:/home/flash/ros2_humble/install/ament_index_python:/home/flash/ros2_humble/install/ament_cpplint:/home/flash/ros2_humble/install/ament_cppcheck:/home/flash/ros2_humble/install/ament_clang_tidy:/home/flash/ros2_humble/install/ament_clang_format:/opt/ros/humble /usr/bin/cmake --install /home/flash/ros2_workspace/build/pcl_clustering
[1.900s] Level 1:colcon.colcon_core.environment:checking '/home/flash/ros2_workspace/install/pcl_clustering' for CMake config files
[1.901s] Level 1:colcon.colcon_core.shell:create_environment_hook('pcl_clustering', 'cmake_prefix_path')
[1.901s] INFO:colcon.colcon_core.shell:Creating environment hook '/home/flash/ros2_workspace/install/pcl_clustering/share/pcl_clustering/hook/cmake_prefix_path.ps1'
[1.901s] INFO:colcon.colcon_core.shell:Creating environment descriptor '/home/flash/ros2_workspace/install/pcl_clustering/share/pcl_clustering/hook/cmake_prefix_path.dsv'
[1.902s] INFO:colcon.colcon_core.shell:Creating environment hook '/home/flash/ros2_workspace/install/pcl_clustering/share/pcl_clustering/hook/cmake_prefix_path.sh'
[1.903s] Level 1:colcon.colcon_core.environment:checking '/home/flash/ros2_workspace/install/pcl_clustering/lib'
[1.903s] Level 1:colcon.colcon_core.environment:checking '/home/flash/ros2_workspace/install/pcl_clustering/bin'
[1.903s] Level 1:colcon.colcon_core.environment:checking '/home/flash/ros2_workspace/install/pcl_clustering/lib/pkgconfig/pcl_clustering.pc'
[1.903s] Level 1:colcon.colcon_core.environment:checking '/home/flash/ros2_workspace/install/pcl_clustering/lib/python3.10/site-packages'
[1.903s] Level 1:colcon.colcon_core.environment:checking '/home/flash/ros2_workspace/install/pcl_clustering/bin'
[1.904s] INFO:colcon.colcon_core.shell:Creating package script '/home/flash/ros2_workspace/install/pcl_clustering/share/pcl_clustering/package.ps1'
[1.904s] INFO:colcon.colcon_core.shell:Creating package descriptor '/home/flash/ros2_workspace/install/pcl_clustering/share/pcl_clustering/package.dsv'
[1.905s] INFO:colcon.colcon_core.shell:Creating package script '/home/flash/ros2_workspace/install/pcl_clustering/share/pcl_clustering/package.sh'
[1.906s] INFO:colcon.colcon_core.shell:Creating package script '/home/flash/ros2_workspace/install/pcl_clustering/share/pcl_clustering/package.bash'
[1.906s] INFO:colcon.colcon_core.shell:Creating package script '/home/flash/ros2_workspace/install/pcl_clustering/share/pcl_clustering/package.zsh'
[1.907s] Level 1:colcon.colcon_core.environment:create_file_with_runtime_dependencies(/home/flash/ros2_workspace/install/pcl_clustering/share/colcon-core/packages/pcl_clustering)
[2.030s] Level 1:colcon.colcon_core.environment:create_environment_scripts_only(pcl_downsampling)
[2.031s] Level 1:colcon.colcon_core.environment:checking '/home/flash/ros2_workspace/install/pcl_downsampling' for CMake module files
[2.031s] Level 1:colcon.colcon_core.environment:checking '/home/flash/ros2_workspace/install/pcl_downsampling' for CMake config files
[2.032s] Level 1:colcon.colcon_core.shell:create_environment_hook('pcl_downsampling', 'cmake_prefix_path')
[2.032s] INFO:colcon.colcon_core.shell:Creating environment hook '/home/flash/ros2_workspace/install/pcl_downsampling/share/pcl_downsampling/hook/cmake_prefix_path.ps1'
[2.033s] INFO:colcon.colcon_core.shell:Creating environment descriptor '/home/flash/ros2_workspace/install/pcl_downsampling/share/pcl_downsampling/hook/cmake_prefix_path.dsv'
[2.034s] INFO:colcon.colcon_core.shell:Creating environment hook '/home/flash/ros2_workspace/install/pcl_downsampling/share/pcl_downsampling/hook/cmake_prefix_path.sh'
[2.035s] Level 1:colcon.colcon_core.environment:checking '/home/flash/ros2_workspace/install/pcl_downsampling/lib'
[2.035s] Level 1:colcon.colcon_core.environment:checking '/home/flash/ros2_workspace/install/pcl_downsampling/bin'
[2.035s] Level 1:colcon.colcon_core.environment:checking '/home/flash/ros2_workspace/install/pcl_downsampling/lib/pkgconfig/pcl_downsampling.pc'
[2.035s] Level 1:colcon.colcon_core.environment:checking '/home/flash/ros2_workspace/install/pcl_downsampling/lib/python3.10/site-packages'
[2.036s] Level 1:colcon.colcon_core.environment:checking '/home/flash/ros2_workspace/install/pcl_downsampling/bin'
[2.036s] INFO:colcon.colcon_core.shell:Creating package script '/home/flash/ros2_workspace/install/pcl_downsampling/share/pcl_downsampling/package.ps1'
[2.037s] INFO:colcon.colcon_core.shell:Creating package descriptor '/home/flash/ros2_workspace/install/pcl_downsampling/share/pcl_downsampling/package.dsv'
[2.038s] INFO:colcon.colcon_core.shell:Creating package script '/home/flash/ros2_workspace/install/pcl_downsampling/share/pcl_downsampling/package.sh'
[2.038s] INFO:colcon.colcon_core.shell:Creating package script '/home/flash/ros2_workspace/install/pcl_downsampling/share/pcl_downsampling/package.bash'
[2.039s] INFO:colcon.colcon_core.shell:Creating package script '/home/flash/ros2_workspace/install/pcl_downsampling/share/pcl_downsampling/package.zsh'
[2.040s] Level 1:colcon.colcon_core.environment:create_file_with_runtime_dependencies(/home/flash/ros2_workspace/install/pcl_downsampling/share/colcon-core/packages/pcl_downsampling)
[2.043s] Level 1:colcon.colcon_core.environment:create_environment_scripts_only(pcl_clustering)
[2.043s] Level 1:colcon.colcon_core.environment:checking '/home/flash/ros2_workspace/install/pcl_clustering' for CMake module files
[2.044s] Level 1:colcon.colcon_core.environment:checking '/home/flash/ros2_workspace/install/pcl_clustering' for CMake config files
[2.044s] Level 1:colcon.colcon_core.shell:create_environment_hook('pcl_clustering', 'cmake_prefix_path')
[2.045s] INFO:colcon.colcon_core.shell:Creating environment hook '/home/flash/ros2_workspace/install/pcl_clustering/share/pcl_clustering/hook/cmake_prefix_path.ps1'
[2.045s] INFO:colcon.colcon_core.shell:Creating environment descriptor '/home/flash/ros2_workspace/install/pcl_clustering/share/pcl_clustering/hook/cmake_prefix_path.dsv'
[2.046s] INFO:colcon.colcon_core.shell:Creating environment hook '/home/flash/ros2_workspace/install/pcl_clustering/share/pcl_clustering/hook/cmake_prefix_path.sh'
[2.046s] Level 1:colcon.colcon_core.environment:checking '/home/flash/ros2_workspace/install/pcl_clustering/lib'
[2.047s] Level 1:colcon.colcon_core.environment:checking '/home/flash/ros2_workspace/install/pcl_clustering/bin'
[2.047s] Level 1:colcon.colcon_core.environment:checking '/home/flash/ros2_workspace/install/pcl_clustering/lib/pkgconfig/pcl_clustering.pc'
[2.047s] Level 1:colcon.colcon_core.environment:checking '/home/flash/ros2_workspace/install/pcl_clustering/lib/python3.10/site-packages'
[2.047s] Level 1:colcon.colcon_core.environment:checking '/home/flash/ros2_workspace/install/pcl_clustering/bin'
[2.048s] INFO:colcon.colcon_core.shell:Creating package script '/home/flash/ros2_workspace/install/pcl_clustering/share/pcl_clustering/package.ps1'
[2.048s] INFO:colcon.colcon_core.shell:Creating package descriptor '/home/flash/ros2_workspace/install/pcl_clustering/share/pcl_clustering/package.dsv'
[2.049s] INFO:colcon.colcon_core.shell:Creating package script '/home/flash/ros2_workspace/install/pcl_clustering/share/pcl_clustering/package.sh'
[2.050s] INFO:colcon.colcon_core.shell:Creating package script '/home/flash/ros2_workspace/install/pcl_clustering/share/pcl_clustering/package.bash'
[2.051s] INFO:colcon.colcon_core.shell:Creating package script '/home/flash/ros2_workspace/install/pcl_clustering/share/pcl_clustering/package.zsh'
[2.051s] Level 1:colcon.colcon_core.environment:create_file_with_runtime_dependencies(/home/flash/ros2_workspace/install/pcl_clustering/share/colcon-core/packages/pcl_clustering)
[2.545s] DEBUG:colcon.colcon_core.event_handler.log_command:Invoking command in '/home/flash/ros2_workspace/src/lidar_downsampling': PYTHONPATH=/home/flash/ros2_workspace/build/lidar_downsampling/prefix_override:/home/flash/ros2_workspace/install/lidar_downsampling/lib/python3.10/site-packages:${PYTHONPATH} /usr/bin/python3 -W ignore:setup.py install is deprecated setup.py egg_info --egg-base ../../build/lidar_downsampling build --build-base /home/flash/ros2_workspace/build/lidar_downsampling/build install --record /home/flash/ros2_workspace/build/lidar_downsampling/install.log --single-version-externally-managed install_data
[3.241s] Level 1:colcon.colcon_core.environment:checking '/home/flash/ros2_workspace/install/lidar_downsampling' for CMake module files
[3.242s] DEBUG:colcon.colcon_core.event_handler.log_command:Invoked command in '/home/flash/ros2_workspace/src/lidar_downsampling' returned '0': PYTHONPATH=/home/flash/ros2_workspace/build/lidar_downsampling/prefix_override:/home/flash/ros2_workspace/install/lidar_downsampling/lib/python3.10/site-packages:${PYTHONPATH} /usr/bin/python3 -W ignore:setup.py install is deprecated setup.py egg_info --egg-base ../../build/lidar_downsampling build --build-base /home/flash/ros2_workspace/build/lidar_downsampling/build install --record /home/flash/ros2_workspace/build/lidar_downsampling/install.log --single-version-externally-managed install_data
[3.243s] Level 1:colcon.colcon_core.environment:checking '/home/flash/ros2_workspace/install/lidar_downsampling' for CMake config files
[3.243s] Level 1:colcon.colcon_core.environment:checking '/home/flash/ros2_workspace/install/lidar_downsampling/lib'
[3.243s] Level 1:colcon.colcon_core.environment:checking '/home/flash/ros2_workspace/install/lidar_downsampling/bin'
[3.243s] Level 1:colcon.colcon_core.environment:checking '/home/flash/ros2_workspace/install/lidar_downsampling/lib/pkgconfig/lidar_downsampling.pc'
[3.244s] Level 1:colcon.colcon_core.environment:checking '/home/flash/ros2_workspace/install/lidar_downsampling/lib/python3.10/site-packages'
[3.244s] Level 1:colcon.colcon_core.shell:create_environment_hook('lidar_downsampling', 'pythonpath')
[3.244s] INFO:colcon.colcon_core.shell:Creating environment hook '/home/flash/ros2_workspace/install/lidar_downsampling/share/lidar_downsampling/hook/pythonpath.ps1'
[3.245s] INFO:colcon.colcon_core.shell:Creating environment descriptor '/home/flash/ros2_workspace/install/lidar_downsampling/share/lidar_downsampling/hook/pythonpath.dsv'
[3.245s] INFO:colcon.colcon_core.shell:Creating environment hook '/home/flash/ros2_workspace/install/lidar_downsampling/share/lidar_downsampling/hook/pythonpath.sh'
[3.246s] Level 1:colcon.colcon_core.environment:checking '/home/flash/ros2_workspace/install/lidar_downsampling/bin'
[3.246s] Level 1:colcon.colcon_core.environment:create_environment_scripts_only(lidar_downsampling)
[3.246s] INFO:colcon.colcon_core.shell:Creating package script '/home/flash/ros2_workspace/install/lidar_downsampling/share/lidar_downsampling/package.ps1'
[3.247s] INFO:colcon.colcon_core.shell:Creating package descriptor '/home/flash/ros2_workspace/install/lidar_downsampling/share/lidar_downsampling/package.dsv'
[3.247s] INFO:colcon.colcon_core.shell:Creating package script '/home/flash/ros2_workspace/install/lidar_downsampling/share/lidar_downsampling/package.sh'
[3.248s] INFO:colcon.colcon_core.shell:Creating package script '/home/flash/ros2_workspace/install/lidar_downsampling/share/lidar_downsampling/package.bash'
[3.249s] INFO:colcon.colcon_core.shell:Creating package script '/home/flash/ros2_workspace/install/lidar_downsampling/share/lidar_downsampling/package.zsh'
[3.249s] Level 1:colcon.colcon_core.environment:create_file_with_runtime_dependencies(/home/flash/ros2_workspace/install/lidar_downsampling/share/colcon-core/packages/lidar_downsampling)
[21.729s] DEBUG:colcon.colcon_core.event_handler.log_command:Invoked command in '/home/flash/ros2_workspace/build/pcl_warping' returned '0': CMAKE_PREFIX_PATH=${CMAKE_PREFIX_PATH}:/home/flash/ros2_workspace/install/lidar_downsampling:/home/flash/ros2_humble/install/rqt_bag_plugins:/home/flash/ros2_humble/install/rqt_bag:/home/flash/ros2_humble/install/ros2bag:/home/flash/ros2_humble/install/tracetools_test:/home/flash/ros2_humble/install/tracetools_launch:/home/flash/ros2_humble/install/topic_monitor:/home/flash/ros2_humble/install/tf2_tools:/home/flash/ros2_humble/install/examples_tf2_py:/home/flash/ros2_humble/install/tf2_ros_py:/home/flash/ros2_humble/install/sros2:/home/flash/ros2_humble/install/rqt_topic:/home/flash/ros2_humble/install/rqt_srv:/home/flash/ros2_humble/install/rqt_shell:/home/flash/ros2_humble/install/rqt_service_caller:/home/flash/ros2_humble/install/rqt_reconfigure:/home/flash/ros2_humble/install/rqt_py_console:/home/flash/ros2_humble/install/rqt_publisher:/home/flash/ros2_humble/install/rqt_plot:/home/flash/ros2_humble/install/rqt_action:/home/flash/ros2_humble/install/rqt_msg:/home/flash/ros2_humble/install/rqt_console:/home/flash/ros2_humble/install/rqt:/home/flash/ros2_humble/install/rqt_graph:/home/flash/ros2_humble/install/rqt_gui_py:/home/flash/ros2_humble/install/rqt_gui:/home/flash/ros2_humble/install/ros2trace:/home/flash/ros2_humble/install/ros2topic:/home/flash/ros2_humble/install/ros2test:/home/flash/ros2_humble/install/ros2component:/home/flash/ros2_humble/install/ros2param:/home/flash/ros2_humble/install/ros2lifecycle:/home/flash/ros2_humble/install/ros2service:/home/flash/ros2_humble/install/ros2run:/home/flash/ros2_humble/install/ros2launch:/home/flash/ros2_humble/install/ros2pkg:/home/flash/ros2_humble/install/ros2node:/home/flash/ros2_humble/install/ros2multicast:/home/flash/ros2_humble/install/ros2interface:/home/flash/ros2_humble/install/ros2doctor:/home/flash/ros2_humble/install/ros2action:/home/flash/ros2_humble/install/ros2cli:/home/flash/ros2_humble/install/quality_of_service_demo_py:/home/flash/ros2_humble/install/lifecycle_py:/home/flash/ros2_humble/install/launch_testing_ros:/home/flash/ros2_humble/install/launch_ros:/home/flash/ros2_humble/install/examples_rclpy_pointcloud_publisher:/home/flash/ros2_humble/install/examples_rclpy_minimal_subscriber:/home/flash/ros2_humble/install/examples_rclpy_minimal_service:/home/flash/ros2_humble/install/examples_rclpy_minimal_publisher:/home/flash/ros2_humble/install/examples_rclpy_minimal_client:/home/flash/ros2_humble/install/examples_rclpy_minimal_action_server:/home/flash/ros2_humble/install/examples_rclpy_minimal_action_client:/home/flash/ros2_humble/install/examples_rclpy_guard_conditions:/home/flash/ros2_humble/install/examples_rclpy_executors:/home/flash/ros2_humble/install/demo_nodes_py:/home/flash/ros2_humble/install/action_tutorials_py:/home/flash/ros2_humble/install/ament_uncrustify:/home/flash/ros2_humble/install/tracetools_trace:/home/flash/ros2_humble/install/tracetools_read:/home/flash/ros2_humble/install/test_tracetools_launch:/home/flash/ros2_humble/install/test_launch_ros:/home/flash/ros2_humble/install/sensor_msgs_py:/home/flash/ros2_humble/install/rpyutils:/home/flash/ros2_humble/install/rosidl_runtime_py:/home/flash/ros2_humble/install/rosidl_cli:/home/flash/ros2_humble/install/launch_pytest:/home/flash/ros2_humble/install/launch_testing:/home/flash/ros2_humble/install/launch_yaml:/home/flash/ros2_humble/install/launch_xml:/home/flash/ros2_humble/install/launch:/home/flash/ros2_humble/install/osrf_pycommon:/home/flash/ros2_humble/install/launch_testing_examples:/home/flash/ros2_humble/install/domain_coordinator:/home/flash/ros2_humble/install/ament_xmllint:/home/flash/ros2_humble/install/ament_pyflakes:/home/flash/ros2_humble/install/ament_pycodestyle:/home/flash/ros2_humble/install/ament_pep257:/home/flash/ros2_humble/install/ament_pclint:/home/flash/ros2_humble/install/ament_package:/home/flash/ros2_humble/install/ament_mypy:/home/flash/ros2_humble/install/ament_lint_cmake:/home/flash/ros2_humble/install/ament_flake8:/home/flash/ros2_humble/install/ament_copyright:/home/flash/ros2_humble/install/ament_lint:/home/flash/ros2_humble/install/ament_index_python:/home/flash/ros2_humble/install/ament_cpplint:/home/flash/ros2_humble/install/ament_cppcheck:/home/flash/ros2_humble/install/ament_clang_tidy:/home/flash/ros2_humble/install/ament_clang_format:/opt/ros/humble /usr/bin/cmake --build /home/flash/ros2_workspace/build/pcl_warping -- -j12 -l12
[21.943s] DEBUG:colcon.colcon_core.event_handler.log_command:Invoking command in '/home/flash/ros2_workspace/build/pcl_warping': CMAKE_PREFIX_PATH=${CMAKE_PREFIX_PATH}:/home/flash/ros2_workspace/install/lidar_downsampling:/home/flash/ros2_humble/install/rqt_bag_plugins:/home/flash/ros2_humble/install/rqt_bag:/home/flash/ros2_humble/install/ros2bag:/home/flash/ros2_humble/install/tracetools_test:/home/flash/ros2_humble/install/tracetools_launch:/home/flash/ros2_humble/install/topic_monitor:/home/flash/ros2_humble/install/tf2_tools:/home/flash/ros2_humble/install/examples_tf2_py:/home/flash/ros2_humble/install/tf2_ros_py:/home/flash/ros2_humble/install/sros2:/home/flash/ros2_humble/install/rqt_topic:/home/flash/ros2_humble/install/rqt_srv:/home/flash/ros2_humble/install/rqt_shell:/home/flash/ros2_humble/install/rqt_service_caller:/home/flash/ros2_humble/install/rqt_reconfigure:/home/flash/ros2_humble/install/rqt_py_console:/home/flash/ros2_humble/install/rqt_publisher:/home/flash/ros2_humble/install/rqt_plot:/home/flash/ros2_humble/install/rqt_action:/home/flash/ros2_humble/install/rqt_msg:/home/flash/ros2_humble/install/rqt_console:/home/flash/ros2_humble/install/rqt:/home/flash/ros2_humble/install/rqt_graph:/home/flash/ros2_humble/install/rqt_gui_py:/home/flash/ros2_humble/install/rqt_gui:/home/flash/ros2_humble/install/ros2trace:/home/flash/ros2_humble/install/ros2topic:/home/flash/ros2_humble/install/ros2test:/home/flash/ros2_humble/install/ros2component:/home/flash/ros2_humble/install/ros2param:/home/flash/ros2_humble/install/ros2lifecycle:/home/flash/ros2_humble/install/ros2service:/home/flash/ros2_humble/install/ros2run:/home/flash/ros2_humble/install/ros2launch:/home/flash/ros2_humble/install/ros2pkg:/home/flash/ros2_humble/install/ros2node:/home/flash/ros2_humble/install/ros2multicast:/home/flash/ros2_humble/install/ros2interface:/home/flash/ros2_humble/install/ros2doctor:/home/flash/ros2_humble/install/ros2action:/home/flash/ros2_humble/install/ros2cli:/home/flash/ros2_humble/install/quality_of_service_demo_py:/home/flash/ros2_humble/install/lifecycle_py:/home/flash/ros2_humble/install/launch_testing_ros:/home/flash/ros2_humble/install/launch_ros:/home/flash/ros2_humble/install/examples_rclpy_pointcloud_publisher:/home/flash/ros2_humble/install/examples_rclpy_minimal_subscriber:/home/flash/ros2_humble/install/examples_rclpy_minimal_service:/home/flash/ros2_humble/install/examples_rclpy_minimal_publisher:/home/flash/ros2_humble/install/examples_rclpy_minimal_client:/home/flash/ros2_humble/install/examples_rclpy_minimal_action_server:/home/flash/ros2_humble/install/examples_rclpy_minimal_action_client:/home/flash/ros2_humble/install/examples_rclpy_guard_conditions:/home/flash/ros2_humble/install/examples_rclpy_executors:/home/flash/ros2_humble/install/demo_nodes_py:/home/flash/ros2_humble/install/action_tutorials_py:/home/flash/ros2_humble/install/ament_uncrustify:/home/flash/ros2_humble/install/tracetools_trace:/home/flash/ros2_humble/install/tracetools_read:/home/flash/ros2_humble/install/test_tracetools_launch:/home/flash/ros2_humble/install/test_launch_ros:/home/flash/ros2_humble/install/sensor_msgs_py:/home/flash/ros2_humble/install/rpyutils:/home/flash/ros2_humble/install/rosidl_runtime_py:/home/flash/ros2_humble/install/rosidl_cli:/home/flash/ros2_humble/install/launch_pytest:/home/flash/ros2_humble/install/launch_testing:/home/flash/ros2_humble/install/launch_yaml:/home/flash/ros2_humble/install/launch_xml:/home/flash/ros2_humble/install/launch:/home/flash/ros2_humble/install/osrf_pycommon:/home/flash/ros2_humble/install/launch_testing_examples:/home/flash/ros2_humble/install/domain_coordinator:/home/flash/ros2_humble/install/ament_xmllint:/home/flash/ros2_humble/install/ament_pyflakes:/home/flash/ros2_humble/install/ament_pycodestyle:/home/flash/ros2_humble/install/ament_pep257:/home/flash/ros2_humble/install/ament_pclint:/home/flash/ros2_humble/install/ament_package:/home/flash/ros2_humble/install/ament_mypy:/home/flash/ros2_humble/install/ament_lint_cmake:/home/flash/ros2_humble/install/ament_flake8:/home/flash/ros2_humble/install/ament_copyright:/home/flash/ros2_humble/install/ament_lint:/home/flash/ros2_humble/install/ament_index_python:/home/flash/ros2_humble/install/ament_cpplint:/home/flash/ros2_humble/install/ament_cppcheck:/home/flash/ros2_humble/install/ament_clang_tidy:/home/flash/ros2_humble/install/ament_clang_format:/opt/ros/humble /usr/bin/cmake --install /home/flash/ros2_workspace/build/pcl_warping
[21.980s] Level 1:colcon.colcon_core.environment:create_environment_scripts_only(pcl_warping)
[21.981s] Level 1:colcon.colcon_core.environment:checking '/home/flash/ros2_workspace/install/pcl_warping' for CMake module files
[21.982s] DEBUG:colcon.colcon_core.event_handler.log_command:Invoked command in '/home/flash/ros2_workspace/build/pcl_warping' returned '0': CMAKE_PREFIX_PATH=${CMAKE_PREFIX_PATH}:/home/flash/ros2_workspace/install/lidar_downsampling:/home/flash/ros2_humble/install/rqt_bag_plugins:/home/flash/ros2_humble/install/rqt_bag:/home/flash/ros2_humble/install/ros2bag:/home/flash/ros2_humble/install/tracetools_test:/home/flash/ros2_humble/install/tracetools_launch:/home/flash/ros2_humble/install/topic_monitor:/home/flash/ros2_humble/install/tf2_tools:/home/flash/ros2_humble/install/examples_tf2_py:/home/flash/ros2_humble/install/tf2_ros_py:/home/flash/ros2_humble/install/sros2:/home/flash/ros2_humble/install/rqt_topic:/home/flash/ros2_humble/install/rqt_srv:/home/flash/ros2_humble/install/rqt_shell:/home/flash/ros2_humble/install/rqt_service_caller:/home/flash/ros2_humble/install/rqt_reconfigure:/home/flash/ros2_humble/install/rqt_py_console:/home/flash/ros2_humble/install/rqt_publisher:/home/flash/ros2_humble/install/rqt_plot:/home/flash/ros2_humble/install/rqt_action:/home/flash/ros2_humble/install/rqt_msg:/home/flash/ros2_humble/install/rqt_console:/home/flash/ros2_humble/install/rqt:/home/flash/ros2_humble/install/rqt_graph:/home/flash/ros2_humble/install/rqt_gui_py:/home/flash/ros2_humble/install/rqt_gui:/home/flash/ros2_humble/install/ros2trace:/home/flash/ros2_humble/install/ros2topic:/home/flash/ros2_humble/install/ros2test:/home/flash/ros2_humble/install/ros2component:/home/flash/ros2_humble/install/ros2param:/home/flash/ros2_humble/install/ros2lifecycle:/home/flash/ros2_humble/install/ros2service:/home/flash/ros2_humble/install/ros2run:/home/flash/ros2_humble/install/ros2launch:/home/flash/ros2_humble/install/ros2pkg:/home/flash/ros2_humble/install/ros2node:/home/flash/ros2_humble/install/ros2multicast:/home/flash/ros2_humble/install/ros2interface:/home/flash/ros2_humble/install/ros2doctor:/home/flash/ros2_humble/install/ros2action:/home/flash/ros2_humble/install/ros2cli:/home/flash/ros2_humble/install/quality_of_service_demo_py:/home/flash/ros2_humble/install/lifecycle_py:/home/flash/ros2_humble/install/launch_testing_ros:/home/flash/ros2_humble/install/launch_ros:/home/flash/ros2_humble/install/examples_rclpy_pointcloud_publisher:/home/flash/ros2_humble/install/examples_rclpy_minimal_subscriber:/home/flash/ros2_humble/install/examples_rclpy_minimal_service:/home/flash/ros2_humble/install/examples_rclpy_minimal_publisher:/home/flash/ros2_humble/install/examples_rclpy_minimal_client:/home/flash/ros2_humble/install/examples_rclpy_minimal_action_server:/home/flash/ros2_humble/install/examples_rclpy_minimal_action_client:/home/flash/ros2_humble/install/examples_rclpy_guard_conditions:/home/flash/ros2_humble/install/examples_rclpy_executors:/home/flash/ros2_humble/install/demo_nodes_py:/home/flash/ros2_humble/install/action_tutorials_py:/home/flash/ros2_humble/install/ament_uncrustify:/home/flash/ros2_humble/install/tracetools_trace:/home/flash/ros2_humble/install/tracetools_read:/home/flash/ros2_humble/install/test_tracetools_launch:/home/flash/ros2_humble/install/test_launch_ros:/home/flash/ros2_humble/install/sensor_msgs_py:/home/flash/ros2_humble/install/rpyutils:/home/flash/ros2_humble/install/rosidl_runtime_py:/home/flash/ros2_humble/install/rosidl_cli:/home/flash/ros2_humble/install/launch_pytest:/home/flash/ros2_humble/install/launch_testing:/home/flash/ros2_humble/install/launch_yaml:/home/flash/ros2_humble/install/launch_xml:/home/flash/ros2_humble/install/launch:/home/flash/ros2_humble/install/osrf_pycommon:/home/flash/ros2_humble/install/launch_testing_examples:/home/flash/ros2_humble/install/domain_coordinator:/home/flash/ros2_humble/install/ament_xmllint:/home/flash/ros2_humble/install/ament_pyflakes:/home/flash/ros2_humble/install/ament_pycodestyle:/home/flash/ros2_humble/install/ament_pep257:/home/flash/ros2_humble/install/ament_pclint:/home/flash/ros2_humble/install/ament_package:/home/flash/ros2_humble/install/ament_mypy:/home/flash/ros2_humble/install/ament_lint_cmake:/home/flash/ros2_humble/install/ament_flake8:/home/flash/ros2_humble/install/ament_copyright:/home/flash/ros2_humble/install/ament_lint:/home/flash/ros2_humble/install/ament_index_python:/home/flash/ros2_humble/install/ament_cpplint:/home/flash/ros2_humble/install/ament_cppcheck:/home/flash/ros2_humble/install/ament_clang_tidy:/home/flash/ros2_humble/install/ament_clang_format:/opt/ros/humble /usr/bin/cmake --install /home/flash/ros2_workspace/build/pcl_warping
[21.983s] Level 1:colcon.colcon_core.environment:checking '/home/flash/ros2_workspace/install/pcl_warping' for CMake config files
[21.983s] Level 1:colcon.colcon_core.shell:create_environment_hook('pcl_warping', 'cmake_prefix_path')
[21.984s] INFO:colcon.colcon_core.shell:Creating environment hook '/home/flash/ros2_workspace/install/pcl_warping/share/pcl_warping/hook/cmake_prefix_path.ps1'
[21.985s] INFO:colcon.colcon_core.shell:Creating environment descriptor '/home/flash/ros2_workspace/install/pcl_warping/share/pcl_warping/hook/cmake_prefix_path.dsv'
[21.985s] INFO:colcon.colcon_core.shell:Creating environment hook '/home/flash/ros2_workspace/install/pcl_warping/share/pcl_warping/hook/cmake_prefix_path.sh'
[21.986s] Level 1:colcon.colcon_core.environment:checking '/home/flash/ros2_workspace/install/pcl_warping/lib'
[21.986s] Level 1:colcon.colcon_core.environment:checking '/home/flash/ros2_workspace/install/pcl_warping/bin'
[21.986s] Level 1:colcon.colcon_core.environment:checking '/home/flash/ros2_workspace/install/pcl_warping/lib/pkgconfig/pcl_warping.pc'
[21.987s] Level 1:colcon.colcon_core.environment:checking '/home/flash/ros2_workspace/install/pcl_warping/lib/python3.10/site-packages'
[21.987s] Level 1:colcon.colcon_core.environment:checking '/home/flash/ros2_workspace/install/pcl_warping/bin'
[21.988s] INFO:colcon.colcon_core.shell:Creating package script '/home/flash/ros2_workspace/install/pcl_warping/share/pcl_warping/package.ps1'
[21.989s] INFO:colcon.colcon_core.shell:Creating package descriptor '/home/flash/ros2_workspace/install/pcl_warping/share/pcl_warping/package.dsv'
[21.989s] INFO:colcon.colcon_core.shell:Creating package script '/home/flash/ros2_workspace/install/pcl_warping/share/pcl_warping/package.sh'
[21.990s] INFO:colcon.colcon_core.shell:Creating package script '/home/flash/ros2_workspace/install/pcl_warping/share/pcl_warping/package.bash'
[21.991s] INFO:colcon.colcon_core.shell:Creating package script '/home/flash/ros2_workspace/install/pcl_warping/share/pcl_warping/package.zsh'
[21.991s] Level 1:colcon.colcon_core.environment:create_file_with_runtime_dependencies(/home/flash/ros2_workspace/install/pcl_warping/share/colcon-core/packages/pcl_warping)
[22.249s] Level 1:colcon.colcon_core.environment:create_environment_scripts_only(pcl_warping)
[22.249s] Level 1:colcon.colcon_core.environment:checking '/home/flash/ros2_workspace/install/pcl_warping' for CMake module files
[22.250s] Level 1:colcon.colcon_core.environment:checking '/home/flash/ros2_workspace/install/pcl_warping' for CMake config files
[22.250s] Level 1:colcon.colcon_core.shell:create_environment_hook('pcl_warping', 'cmake_prefix_path')
[22.250s] INFO:colcon.colcon_core.shell:Creating environment hook '/home/flash/ros2_workspace/install/pcl_warping/share/pcl_warping/hook/cmake_prefix_path.ps1'
[22.251s] INFO:colcon.colcon_core.shell:Creating environment descriptor '/home/flash/ros2_workspace/install/pcl_warping/share/pcl_warping/hook/cmake_prefix_path.dsv'
[22.251s] INFO:colcon.colcon_core.shell:Creating environment hook '/home/flash/ros2_workspace/install/pcl_warping/share/pcl_warping/hook/cmake_prefix_path.sh'
[22.252s] Level 1:colcon.colcon_core.environment:checking '/home/flash/ros2_workspace/install/pcl_warping/lib'
[22.252s] Level 1:colcon.colcon_core.environment:checking '/home/flash/ros2_workspace/install/pcl_warping/bin'
[22.252s] Level 1:colcon.colcon_core.environment:checking '/home/flash/ros2_workspace/install/pcl_warping/lib/pkgconfig/pcl_warping.pc'
[22.252s] Level 1:colcon.colcon_core.environment:checking '/home/flash/ros2_workspace/install/pcl_warping/lib/python3.10/site-packages'
[22.252s] Level 1:colcon.colcon_core.environment:checking '/home/flash/ros2_workspace/install/pcl_warping/bin'
[22.253s] INFO:colcon.colcon_core.shell:Creating package script '/home/flash/ros2_workspace/install/pcl_warping/share/pcl_warping/package.ps1'
[22.253s] INFO:colcon.colcon_core.shell:Creating package descriptor '/home/flash/ros2_workspace/install/pcl_warping/share/pcl_warping/package.dsv'
[22.254s] INFO:colcon.colcon_core.shell:Creating package script '/home/flash/ros2_workspace/install/pcl_warping/share/pcl_warping/package.sh'
[22.254s] INFO:colcon.colcon_core.shell:Creating package script '/home/flash/ros2_workspace/install/pcl_warping/share/pcl_warping/package.bash'
[22.254s] INFO:colcon.colcon_core.shell:Creating package script '/home/flash/ros2_workspace/install/pcl_warping/share/pcl_warping/package.zsh'
[22.255s] Level 1:colcon.colcon_core.environment:create_file_with_runtime_dependencies(/home/flash/ros2_workspace/install/pcl_warping/share/colcon-core/packages/pcl_warping)
[22.255s] DEBUG:colcon.colcon_parallel_executor.executor.parallel:closing loop
[22.255s] DEBUG:colcon.colcon_parallel_executor.executor.parallel:loop closed
[22.255s] DEBUG:colcon.colcon_parallel_executor.executor.parallel:run_until_complete finished with '0'
[22.255s] DEBUG:colcon.colcon_core.event_reactor:joining thread
[22.271s] INFO:colcon.colcon_core.plugin_system:Skipping extension 'colcon_notification.desktop_notification.terminal_notifier': Not used on non-Darwin systems
[22.271s] INFO:colcon.colcon_core.plugin_system:Skipping extension 'colcon_notification.desktop_notification.win32': Not used on non-Windows systems
[22.271s] INFO:colcon.colcon_notification.desktop_notification:Sending desktop notification using 'notify2'
[22.289s] DEBUG:colcon.colcon_core.event_reactor:joined thread
[22.289s] INFO:colcon.colcon_core.shell:Creating prefix script '/home/flash/ros2_workspace/install/local_setup.ps1'
[22.290s] INFO:colcon.colcon_core.shell:Creating prefix util module '/home/flash/ros2_workspace/install/_local_setup_util_ps1.py'
[22.292s] INFO:colcon.colcon_core.shell:Creating prefix chain script '/home/flash/ros2_workspace/install/setup.ps1'
[22.306s] INFO:colcon.colcon_core.shell:Creating prefix script '/home/flash/ros2_workspace/install/local_setup.sh'
[22.307s] INFO:colcon.colcon_core.shell:Creating prefix util module '/home/flash/ros2_workspace/install/_local_setup_util_sh.py'
[22.307s] INFO:colcon.colcon_core.shell:Creating prefix chain script '/home/flash/ros2_workspace/install/setup.sh'
[22.321s] INFO:colcon.colcon_core.shell:Creating prefix script '/home/flash/ros2_workspace/install/local_setup.bash'
[22.322s] INFO:colcon.colcon_core.shell:Creating prefix chain script '/home/flash/ros2_workspace/install/setup.bash'
[22.359s] INFO:colcon.colcon_core.shell:Creating prefix script '/home/flash/ros2_workspace/install/local_setup.zsh'
[22.360s] INFO:colcon.colcon_core.shell:Creating prefix chain script '/home/flash/ros2_workspace/install/setup.zsh'
