[0.237s] DEBUG:colcon:Command line arguments: ['/usr/bin/colcon', 'build']
[0.237s] DEBUG:colcon:Parsed command line arguments: Namespace(log_base=None, log_level=None, verb_name='build', build_base='build', install_base='install', merge_install=False, symlink_install=False, test_result_base=None, continue_on_error=False, executor='parallel', parallel_workers=12, event_handlers=None, ignore_user_meta=False, metas=['./colcon.meta'], base_paths=['.'], packages_ignore=None, packages_ignore_regex=None, paths=None, packages_up_to=None, packages_up_to_regex=None, packages_above=None, packages_above_and_dependencies=None, packages_above_depth=None, packages_select_by_dep=None, packages_skip_by_dep=None, packages_skip_up_to=None, packages_select_build_failed=False, packages_skip_build_finished=False, packages_select_test_failures=False, packages_skip_test_passed=False, packages_select=None, packages_skip=None, packages_select_regex=None, packages_skip_regex=None, packages_start=None, packages_end=None, allow_overriding=[], cmake_args=None, cmake_target=None, cmake_target_skip_unavailable=False, cmake_clean_cache=False, cmake_clean_first=False, cmake_force_configure=False, ament_cmake_args=None, catkin_cmake_args=None, catkin_skip_building_tests=False, mixin_files=None, mixin=None, verb_parser=<colcon_mixin.mixin.mixin_argument.MixinArgumentDecorator object at 0x74ab318d9ea0>, verb_extension=<colcon_core.verb.build.BuildVerb object at 0x74ab318d99c0>, main=<bound method BuildVerb.main of <colcon_core.verb.build.BuildVerb object at 0x74ab318d99c0>>, mixin_verb=('build',))
[0.556s] Level 1:colcon.colcon_core.package_discovery:discover_packages(colcon_meta) check parameters
[0.556s] Level 1:colcon.colcon_core.package_discovery:discover_packages(recursive) check parameters
[0.556s] Level 1:colcon.colcon_core.package_discovery:discover_packages(ignore) check parameters
[0.556s] Level 1:colcon.colcon_core.package_discovery:discover_packages(path) check parameters
[0.556s] Level 1:colcon.colcon_core.package_discovery:discover_packages(colcon_meta) discover
[0.556s] Level 1:colcon.colcon_core.package_discovery:discover_packages(recursive) discover
[0.556s] INFO:colcon.colcon_core.package_discovery:Crawling recursively for packages in '/home/flash/ros2_workspace'
[0.556s] Level 1:colcon.colcon_core.package_identification:_identify(.) by extensions ['ignore', 'ignore_ament_install']
[0.556s] Level 1:colcon.colcon_core.package_identification:_identify(.) by extension 'ignore'
[0.556s] Level 1:colcon.colcon_core.package_identification:_identify(.) by extension 'ignore_ament_install'
[0.557s] Level 1:colcon.colcon_core.package_identification:_identify(.) by extensions ['colcon_pkg']
[0.557s] Level 1:colcon.colcon_core.package_identification:_identify(.) by extension 'colcon_pkg'
[0.557s] Level 1:colcon.colcon_core.package_identification:_identify(.) by extensions ['colcon_meta']
[0.557s] Level 1:colcon.colcon_core.package_identification:_identify(.) by extension 'colcon_meta'
[0.557s] Level 1:colcon.colcon_core.package_identification:_identify(.) by extensions ['ros']
[0.557s] Level 1:colcon.colcon_core.package_identification:_identify(.) by extension 'ros'
[0.569s] Level 1:colcon.colcon_core.package_identification:_identify(.) by extensions ['cmake', 'python']
[0.569s] Level 1:colcon.colcon_core.package_identification:_identify(.) by extension 'cmake'
[0.569s] Level 1:colcon.colcon_core.package_identification:_identify(.) by extension 'python'
[0.569s] Level 1:colcon.colcon_core.package_identification:_identify(.) by extensions ['python_setup_py']
[0.569s] Level 1:colcon.colcon_core.package_identification:_identify(.) by extension 'python_setup_py'
[0.569s] Level 1:colcon.colcon_core.package_identification:_identify(build) by extensions ['ignore', 'ignore_ament_install']
[0.569s] Level 1:colcon.colcon_core.package_identification:_identify(build) by extension 'ignore'
[0.569s] Level 1:colcon.colcon_core.package_identification:_identify(build) ignored
[0.569s] Level 1:colcon.colcon_core.package_identification:_identify(install) by extensions ['ignore', 'ignore_ament_install']
[0.569s] Level 1:colcon.colcon_core.package_identification:_identify(install) by extension 'ignore'
[0.569s] Level 1:colcon.colcon_core.package_identification:_identify(install) ignored
[0.570s] Level 1:colcon.colcon_core.package_identification:_identify(log) by extensions ['ignore', 'ignore_ament_install']
[0.570s] Level 1:colcon.colcon_core.package_identification:_identify(log) by extension 'ignore'
[0.570s] Level 1:colcon.colcon_core.package_identification:_identify(log) ignored
[0.570s] Level 1:colcon.colcon_core.package_identification:_identify(src) by extensions ['ignore', 'ignore_ament_install']
[0.570s] Level 1:colcon.colcon_core.package_identification:_identify(src) by extension 'ignore'
[0.570s] Level 1:colcon.colcon_core.package_identification:_identify(src) by extension 'ignore_ament_install'
[0.570s] Level 1:colcon.colcon_core.package_identification:_identify(src) by extensions ['colcon_pkg']
[0.570s] Level 1:colcon.colcon_core.package_identification:_identify(src) by extension 'colcon_pkg'
[0.570s] Level 1:colcon.colcon_core.package_identification:_identify(src) by extensions ['colcon_meta']
[0.570s] Level 1:colcon.colcon_core.package_identification:_identify(src) by extension 'colcon_meta'
[0.570s] Level 1:colcon.colcon_core.package_identification:_identify(src) by extensions ['ros']
[0.570s] Level 1:colcon.colcon_core.package_identification:_identify(src) by extension 'ros'
[0.570s] Level 1:colcon.colcon_core.package_identification:_identify(src) by extensions ['cmake', 'python']
[0.570s] Level 1:colcon.colcon_core.package_identification:_identify(src) by extension 'cmake'
[0.570s] Level 1:colcon.colcon_core.package_identification:_identify(src) by extension 'python'
[0.570s] Level 1:colcon.colcon_core.package_identification:_identify(src) by extensions ['python_setup_py']
[0.570s] Level 1:colcon.colcon_core.package_identification:_identify(src) by extension 'python_setup_py'
[0.570s] Level 1:colcon.colcon_core.package_identification:_identify(src/lidar_downsampling) by extensions ['ignore', 'ignore_ament_install']
[0.570s] Level 1:colcon.colcon_core.package_identification:_identify(src/lidar_downsampling) by extension 'ignore'
[0.570s] Level 1:colcon.colcon_core.package_identification:_identify(src/lidar_downsampling) by extension 'ignore_ament_install'
[0.570s] Level 1:colcon.colcon_core.package_identification:_identify(src/lidar_downsampling) by extensions ['colcon_pkg']
[0.571s] Level 1:colcon.colcon_core.package_identification:_identify(src/lidar_downsampling) by extension 'colcon_pkg'
[0.571s] Level 1:colcon.colcon_core.package_identification:_identify(src/lidar_downsampling) by extensions ['colcon_meta']
[0.571s] Level 1:colcon.colcon_core.package_identification:_identify(src/lidar_downsampling) by extension 'colcon_meta'
[0.571s] Level 1:colcon.colcon_core.package_identification:_identify(src/lidar_downsampling) by extensions ['ros']
[0.571s] Level 1:colcon.colcon_core.package_identification:_identify(src/lidar_downsampling) by extension 'ros'
[0.573s] DEBUG:colcon.colcon_core.package_identification:Package 'src/lidar_downsampling' with type 'ros.ament_python' and name 'lidar_downsampling'
[0.573s] Level 1:colcon.colcon_core.package_identification:_identify(src/pcl_downsampling) by extensions ['ignore', 'ignore_ament_install']
[0.573s] Level 1:colcon.colcon_core.package_identification:_identify(src/pcl_downsampling) by extension 'ignore'
[0.573s] Level 1:colcon.colcon_core.package_identification:_identify(src/pcl_downsampling) by extension 'ignore_ament_install'
[0.573s] Level 1:colcon.colcon_core.package_identification:_identify(src/pcl_downsampling) by extensions ['colcon_pkg']
[0.573s] Level 1:colcon.colcon_core.package_identification:_identify(src/pcl_downsampling) by extension 'colcon_pkg'
[0.573s] Level 1:colcon.colcon_core.package_identification:_identify(src/pcl_downsampling) by extensions ['colcon_meta']
[0.573s] Level 1:colcon.colcon_core.package_identification:_identify(src/pcl_downsampling) by extension 'colcon_meta'
[0.573s] Level 1:colcon.colcon_core.package_identification:_identify(src/pcl_downsampling) by extensions ['ros']
[0.573s] Level 1:colcon.colcon_core.package_identification:_identify(src/pcl_downsampling) by extension 'ros'
[0.574s] DEBUG:colcon.colcon_core.package_identification:Package 'src/pcl_downsampling' with type 'ros.ament_cmake' and name 'pcl_downsampling'
[0.574s] Level 1:colcon.colcon_core.package_discovery:discover_packages(recursive) using defaults
[0.574s] Level 1:colcon.colcon_core.package_discovery:discover_packages(ignore) discover
[0.574s] Level 1:colcon.colcon_core.package_discovery:discover_packages(ignore) using defaults
[0.574s] Level 1:colcon.colcon_core.package_discovery:discover_packages(path) discover
[0.574s] Level 1:colcon.colcon_core.package_discovery:discover_packages(path) using defaults
[0.617s] Level 1:colcon.colcon_core.package_discovery:discover_packages(prefix_path) check parameters
[0.617s] Level 1:colcon.colcon_core.package_discovery:discover_packages(prefix_path) discover
[0.633s] DEBUG:colcon.colcon_installed_package_information.package_discovery:Found 1 installed packages in /home/flash/ros2_workspace/install
[0.644s] DEBUG:colcon.colcon_installed_package_information.package_discovery:Found 345 installed packages in /home/flash/ros2_humble/install
[0.649s] DEBUG:colcon.colcon_installed_package_information.package_discovery:Found 146 installed packages in /opt/ros/humble
[0.655s] Level 1:colcon.colcon_core.package_discovery:discover_packages(prefix_path) using defaults
[0.696s] Level 5:colcon.colcon_core.verb:set package 'lidar_downsampling' build argument 'cmake_args' from command line to 'None'
[0.696s] Level 5:colcon.colcon_core.verb:set package 'lidar_downsampling' build argument 'cmake_target' from command line to 'None'
[0.696s] Level 5:colcon.colcon_core.verb:set package 'lidar_downsampling' build argument 'cmake_target_skip_unavailable' from command line to 'False'
[0.696s] Level 5:colcon.colcon_core.verb:set package 'lidar_downsampling' build argument 'cmake_clean_cache' from command line to 'False'
[0.697s] Level 5:colcon.colcon_core.verb:set package 'lidar_downsampling' build argument 'cmake_clean_first' from command line to 'False'
[0.697s] Level 5:colcon.colcon_core.verb:set package 'lidar_downsampling' build argument 'cmake_force_configure' from command line to 'False'
[0.697s] Level 5:colcon.colcon_core.verb:set package 'lidar_downsampling' build argument 'ament_cmake_args' from command line to 'None'
[0.697s] Level 5:colcon.colcon_core.verb:set package 'lidar_downsampling' build argument 'catkin_cmake_args' from command line to 'None'
[0.697s] Level 5:colcon.colcon_core.verb:set package 'lidar_downsampling' build argument 'catkin_skip_building_tests' from command line to 'False'
[0.697s] DEBUG:colcon.colcon_core.verb:Building package 'lidar_downsampling' with the following arguments: {'ament_cmake_args': None, 'build_base': '/home/flash/ros2_workspace/build/lidar_downsampling', 'catkin_cmake_args': None, 'catkin_skip_building_tests': False, 'cmake_args': None, 'cmake_clean_cache': False, 'cmake_clean_first': False, 'cmake_force_configure': False, 'cmake_target': None, 'cmake_target_skip_unavailable': False, 'install_base': '/home/flash/ros2_workspace/install/lidar_downsampling', 'merge_install': False, 'path': '/home/flash/ros2_workspace/src/lidar_downsampling', 'symlink_install': False, 'test_result_base': None}
[0.697s] Level 5:colcon.colcon_core.verb:set package 'pcl_downsampling' build argument 'cmake_args' from command line to 'None'
[0.697s] Level 5:colcon.colcon_core.verb:set package 'pcl_downsampling' build argument 'cmake_target' from command line to 'None'
[0.697s] Level 5:colcon.colcon_core.verb:set package 'pcl_downsampling' build argument 'cmake_target_skip_unavailable' from command line to 'False'
[0.697s] Level 5:colcon.colcon_core.verb:set package 'pcl_downsampling' build argument 'cmake_clean_cache' from command line to 'False'
[0.697s] Level 5:colcon.colcon_core.verb:set package 'pcl_downsampling' build argument 'cmake_clean_first' from command line to 'False'
[0.697s] Level 5:colcon.colcon_core.verb:set package 'pcl_downsampling' build argument 'cmake_force_configure' from command line to 'False'
[0.697s] Level 5:colcon.colcon_core.verb:set package 'pcl_downsampling' build argument 'ament_cmake_args' from command line to 'None'
[0.697s] Level 5:colcon.colcon_core.verb:set package 'pcl_downsampling' build argument 'catkin_cmake_args' from command line to 'None'
[0.697s] Level 5:colcon.colcon_core.verb:set package 'pcl_downsampling' build argument 'catkin_skip_building_tests' from command line to 'False'
[0.697s] DEBUG:colcon.colcon_core.verb:Building package 'pcl_downsampling' with the following arguments: {'ament_cmake_args': None, 'build_base': '/home/flash/ros2_workspace/build/pcl_downsampling', 'catkin_cmake_args': None, 'catkin_skip_building_tests': False, 'cmake_args': None, 'cmake_clean_cache': False, 'cmake_clean_first': False, 'cmake_force_configure': False, 'cmake_target': None, 'cmake_target_skip_unavailable': False, 'install_base': '/home/flash/ros2_workspace/install/pcl_downsampling', 'merge_install': False, 'path': '/home/flash/ros2_workspace/src/pcl_downsampling', 'symlink_install': False, 'test_result_base': None}
[0.697s] INFO:colcon.colcon_core.executor:Executing jobs using 'parallel' executor
[0.698s] DEBUG:colcon.colcon_parallel_executor.executor.parallel:run_until_complete
[0.699s] INFO:colcon.colcon_ros.task.ament_python.build:Building ROS package in '/home/flash/ros2_workspace/src/lidar_downsampling' with build type 'ament_python'
[0.699s] Level 1:colcon.colcon_core.shell:create_environment_hook('lidar_downsampling', 'ament_prefix_path')
[0.704s] INFO:colcon.colcon_core.plugin_system:Skipping extension 'colcon_core.shell.bat': Not used on non-Windows systems
[0.704s] INFO:colcon.colcon_core.shell:Creating environment hook '/home/flash/ros2_workspace/install/lidar_downsampling/share/lidar_downsampling/hook/ament_prefix_path.ps1'
[0.705s] INFO:colcon.colcon_core.shell:Creating environment descriptor '/home/flash/ros2_workspace/install/lidar_downsampling/share/lidar_downsampling/hook/ament_prefix_path.dsv'
[0.705s] INFO:colcon.colcon_core.shell:Creating environment hook '/home/flash/ros2_workspace/install/lidar_downsampling/share/lidar_downsampling/hook/ament_prefix_path.sh'
[0.706s] INFO:colcon.colcon_core.shell:Skip shell extension 'powershell' for command environment: Not usable outside of PowerShell
[0.706s] DEBUG:colcon.colcon_core.shell:Skip shell extension 'dsv' for command environment
[0.730s] INFO:colcon.colcon_ros.task.ament_cmake.build:Building ROS package in '/home/flash/ros2_workspace/src/pcl_downsampling' with build type 'ament_cmake'
[0.730s] INFO:colcon.colcon_cmake.task.cmake.build:Building CMake package in '/home/flash/ros2_workspace/src/pcl_downsampling'
[0.731s] INFO:colcon.colcon_core.shell:Skip shell extension 'powershell' for command environment: Not usable outside of PowerShell
[0.731s] DEBUG:colcon.colcon_core.shell:Skip shell extension 'dsv' for command environment
[1.366s] INFO:colcon.colcon_core.task.python.build:Building Python package in '/home/flash/ros2_workspace/src/lidar_downsampling'
[1.366s] INFO:colcon.colcon_core.shell:Skip shell extension 'powershell' for command environment: Not usable outside of PowerShell
[1.366s] DEBUG:colcon.colcon_core.shell:Skip shell extension 'dsv' for command environment
[1.431s] DEBUG:colcon.colcon_core.event_handler.log_command:Invoking command in '/home/flash/ros2_workspace/build/pcl_downsampling': CMAKE_PREFIX_PATH=${CMAKE_PREFIX_PATH}:/home/flash/ros2_workspace/install/lidar_downsampling:/home/flash/ros2_humble/install/rqt_bag_plugins:/home/flash/ros2_humble/install/rqt_bag:/home/flash/ros2_humble/install/ros2bag:/home/flash/ros2_humble/install/tracetools_test:/home/flash/ros2_humble/install/tracetools_launch:/home/flash/ros2_humble/install/topic_monitor:/home/flash/ros2_humble/install/tf2_tools:/home/flash/ros2_humble/install/examples_tf2_py:/home/flash/ros2_humble/install/tf2_ros_py:/home/flash/ros2_humble/install/sros2:/home/flash/ros2_humble/install/rqt_topic:/home/flash/ros2_humble/install/rqt_srv:/home/flash/ros2_humble/install/rqt_shell:/home/flash/ros2_humble/install/rqt_service_caller:/home/flash/ros2_humble/install/rqt_reconfigure:/home/flash/ros2_humble/install/rqt_py_console:/home/flash/ros2_humble/install/rqt_publisher:/home/flash/ros2_humble/install/rqt_plot:/home/flash/ros2_humble/install/rqt_action:/home/flash/ros2_humble/install/rqt_msg:/home/flash/ros2_humble/install/rqt_console:/home/flash/ros2_humble/install/rqt:/home/flash/ros2_humble/install/rqt_graph:/home/flash/ros2_humble/install/rqt_gui_py:/home/flash/ros2_humble/install/rqt_gui:/home/flash/ros2_humble/install/ros2trace:/home/flash/ros2_humble/install/ros2topic:/home/flash/ros2_humble/install/ros2test:/home/flash/ros2_humble/install/ros2component:/home/flash/ros2_humble/install/ros2param:/home/flash/ros2_humble/install/ros2lifecycle:/home/flash/ros2_humble/install/ros2service:/home/flash/ros2_humble/install/ros2run:/home/flash/ros2_humble/install/ros2launch:/home/flash/ros2_humble/install/ros2pkg:/home/flash/ros2_humble/install/ros2node:/home/flash/ros2_humble/install/ros2multicast:/home/flash/ros2_humble/install/ros2interface:/home/flash/ros2_humble/install/ros2doctor:/home/flash/ros2_humble/install/ros2action:/home/flash/ros2_humble/install/ros2cli:/home/flash/ros2_humble/install/quality_of_service_demo_py:/home/flash/ros2_humble/install/lifecycle_py:/home/flash/ros2_humble/install/launch_testing_ros:/home/flash/ros2_humble/install/launch_ros:/home/flash/ros2_humble/install/examples_rclpy_pointcloud_publisher:/home/flash/ros2_humble/install/examples_rclpy_minimal_subscriber:/home/flash/ros2_humble/install/examples_rclpy_minimal_service:/home/flash/ros2_humble/install/examples_rclpy_minimal_publisher:/home/flash/ros2_humble/install/examples_rclpy_minimal_client:/home/flash/ros2_humble/install/examples_rclpy_minimal_action_server:/home/flash/ros2_humble/install/examples_rclpy_minimal_action_client:/home/flash/ros2_humble/install/examples_rclpy_guard_conditions:/home/flash/ros2_humble/install/examples_rclpy_executors:/home/flash/ros2_humble/install/demo_nodes_py:/home/flash/ros2_humble/install/action_tutorials_py:/home/flash/ros2_humble/install/ament_uncrustify:/home/flash/ros2_humble/install/tracetools_trace:/home/flash/ros2_humble/install/tracetools_read:/home/flash/ros2_humble/install/test_tracetools_launch:/home/flash/ros2_humble/install/test_launch_ros:/home/flash/ros2_humble/install/sensor_msgs_py:/home/flash/ros2_humble/install/rpyutils:/home/flash/ros2_humble/install/rosidl_runtime_py:/home/flash/ros2_humble/install/rosidl_cli:/home/flash/ros2_humble/install/launch_pytest:/home/flash/ros2_humble/install/launch_testing:/home/flash/ros2_humble/install/launch_yaml:/home/flash/ros2_humble/install/launch_xml:/home/flash/ros2_humble/install/launch:/home/flash/ros2_humble/install/osrf_pycommon:/home/flash/ros2_humble/install/launch_testing_examples:/home/flash/ros2_humble/install/domain_coordinator:/home/flash/ros2_humble/install/ament_xmllint:/home/flash/ros2_humble/install/ament_pyflakes:/home/flash/ros2_humble/install/ament_pycodestyle:/home/flash/ros2_humble/install/ament_pep257:/home/flash/ros2_humble/install/ament_pclint:/home/flash/ros2_humble/install/ament_package:/home/flash/ros2_humble/install/ament_mypy:/home/flash/ros2_humble/install/ament_lint_cmake:/home/flash/ros2_humble/install/ament_flake8:/home/flash/ros2_humble/install/ament_copyright:/home/flash/ros2_humble/install/ament_lint:/home/flash/ros2_humble/install/ament_index_python:/home/flash/ros2_humble/install/ament_cpplint:/home/flash/ros2_humble/install/ament_cppcheck:/home/flash/ros2_humble/install/ament_clang_tidy:/home/flash/ros2_humble/install/ament_clang_format:/opt/ros/humble /usr/bin/cmake /home/flash/ros2_workspace/src/pcl_downsampling -DCMAKE_INSTALL_PREFIX=/home/flash/ros2_workspace/install/pcl_downsampling
[2.460s] DEBUG:colcon.colcon_core.event_handler.log_command:Invoking command in '/home/flash/ros2_workspace/src/lidar_downsampling': PYTHONPATH=/home/flash/ros2_workspace/build/lidar_downsampling/prefix_override:/home/flash/ros2_workspace/install/lidar_downsampling/lib/python3.10/site-packages:${PYTHONPATH} /usr/bin/python3 -W ignore:setup.py install is deprecated setup.py egg_info --egg-base ../../build/lidar_downsampling build --build-base /home/flash/ros2_workspace/build/lidar_downsampling/build install --record /home/flash/ros2_workspace/build/lidar_downsampling/install.log --single-version-externally-managed install_data
[3.146s] DEBUG:colcon.colcon_core.event_handler.log_command:Invoked command in '/home/flash/ros2_workspace/src/lidar_downsampling' returned '0': PYTHONPATH=/home/flash/ros2_workspace/build/lidar_downsampling/prefix_override:/home/flash/ros2_workspace/install/lidar_downsampling/lib/python3.10/site-packages:${PYTHONPATH} /usr/bin/python3 -W ignore:setup.py install is deprecated setup.py egg_info --egg-base ../../build/lidar_downsampling build --build-base /home/flash/ros2_workspace/build/lidar_downsampling/build install --record /home/flash/ros2_workspace/build/lidar_downsampling/install.log --single-version-externally-managed install_data
[3.152s] Level 1:colcon.colcon_core.environment:checking '/home/flash/ros2_workspace/install/lidar_downsampling' for CMake module files
[3.152s] Level 1:colcon.colcon_core.environment:checking '/home/flash/ros2_workspace/install/lidar_downsampling' for CMake config files
[3.153s] Level 1:colcon.colcon_core.environment:checking '/home/flash/ros2_workspace/install/lidar_downsampling/lib'
[3.153s] Level 1:colcon.colcon_core.environment:checking '/home/flash/ros2_workspace/install/lidar_downsampling/bin'
[3.153s] Level 1:colcon.colcon_core.environment:checking '/home/flash/ros2_workspace/install/lidar_downsampling/lib/pkgconfig/lidar_downsampling.pc'
[3.153s] Level 1:colcon.colcon_core.environment:checking '/home/flash/ros2_workspace/install/lidar_downsampling/lib/python3.10/site-packages'
[3.153s] Level 1:colcon.colcon_core.shell:create_environment_hook('lidar_downsampling', 'pythonpath')
[3.154s] INFO:colcon.colcon_core.shell:Creating environment hook '/home/flash/ros2_workspace/install/lidar_downsampling/share/lidar_downsampling/hook/pythonpath.ps1'
[3.154s] INFO:colcon.colcon_core.shell:Creating environment descriptor '/home/flash/ros2_workspace/install/lidar_downsampling/share/lidar_downsampling/hook/pythonpath.dsv'
[3.154s] INFO:colcon.colcon_core.shell:Creating environment hook '/home/flash/ros2_workspace/install/lidar_downsampling/share/lidar_downsampling/hook/pythonpath.sh'
[3.155s] Level 1:colcon.colcon_core.environment:checking '/home/flash/ros2_workspace/install/lidar_downsampling/bin'
[3.155s] Level 1:colcon.colcon_core.environment:create_environment_scripts_only(lidar_downsampling)
[3.155s] INFO:colcon.colcon_core.shell:Creating package script '/home/flash/ros2_workspace/install/lidar_downsampling/share/lidar_downsampling/package.ps1'
[3.156s] INFO:colcon.colcon_core.shell:Creating package descriptor '/home/flash/ros2_workspace/install/lidar_downsampling/share/lidar_downsampling/package.dsv'
[3.156s] INFO:colcon.colcon_core.shell:Creating package script '/home/flash/ros2_workspace/install/lidar_downsampling/share/lidar_downsampling/package.sh'
[3.157s] INFO:colcon.colcon_core.shell:Creating package script '/home/flash/ros2_workspace/install/lidar_downsampling/share/lidar_downsampling/package.bash'
[3.158s] INFO:colcon.colcon_core.shell:Creating package script '/home/flash/ros2_workspace/install/lidar_downsampling/share/lidar_downsampling/package.zsh'
[3.158s] Level 1:colcon.colcon_core.environment:create_file_with_runtime_dependencies(/home/flash/ros2_workspace/install/lidar_downsampling/share/colcon-core/packages/lidar_downsampling)
[11.976s] DEBUG:colcon.colcon_core.event_handler.log_command:Invoked command in '/home/flash/ros2_workspace/build/pcl_downsampling' returned '0': CMAKE_PREFIX_PATH=${CMAKE_PREFIX_PATH}:/home/flash/ros2_workspace/install/lidar_downsampling:/home/flash/ros2_humble/install/rqt_bag_plugins:/home/flash/ros2_humble/install/rqt_bag:/home/flash/ros2_humble/install/ros2bag:/home/flash/ros2_humble/install/tracetools_test:/home/flash/ros2_humble/install/tracetools_launch:/home/flash/ros2_humble/install/topic_monitor:/home/flash/ros2_humble/install/tf2_tools:/home/flash/ros2_humble/install/examples_tf2_py:/home/flash/ros2_humble/install/tf2_ros_py:/home/flash/ros2_humble/install/sros2:/home/flash/ros2_humble/install/rqt_topic:/home/flash/ros2_humble/install/rqt_srv:/home/flash/ros2_humble/install/rqt_shell:/home/flash/ros2_humble/install/rqt_service_caller:/home/flash/ros2_humble/install/rqt_reconfigure:/home/flash/ros2_humble/install/rqt_py_console:/home/flash/ros2_humble/install/rqt_publisher:/home/flash/ros2_humble/install/rqt_plot:/home/flash/ros2_humble/install/rqt_action:/home/flash/ros2_humble/install/rqt_msg:/home/flash/ros2_humble/install/rqt_console:/home/flash/ros2_humble/install/rqt:/home/flash/ros2_humble/install/rqt_graph:/home/flash/ros2_humble/install/rqt_gui_py:/home/flash/ros2_humble/install/rqt_gui:/home/flash/ros2_humble/install/ros2trace:/home/flash/ros2_humble/install/ros2topic:/home/flash/ros2_humble/install/ros2test:/home/flash/ros2_humble/install/ros2component:/home/flash/ros2_humble/install/ros2param:/home/flash/ros2_humble/install/ros2lifecycle:/home/flash/ros2_humble/install/ros2service:/home/flash/ros2_humble/install/ros2run:/home/flash/ros2_humble/install/ros2launch:/home/flash/ros2_humble/install/ros2pkg:/home/flash/ros2_humble/install/ros2node:/home/flash/ros2_humble/install/ros2multicast:/home/flash/ros2_humble/install/ros2interface:/home/flash/ros2_humble/install/ros2doctor:/home/flash/ros2_humble/install/ros2action:/home/flash/ros2_humble/install/ros2cli:/home/flash/ros2_humble/install/quality_of_service_demo_py:/home/flash/ros2_humble/install/lifecycle_py:/home/flash/ros2_humble/install/launch_testing_ros:/home/flash/ros2_humble/install/launch_ros:/home/flash/ros2_humble/install/examples_rclpy_pointcloud_publisher:/home/flash/ros2_humble/install/examples_rclpy_minimal_subscriber:/home/flash/ros2_humble/install/examples_rclpy_minimal_service:/home/flash/ros2_humble/install/examples_rclpy_minimal_publisher:/home/flash/ros2_humble/install/examples_rclpy_minimal_client:/home/flash/ros2_humble/install/examples_rclpy_minimal_action_server:/home/flash/ros2_humble/install/examples_rclpy_minimal_action_client:/home/flash/ros2_humble/install/examples_rclpy_guard_conditions:/home/flash/ros2_humble/install/examples_rclpy_executors:/home/flash/ros2_humble/install/demo_nodes_py:/home/flash/ros2_humble/install/action_tutorials_py:/home/flash/ros2_humble/install/ament_uncrustify:/home/flash/ros2_humble/install/tracetools_trace:/home/flash/ros2_humble/install/tracetools_read:/home/flash/ros2_humble/install/test_tracetools_launch:/home/flash/ros2_humble/install/test_launch_ros:/home/flash/ros2_humble/install/sensor_msgs_py:/home/flash/ros2_humble/install/rpyutils:/home/flash/ros2_humble/install/rosidl_runtime_py:/home/flash/ros2_humble/install/rosidl_cli:/home/flash/ros2_humble/install/launch_pytest:/home/flash/ros2_humble/install/launch_testing:/home/flash/ros2_humble/install/launch_yaml:/home/flash/ros2_humble/install/launch_xml:/home/flash/ros2_humble/install/launch:/home/flash/ros2_humble/install/osrf_pycommon:/home/flash/ros2_humble/install/launch_testing_examples:/home/flash/ros2_humble/install/domain_coordinator:/home/flash/ros2_humble/install/ament_xmllint:/home/flash/ros2_humble/install/ament_pyflakes:/home/flash/ros2_humble/install/ament_pycodestyle:/home/flash/ros2_humble/install/ament_pep257:/home/flash/ros2_humble/install/ament_pclint:/home/flash/ros2_humble/install/ament_package:/home/flash/ros2_humble/install/ament_mypy:/home/flash/ros2_humble/install/ament_lint_cmake:/home/flash/ros2_humble/install/ament_flake8:/home/flash/ros2_humble/install/ament_copyright:/home/flash/ros2_humble/install/ament_lint:/home/flash/ros2_humble/install/ament_index_python:/home/flash/ros2_humble/install/ament_cpplint:/home/flash/ros2_humble/install/ament_cppcheck:/home/flash/ros2_humble/install/ament_clang_tidy:/home/flash/ros2_humble/install/ament_clang_format:/opt/ros/humble /usr/bin/cmake /home/flash/ros2_workspace/src/pcl_downsampling -DCMAKE_INSTALL_PREFIX=/home/flash/ros2_workspace/install/pcl_downsampling
[11.978s] DEBUG:colcon.colcon_core.event_handler.log_command:Invoking command in '/home/flash/ros2_workspace/build/pcl_downsampling': CMAKE_PREFIX_PATH=${CMAKE_PREFIX_PATH}:/home/flash/ros2_workspace/install/lidar_downsampling:/home/flash/ros2_humble/install/rqt_bag_plugins:/home/flash/ros2_humble/install/rqt_bag:/home/flash/ros2_humble/install/ros2bag:/home/flash/ros2_humble/install/tracetools_test:/home/flash/ros2_humble/install/tracetools_launch:/home/flash/ros2_humble/install/topic_monitor:/home/flash/ros2_humble/install/tf2_tools:/home/flash/ros2_humble/install/examples_tf2_py:/home/flash/ros2_humble/install/tf2_ros_py:/home/flash/ros2_humble/install/sros2:/home/flash/ros2_humble/install/rqt_topic:/home/flash/ros2_humble/install/rqt_srv:/home/flash/ros2_humble/install/rqt_shell:/home/flash/ros2_humble/install/rqt_service_caller:/home/flash/ros2_humble/install/rqt_reconfigure:/home/flash/ros2_humble/install/rqt_py_console:/home/flash/ros2_humble/install/rqt_publisher:/home/flash/ros2_humble/install/rqt_plot:/home/flash/ros2_humble/install/rqt_action:/home/flash/ros2_humble/install/rqt_msg:/home/flash/ros2_humble/install/rqt_console:/home/flash/ros2_humble/install/rqt:/home/flash/ros2_humble/install/rqt_graph:/home/flash/ros2_humble/install/rqt_gui_py:/home/flash/ros2_humble/install/rqt_gui:/home/flash/ros2_humble/install/ros2trace:/home/flash/ros2_humble/install/ros2topic:/home/flash/ros2_humble/install/ros2test:/home/flash/ros2_humble/install/ros2component:/home/flash/ros2_humble/install/ros2param:/home/flash/ros2_humble/install/ros2lifecycle:/home/flash/ros2_humble/install/ros2service:/home/flash/ros2_humble/install/ros2run:/home/flash/ros2_humble/install/ros2launch:/home/flash/ros2_humble/install/ros2pkg:/home/flash/ros2_humble/install/ros2node:/home/flash/ros2_humble/install/ros2multicast:/home/flash/ros2_humble/install/ros2interface:/home/flash/ros2_humble/install/ros2doctor:/home/flash/ros2_humble/install/ros2action:/home/flash/ros2_humble/install/ros2cli:/home/flash/ros2_humble/install/quality_of_service_demo_py:/home/flash/ros2_humble/install/lifecycle_py:/home/flash/ros2_humble/install/launch_testing_ros:/home/flash/ros2_humble/install/launch_ros:/home/flash/ros2_humble/install/examples_rclpy_pointcloud_publisher:/home/flash/ros2_humble/install/examples_rclpy_minimal_subscriber:/home/flash/ros2_humble/install/examples_rclpy_minimal_service:/home/flash/ros2_humble/install/examples_rclpy_minimal_publisher:/home/flash/ros2_humble/install/examples_rclpy_minimal_client:/home/flash/ros2_humble/install/examples_rclpy_minimal_action_server:/home/flash/ros2_humble/install/examples_rclpy_minimal_action_client:/home/flash/ros2_humble/install/examples_rclpy_guard_conditions:/home/flash/ros2_humble/install/examples_rclpy_executors:/home/flash/ros2_humble/install/demo_nodes_py:/home/flash/ros2_humble/install/action_tutorials_py:/home/flash/ros2_humble/install/ament_uncrustify:/home/flash/ros2_humble/install/tracetools_trace:/home/flash/ros2_humble/install/tracetools_read:/home/flash/ros2_humble/install/test_tracetools_launch:/home/flash/ros2_humble/install/test_launch_ros:/home/flash/ros2_humble/install/sensor_msgs_py:/home/flash/ros2_humble/install/rpyutils:/home/flash/ros2_humble/install/rosidl_runtime_py:/home/flash/ros2_humble/install/rosidl_cli:/home/flash/ros2_humble/install/launch_pytest:/home/flash/ros2_humble/install/launch_testing:/home/flash/ros2_humble/install/launch_yaml:/home/flash/ros2_humble/install/launch_xml:/home/flash/ros2_humble/install/launch:/home/flash/ros2_humble/install/osrf_pycommon:/home/flash/ros2_humble/install/launch_testing_examples:/home/flash/ros2_humble/install/domain_coordinator:/home/flash/ros2_humble/install/ament_xmllint:/home/flash/ros2_humble/install/ament_pyflakes:/home/flash/ros2_humble/install/ament_pycodestyle:/home/flash/ros2_humble/install/ament_pep257:/home/flash/ros2_humble/install/ament_pclint:/home/flash/ros2_humble/install/ament_package:/home/flash/ros2_humble/install/ament_mypy:/home/flash/ros2_humble/install/ament_lint_cmake:/home/flash/ros2_humble/install/ament_flake8:/home/flash/ros2_humble/install/ament_copyright:/home/flash/ros2_humble/install/ament_lint:/home/flash/ros2_humble/install/ament_index_python:/home/flash/ros2_humble/install/ament_cpplint:/home/flash/ros2_humble/install/ament_cppcheck:/home/flash/ros2_humble/install/ament_clang_tidy:/home/flash/ros2_humble/install/ament_clang_format:/opt/ros/humble /usr/bin/cmake --build /home/flash/ros2_workspace/build/pcl_downsampling -- -j12 -l12
[26.368s] DEBUG:colcon.colcon_core.event_handler.log_command:Invoked command in '/home/flash/ros2_workspace/build/pcl_downsampling' returned '0': CMAKE_PREFIX_PATH=${CMAKE_PREFIX_PATH}:/home/flash/ros2_workspace/install/lidar_downsampling:/home/flash/ros2_humble/install/rqt_bag_plugins:/home/flash/ros2_humble/install/rqt_bag:/home/flash/ros2_humble/install/ros2bag:/home/flash/ros2_humble/install/tracetools_test:/home/flash/ros2_humble/install/tracetools_launch:/home/flash/ros2_humble/install/topic_monitor:/home/flash/ros2_humble/install/tf2_tools:/home/flash/ros2_humble/install/examples_tf2_py:/home/flash/ros2_humble/install/tf2_ros_py:/home/flash/ros2_humble/install/sros2:/home/flash/ros2_humble/install/rqt_topic:/home/flash/ros2_humble/install/rqt_srv:/home/flash/ros2_humble/install/rqt_shell:/home/flash/ros2_humble/install/rqt_service_caller:/home/flash/ros2_humble/install/rqt_reconfigure:/home/flash/ros2_humble/install/rqt_py_console:/home/flash/ros2_humble/install/rqt_publisher:/home/flash/ros2_humble/install/rqt_plot:/home/flash/ros2_humble/install/rqt_action:/home/flash/ros2_humble/install/rqt_msg:/home/flash/ros2_humble/install/rqt_console:/home/flash/ros2_humble/install/rqt:/home/flash/ros2_humble/install/rqt_graph:/home/flash/ros2_humble/install/rqt_gui_py:/home/flash/ros2_humble/install/rqt_gui:/home/flash/ros2_humble/install/ros2trace:/home/flash/ros2_humble/install/ros2topic:/home/flash/ros2_humble/install/ros2test:/home/flash/ros2_humble/install/ros2component:/home/flash/ros2_humble/install/ros2param:/home/flash/ros2_humble/install/ros2lifecycle:/home/flash/ros2_humble/install/ros2service:/home/flash/ros2_humble/install/ros2run:/home/flash/ros2_humble/install/ros2launch:/home/flash/ros2_humble/install/ros2pkg:/home/flash/ros2_humble/install/ros2node:/home/flash/ros2_humble/install/ros2multicast:/home/flash/ros2_humble/install/ros2interface:/home/flash/ros2_humble/install/ros2doctor:/home/flash/ros2_humble/install/ros2action:/home/flash/ros2_humble/install/ros2cli:/home/flash/ros2_humble/install/quality_of_service_demo_py:/home/flash/ros2_humble/install/lifecycle_py:/home/flash/ros2_humble/install/launch_testing_ros:/home/flash/ros2_humble/install/launch_ros:/home/flash/ros2_humble/install/examples_rclpy_pointcloud_publisher:/home/flash/ros2_humble/install/examples_rclpy_minimal_subscriber:/home/flash/ros2_humble/install/examples_rclpy_minimal_service:/home/flash/ros2_humble/install/examples_rclpy_minimal_publisher:/home/flash/ros2_humble/install/examples_rclpy_minimal_client:/home/flash/ros2_humble/install/examples_rclpy_minimal_action_server:/home/flash/ros2_humble/install/examples_rclpy_minimal_action_client:/home/flash/ros2_humble/install/examples_rclpy_guard_conditions:/home/flash/ros2_humble/install/examples_rclpy_executors:/home/flash/ros2_humble/install/demo_nodes_py:/home/flash/ros2_humble/install/action_tutorials_py:/home/flash/ros2_humble/install/ament_uncrustify:/home/flash/ros2_humble/install/tracetools_trace:/home/flash/ros2_humble/install/tracetools_read:/home/flash/ros2_humble/install/test_tracetools_launch:/home/flash/ros2_humble/install/test_launch_ros:/home/flash/ros2_humble/install/sensor_msgs_py:/home/flash/ros2_humble/install/rpyutils:/home/flash/ros2_humble/install/rosidl_runtime_py:/home/flash/ros2_humble/install/rosidl_cli:/home/flash/ros2_humble/install/launch_pytest:/home/flash/ros2_humble/install/launch_testing:/home/flash/ros2_humble/install/launch_yaml:/home/flash/ros2_humble/install/launch_xml:/home/flash/ros2_humble/install/launch:/home/flash/ros2_humble/install/osrf_pycommon:/home/flash/ros2_humble/install/launch_testing_examples:/home/flash/ros2_humble/install/domain_coordinator:/home/flash/ros2_humble/install/ament_xmllint:/home/flash/ros2_humble/install/ament_pyflakes:/home/flash/ros2_humble/install/ament_pycodestyle:/home/flash/ros2_humble/install/ament_pep257:/home/flash/ros2_humble/install/ament_pclint:/home/flash/ros2_humble/install/ament_package:/home/flash/ros2_humble/install/ament_mypy:/home/flash/ros2_humble/install/ament_lint_cmake:/home/flash/ros2_humble/install/ament_flake8:/home/flash/ros2_humble/install/ament_copyright:/home/flash/ros2_humble/install/ament_lint:/home/flash/ros2_humble/install/ament_index_python:/home/flash/ros2_humble/install/ament_cpplint:/home/flash/ros2_humble/install/ament_cppcheck:/home/flash/ros2_humble/install/ament_clang_tidy:/home/flash/ros2_humble/install/ament_clang_format:/opt/ros/humble /usr/bin/cmake --build /home/flash/ros2_workspace/build/pcl_downsampling -- -j12 -l12
[26.525s] DEBUG:colcon.colcon_core.event_handler.log_command:Invoking command in '/home/flash/ros2_workspace/build/pcl_downsampling': CMAKE_PREFIX_PATH=${CMAKE_PREFIX_PATH}:/home/flash/ros2_workspace/install/lidar_downsampling:/home/flash/ros2_humble/install/rqt_bag_plugins:/home/flash/ros2_humble/install/rqt_bag:/home/flash/ros2_humble/install/ros2bag:/home/flash/ros2_humble/install/tracetools_test:/home/flash/ros2_humble/install/tracetools_launch:/home/flash/ros2_humble/install/topic_monitor:/home/flash/ros2_humble/install/tf2_tools:/home/flash/ros2_humble/install/examples_tf2_py:/home/flash/ros2_humble/install/tf2_ros_py:/home/flash/ros2_humble/install/sros2:/home/flash/ros2_humble/install/rqt_topic:/home/flash/ros2_humble/install/rqt_srv:/home/flash/ros2_humble/install/rqt_shell:/home/flash/ros2_humble/install/rqt_service_caller:/home/flash/ros2_humble/install/rqt_reconfigure:/home/flash/ros2_humble/install/rqt_py_console:/home/flash/ros2_humble/install/rqt_publisher:/home/flash/ros2_humble/install/rqt_plot:/home/flash/ros2_humble/install/rqt_action:/home/flash/ros2_humble/install/rqt_msg:/home/flash/ros2_humble/install/rqt_console:/home/flash/ros2_humble/install/rqt:/home/flash/ros2_humble/install/rqt_graph:/home/flash/ros2_humble/install/rqt_gui_py:/home/flash/ros2_humble/install/rqt_gui:/home/flash/ros2_humble/install/ros2trace:/home/flash/ros2_humble/install/ros2topic:/home/flash/ros2_humble/install/ros2test:/home/flash/ros2_humble/install/ros2component:/home/flash/ros2_humble/install/ros2param:/home/flash/ros2_humble/install/ros2lifecycle:/home/flash/ros2_humble/install/ros2service:/home/flash/ros2_humble/install/ros2run:/home/flash/ros2_humble/install/ros2launch:/home/flash/ros2_humble/install/ros2pkg:/home/flash/ros2_humble/install/ros2node:/home/flash/ros2_humble/install/ros2multicast:/home/flash/ros2_humble/install/ros2interface:/home/flash/ros2_humble/install/ros2doctor:/home/flash/ros2_humble/install/ros2action:/home/flash/ros2_humble/install/ros2cli:/home/flash/ros2_humble/install/quality_of_service_demo_py:/home/flash/ros2_humble/install/lifecycle_py:/home/flash/ros2_humble/install/launch_testing_ros:/home/flash/ros2_humble/install/launch_ros:/home/flash/ros2_humble/install/examples_rclpy_pointcloud_publisher:/home/flash/ros2_humble/install/examples_rclpy_minimal_subscriber:/home/flash/ros2_humble/install/examples_rclpy_minimal_service:/home/flash/ros2_humble/install/examples_rclpy_minimal_publisher:/home/flash/ros2_humble/install/examples_rclpy_minimal_client:/home/flash/ros2_humble/install/examples_rclpy_minimal_action_server:/home/flash/ros2_humble/install/examples_rclpy_minimal_action_client:/home/flash/ros2_humble/install/examples_rclpy_guard_conditions:/home/flash/ros2_humble/install/examples_rclpy_executors:/home/flash/ros2_humble/install/demo_nodes_py:/home/flash/ros2_humble/install/action_tutorials_py:/home/flash/ros2_humble/install/ament_uncrustify:/home/flash/ros2_humble/install/tracetools_trace:/home/flash/ros2_humble/install/tracetools_read:/home/flash/ros2_humble/install/test_tracetools_launch:/home/flash/ros2_humble/install/test_launch_ros:/home/flash/ros2_humble/install/sensor_msgs_py:/home/flash/ros2_humble/install/rpyutils:/home/flash/ros2_humble/install/rosidl_runtime_py:/home/flash/ros2_humble/install/rosidl_cli:/home/flash/ros2_humble/install/launch_pytest:/home/flash/ros2_humble/install/launch_testing:/home/flash/ros2_humble/install/launch_yaml:/home/flash/ros2_humble/install/launch_xml:/home/flash/ros2_humble/install/launch:/home/flash/ros2_humble/install/osrf_pycommon:/home/flash/ros2_humble/install/launch_testing_examples:/home/flash/ros2_humble/install/domain_coordinator:/home/flash/ros2_humble/install/ament_xmllint:/home/flash/ros2_humble/install/ament_pyflakes:/home/flash/ros2_humble/install/ament_pycodestyle:/home/flash/ros2_humble/install/ament_pep257:/home/flash/ros2_humble/install/ament_pclint:/home/flash/ros2_humble/install/ament_package:/home/flash/ros2_humble/install/ament_mypy:/home/flash/ros2_humble/install/ament_lint_cmake:/home/flash/ros2_humble/install/ament_flake8:/home/flash/ros2_humble/install/ament_copyright:/home/flash/ros2_humble/install/ament_lint:/home/flash/ros2_humble/install/ament_index_python:/home/flash/ros2_humble/install/ament_cpplint:/home/flash/ros2_humble/install/ament_cppcheck:/home/flash/ros2_humble/install/ament_clang_tidy:/home/flash/ros2_humble/install/ament_clang_format:/opt/ros/humble /usr/bin/cmake --install /home/flash/ros2_workspace/build/pcl_downsampling
[26.561s] Level 1:colcon.colcon_core.environment:create_environment_scripts_only(pcl_downsampling)
[26.562s] Level 1:colcon.colcon_core.environment:checking '/home/flash/ros2_workspace/install/pcl_downsampling' for CMake module files
[26.562s] DEBUG:colcon.colcon_core.event_handler.log_command:Invoked command in '/home/flash/ros2_workspace/build/pcl_downsampling' returned '0': CMAKE_PREFIX_PATH=${CMAKE_PREFIX_PATH}:/home/flash/ros2_workspace/install/lidar_downsampling:/home/flash/ros2_humble/install/rqt_bag_plugins:/home/flash/ros2_humble/install/rqt_bag:/home/flash/ros2_humble/install/ros2bag:/home/flash/ros2_humble/install/tracetools_test:/home/flash/ros2_humble/install/tracetools_launch:/home/flash/ros2_humble/install/topic_monitor:/home/flash/ros2_humble/install/tf2_tools:/home/flash/ros2_humble/install/examples_tf2_py:/home/flash/ros2_humble/install/tf2_ros_py:/home/flash/ros2_humble/install/sros2:/home/flash/ros2_humble/install/rqt_topic:/home/flash/ros2_humble/install/rqt_srv:/home/flash/ros2_humble/install/rqt_shell:/home/flash/ros2_humble/install/rqt_service_caller:/home/flash/ros2_humble/install/rqt_reconfigure:/home/flash/ros2_humble/install/rqt_py_console:/home/flash/ros2_humble/install/rqt_publisher:/home/flash/ros2_humble/install/rqt_plot:/home/flash/ros2_humble/install/rqt_action:/home/flash/ros2_humble/install/rqt_msg:/home/flash/ros2_humble/install/rqt_console:/home/flash/ros2_humble/install/rqt:/home/flash/ros2_humble/install/rqt_graph:/home/flash/ros2_humble/install/rqt_gui_py:/home/flash/ros2_humble/install/rqt_gui:/home/flash/ros2_humble/install/ros2trace:/home/flash/ros2_humble/install/ros2topic:/home/flash/ros2_humble/install/ros2test:/home/flash/ros2_humble/install/ros2component:/home/flash/ros2_humble/install/ros2param:/home/flash/ros2_humble/install/ros2lifecycle:/home/flash/ros2_humble/install/ros2service:/home/flash/ros2_humble/install/ros2run:/home/flash/ros2_humble/install/ros2launch:/home/flash/ros2_humble/install/ros2pkg:/home/flash/ros2_humble/install/ros2node:/home/flash/ros2_humble/install/ros2multicast:/home/flash/ros2_humble/install/ros2interface:/home/flash/ros2_humble/install/ros2doctor:/home/flash/ros2_humble/install/ros2action:/home/flash/ros2_humble/install/ros2cli:/home/flash/ros2_humble/install/quality_of_service_demo_py:/home/flash/ros2_humble/install/lifecycle_py:/home/flash/ros2_humble/install/launch_testing_ros:/home/flash/ros2_humble/install/launch_ros:/home/flash/ros2_humble/install/examples_rclpy_pointcloud_publisher:/home/flash/ros2_humble/install/examples_rclpy_minimal_subscriber:/home/flash/ros2_humble/install/examples_rclpy_minimal_service:/home/flash/ros2_humble/install/examples_rclpy_minimal_publisher:/home/flash/ros2_humble/install/examples_rclpy_minimal_client:/home/flash/ros2_humble/install/examples_rclpy_minimal_action_server:/home/flash/ros2_humble/install/examples_rclpy_minimal_action_client:/home/flash/ros2_humble/install/examples_rclpy_guard_conditions:/home/flash/ros2_humble/install/examples_rclpy_executors:/home/flash/ros2_humble/install/demo_nodes_py:/home/flash/ros2_humble/install/action_tutorials_py:/home/flash/ros2_humble/install/ament_uncrustify:/home/flash/ros2_humble/install/tracetools_trace:/home/flash/ros2_humble/install/tracetools_read:/home/flash/ros2_humble/install/test_tracetools_launch:/home/flash/ros2_humble/install/test_launch_ros:/home/flash/ros2_humble/install/sensor_msgs_py:/home/flash/ros2_humble/install/rpyutils:/home/flash/ros2_humble/install/rosidl_runtime_py:/home/flash/ros2_humble/install/rosidl_cli:/home/flash/ros2_humble/install/launch_pytest:/home/flash/ros2_humble/install/launch_testing:/home/flash/ros2_humble/install/launch_yaml:/home/flash/ros2_humble/install/launch_xml:/home/flash/ros2_humble/install/launch:/home/flash/ros2_humble/install/osrf_pycommon:/home/flash/ros2_humble/install/launch_testing_examples:/home/flash/ros2_humble/install/domain_coordinator:/home/flash/ros2_humble/install/ament_xmllint:/home/flash/ros2_humble/install/ament_pyflakes:/home/flash/ros2_humble/install/ament_pycodestyle:/home/flash/ros2_humble/install/ament_pep257:/home/flash/ros2_humble/install/ament_pclint:/home/flash/ros2_humble/install/ament_package:/home/flash/ros2_humble/install/ament_mypy:/home/flash/ros2_humble/install/ament_lint_cmake:/home/flash/ros2_humble/install/ament_flake8:/home/flash/ros2_humble/install/ament_copyright:/home/flash/ros2_humble/install/ament_lint:/home/flash/ros2_humble/install/ament_index_python:/home/flash/ros2_humble/install/ament_cpplint:/home/flash/ros2_humble/install/ament_cppcheck:/home/flash/ros2_humble/install/ament_clang_tidy:/home/flash/ros2_humble/install/ament_clang_format:/opt/ros/humble /usr/bin/cmake --install /home/flash/ros2_workspace/build/pcl_downsampling
[26.563s] Level 1:colcon.colcon_core.environment:checking '/home/flash/ros2_workspace/install/pcl_downsampling' for CMake config files
[26.563s] Level 1:colcon.colcon_core.shell:create_environment_hook('pcl_downsampling', 'cmake_prefix_path')
[26.563s] INFO:colcon.colcon_core.shell:Creating environment hook '/home/flash/ros2_workspace/install/pcl_downsampling/share/pcl_downsampling/hook/cmake_prefix_path.ps1'
[26.564s] INFO:colcon.colcon_core.shell:Creating environment descriptor '/home/flash/ros2_workspace/install/pcl_downsampling/share/pcl_downsampling/hook/cmake_prefix_path.dsv'
[26.564s] INFO:colcon.colcon_core.shell:Creating environment hook '/home/flash/ros2_workspace/install/pcl_downsampling/share/pcl_downsampling/hook/cmake_prefix_path.sh'
[26.564s] Level 1:colcon.colcon_core.environment:checking '/home/flash/ros2_workspace/install/pcl_downsampling/lib'
[26.564s] Level 1:colcon.colcon_core.environment:checking '/home/flash/ros2_workspace/install/pcl_downsampling/bin'
[26.564s] Level 1:colcon.colcon_core.environment:checking '/home/flash/ros2_workspace/install/pcl_downsampling/lib/pkgconfig/pcl_downsampling.pc'
[26.565s] Level 1:colcon.colcon_core.environment:checking '/home/flash/ros2_workspace/install/pcl_downsampling/lib/python3.10/site-packages'
[26.565s] Level 1:colcon.colcon_core.environment:checking '/home/flash/ros2_workspace/install/pcl_downsampling/bin'
[26.565s] INFO:colcon.colcon_core.shell:Creating package script '/home/flash/ros2_workspace/install/pcl_downsampling/share/pcl_downsampling/package.ps1'
[26.565s] INFO:colcon.colcon_core.shell:Creating package descriptor '/home/flash/ros2_workspace/install/pcl_downsampling/share/pcl_downsampling/package.dsv'
[26.566s] INFO:colcon.colcon_core.shell:Creating package script '/home/flash/ros2_workspace/install/pcl_downsampling/share/pcl_downsampling/package.sh'
[26.566s] INFO:colcon.colcon_core.shell:Creating package script '/home/flash/ros2_workspace/install/pcl_downsampling/share/pcl_downsampling/package.bash'
[26.566s] INFO:colcon.colcon_core.shell:Creating package script '/home/flash/ros2_workspace/install/pcl_downsampling/share/pcl_downsampling/package.zsh'
[26.567s] Level 1:colcon.colcon_core.environment:create_file_with_runtime_dependencies(/home/flash/ros2_workspace/install/pcl_downsampling/share/colcon-core/packages/pcl_downsampling)
[26.723s] Level 1:colcon.colcon_core.environment:create_environment_scripts_only(pcl_downsampling)
[26.723s] Level 1:colcon.colcon_core.environment:checking '/home/flash/ros2_workspace/install/pcl_downsampling' for CMake module files
[26.724s] Level 1:colcon.colcon_core.environment:checking '/home/flash/ros2_workspace/install/pcl_downsampling' for CMake config files
[26.724s] Level 1:colcon.colcon_core.shell:create_environment_hook('pcl_downsampling', 'cmake_prefix_path')
[26.724s] INFO:colcon.colcon_core.shell:Creating environment hook '/home/flash/ros2_workspace/install/pcl_downsampling/share/pcl_downsampling/hook/cmake_prefix_path.ps1'
[26.725s] INFO:colcon.colcon_core.shell:Creating environment descriptor '/home/flash/ros2_workspace/install/pcl_downsampling/share/pcl_downsampling/hook/cmake_prefix_path.dsv'
[26.725s] INFO:colcon.colcon_core.shell:Creating environment hook '/home/flash/ros2_workspace/install/pcl_downsampling/share/pcl_downsampling/hook/cmake_prefix_path.sh'
[26.725s] Level 1:colcon.colcon_core.environment:checking '/home/flash/ros2_workspace/install/pcl_downsampling/lib'
[26.726s] Level 1:colcon.colcon_core.environment:checking '/home/flash/ros2_workspace/install/pcl_downsampling/bin'
[26.726s] Level 1:colcon.colcon_core.environment:checking '/home/flash/ros2_workspace/install/pcl_downsampling/lib/pkgconfig/pcl_downsampling.pc'
[26.726s] Level 1:colcon.colcon_core.environment:checking '/home/flash/ros2_workspace/install/pcl_downsampling/lib/python3.10/site-packages'
[26.726s] Level 1:colcon.colcon_core.environment:checking '/home/flash/ros2_workspace/install/pcl_downsampling/bin'
[26.726s] INFO:colcon.colcon_core.shell:Creating package script '/home/flash/ros2_workspace/install/pcl_downsampling/share/pcl_downsampling/package.ps1'
[26.727s] INFO:colcon.colcon_core.shell:Creating package descriptor '/home/flash/ros2_workspace/install/pcl_downsampling/share/pcl_downsampling/package.dsv'
[26.727s] INFO:colcon.colcon_core.shell:Creating package script '/home/flash/ros2_workspace/install/pcl_downsampling/share/pcl_downsampling/package.sh'
[26.727s] INFO:colcon.colcon_core.shell:Creating package script '/home/flash/ros2_workspace/install/pcl_downsampling/share/pcl_downsampling/package.bash'
[26.728s] INFO:colcon.colcon_core.shell:Creating package script '/home/flash/ros2_workspace/install/pcl_downsampling/share/pcl_downsampling/package.zsh'
[26.728s] Level 1:colcon.colcon_core.environment:create_file_with_runtime_dependencies(/home/flash/ros2_workspace/install/pcl_downsampling/share/colcon-core/packages/pcl_downsampling)
[26.728s] DEBUG:colcon.colcon_parallel_executor.executor.parallel:closing loop
[26.728s] DEBUG:colcon.colcon_parallel_executor.executor.parallel:loop closed
[26.728s] DEBUG:colcon.colcon_parallel_executor.executor.parallel:run_until_complete finished with '0'
[26.729s] DEBUG:colcon.colcon_core.event_reactor:joining thread
[26.741s] INFO:colcon.colcon_core.plugin_system:Skipping extension 'colcon_notification.desktop_notification.terminal_notifier': Not used on non-Darwin systems
[26.742s] INFO:colcon.colcon_core.plugin_system:Skipping extension 'colcon_notification.desktop_notification.win32': Not used on non-Windows systems
[26.742s] INFO:colcon.colcon_notification.desktop_notification:Sending desktop notification using 'notify2'
[26.757s] DEBUG:colcon.colcon_core.event_reactor:joined thread
[26.757s] INFO:colcon.colcon_core.shell:Creating prefix script '/home/flash/ros2_workspace/install/local_setup.ps1'
[26.759s] INFO:colcon.colcon_core.shell:Creating prefix util module '/home/flash/ros2_workspace/install/_local_setup_util_ps1.py'
[26.761s] INFO:colcon.colcon_core.shell:Creating prefix chain script '/home/flash/ros2_workspace/install/setup.ps1'
[26.776s] INFO:colcon.colcon_core.shell:Creating prefix script '/home/flash/ros2_workspace/install/local_setup.sh'
[26.777s] INFO:colcon.colcon_core.shell:Creating prefix util module '/home/flash/ros2_workspace/install/_local_setup_util_sh.py'
[26.778s] INFO:colcon.colcon_core.shell:Creating prefix chain script '/home/flash/ros2_workspace/install/setup.sh'
[26.791s] INFO:colcon.colcon_core.shell:Creating prefix script '/home/flash/ros2_workspace/install/local_setup.bash'
[26.792s] INFO:colcon.colcon_core.shell:Creating prefix chain script '/home/flash/ros2_workspace/install/setup.bash'
[26.807s] INFO:colcon.colcon_core.shell:Creating prefix script '/home/flash/ros2_workspace/install/local_setup.zsh'
[26.808s] INFO:colcon.colcon_core.shell:Creating prefix chain script '/home/flash/ros2_workspace/install/setup.zsh'
